2026-02-08T12:22:32.755652Z  INFO tailwindcss_oxide::scanner: Provided sources:
2026-02-08T12:22:32.755763Z  INFO tailwindcss_oxide::scanner: Source: PublicSourceEntry { base: "C:\\dev\\devtalk", pattern: "**/*", negated: false }
2026-02-08T12:22:32.755918Z  INFO tailwindcss_oxide::scanner: Optimized sources:
2026-02-08T12:22:32.755945Z  INFO tailwindcss_oxide::scanner: Source: Auto { base: "C:\\dev\\devtalk" }
2026-02-08T12:22:32.757983Z  INFO scan_sources: tailwindcss_oxide::scanner: enter
2026-02-08T12:22:32.759284Z  INFO scan_sources: tailwindcss_oxide::scanner: Discovering "C:\\dev\\devtalk\\.github"
2026-02-08T12:22:32.759652Z  INFO scan_sources: tailwindcss_oxide::scanner: Discovering "C:\\dev\\devtalk\\.github\\workflows"
2026-02-08T12:22:32.759875Z  INFO scan_sources: tailwindcss_oxide::scanner: Discovering "C:\\dev\\devtalk\\.github\\workflows\\ci.yml"
2026-02-08T12:22:32.760167Z  INFO scan_sources: tailwindcss_oxide::scanner: Discovering "C:\\dev\\devtalk\\app"
2026-02-08T12:22:32.760327Z  INFO scan_sources: tailwindcss_oxide::scanner: Discovering "C:\\dev\\devtalk\\app\\actions"
2026-02-08T12:22:32.760450Z  INFO scan_sources: tailwindcss_oxide::scanner: Discovering "C:\\dev\\devtalk\\app\\actions\\lobby.ts"
2026-02-08T12:22:32.760509Z  INFO scan_sources: tailwindcss_oxide::scanner: Discovering "C:\\dev\\devtalk\\app\\actions\\user.ts"
2026-02-08T12:22:32.760621Z  INFO scan_sources: tailwindcss_oxide::scanner: Discovering "C:\\dev\\devtalk\\app\\api"
2026-02-08T12:22:32.760781Z  INFO scan_sources: tailwindcss_oxide::scanner: Discovering "C:\\dev\\devtalk\\app\\api\\articles"
2026-02-08T12:22:32.760904Z  INFO scan_sources: tailwindcss_oxide::scanner: Discovering "C:\\dev\\devtalk\\app\\api\\articles\\route.ts"
2026-02-08T12:22:32.761035Z  INFO scan_sources: tailwindcss_oxide::scanner: Discovering "C:\\dev\\devtalk\\app\\api\\articles\\[id]"
2026-02-08T12:22:32.761209Z  INFO scan_sources: tailwindcss_oxide::scanner: Discovering "C:\\dev\\devtalk\\app\\api\\articles\\[id]\\read"
2026-02-08T12:22:32.761345Z  INFO scan_sources: tailwindcss_oxide::scanner: Discovering "C:\\dev\\devtalk\\app\\api\\articles\\[id]\\read\\route.ts"
2026-02-08T12:22:32.761491Z  INFO scan_sources: tailwindcss_oxide::scanner: Discovering "C:\\dev\\devtalk\\app\\api\\events"
2026-02-08T12:22:32.761616Z  INFO scan_sources: tailwindcss_oxide::scanner: Discovering "C:\\dev\\devtalk\\app\\api\\events\\route.ts"
2026-02-08T12:22:32.761798Z  INFO scan_sources: tailwindcss_oxide::scanner: Discovering "C:\\dev\\devtalk\\app\\api\\lobbies"
2026-02-08T12:22:32.761930Z  INFO scan_sources: tailwindcss_oxide::scanner: Discovering "C:\\dev\\devtalk\\app\\api\\lobbies\\route.ts"
2026-02-08T12:22:32.762052Z  INFO scan_sources: tailwindcss_oxide::scanner: Discovering "C:\\dev\\devtalk\\app\\api\\memes"
2026-02-08T12:22:32.762172Z  INFO scan_sources: tailwindcss_oxide::scanner: Discovering "C:\\dev\\devtalk\\app\\api\\memes\\route.ts"
2026-02-08T12:22:32.762289Z  INFO scan_sources: tailwindcss_oxide::scanner: Discovering "C:\\dev\\devtalk\\app\\api\\permissions"
2026-02-08T12:22:32.762442Z  INFO scan_sources: tailwindcss_oxide::scanner: Discovering "C:\\dev\\devtalk\\app\\api\\permissions\\lobby"
2026-02-08T12:22:32.762570Z  INFO scan_sources: tailwindcss_oxide::scanner: Discovering "C:\\dev\\devtalk\\app\\api\\permissions\\lobby\\route.ts"
2026-02-08T12:22:32.762715Z  INFO scan_sources: tailwindcss_oxide::scanner: Discovering "C:\\dev\\devtalk\\app\\api\\podcasts"
2026-02-08T12:22:32.762869Z  INFO scan_sources: tailwindcss_oxide::scanner: Discovering "C:\\dev\\devtalk\\app\\api\\podcasts\\route.ts"
2026-02-08T12:22:32.763003Z  INFO scan_sources: tailwindcss_oxide::scanner: Discovering "C:\\dev\\devtalk\\app\\articles"
2026-02-08T12:22:32.763126Z  INFO scan_sources: tailwindcss_oxide::scanner: Discovering "C:\\dev\\devtalk\\app\\articles\\page.tsx"
2026-02-08T12:22:32.763236Z  INFO scan_sources: tailwindcss_oxide::scanner: Discovering "C:\\dev\\devtalk\\app\\articles\\[id]"
2026-02-08T12:22:32.763377Z  INFO scan_sources: tailwindcss_oxide::scanner: Discovering "C:\\dev\\devtalk\\app\\articles\\[id]\\page.tsx"
2026-02-08T12:22:32.763532Z  INFO scan_sources: tailwindcss_oxide::scanner: Discovering "C:\\dev\\devtalk\\app\\articles\\[id]\\_components"
2026-02-08T12:22:32.763663Z  INFO scan_sources: tailwindcss_oxide::scanner: Discovering "C:\\dev\\devtalk\\app\\articles\\[id]\\_components\\MarkAsReadButton.tsx"
2026-02-08T12:22:32.763794Z  INFO scan_sources: tailwindcss_oxide::scanner: Discovering "C:\\dev\\devtalk\\app\\articles\\_components"
2026-02-08T12:22:32.763981Z  INFO scan_sources: tailwindcss_oxide::scanner: Discovering "C:\\dev\\devtalk\\app\\articles\\_components\\ArticleCard.tsx"
2026-02-08T12:22:32.764058Z  INFO scan_sources: tailwindcss_oxide::scanner: Discovering "C:\\dev\\devtalk\\app\\articles\\_components\\CreateArticleDialog.tsx"
2026-02-08T12:22:32.764186Z  INFO scan_sources: tailwindcss_oxide::scanner: Discovering "C:\\dev\\devtalk\\app\\events"
2026-02-08T12:22:32.764310Z  INFO scan_sources: tailwindcss_oxide::scanner: Discovering "C:\\dev\\devtalk\\app\\events\\page.tsx"
2026-02-08T12:22:32.764406Z  INFO scan_sources: tailwindcss_oxide::scanner: Discovering "C:\\dev\\devtalk\\app\\events\\_components"
2026-02-08T12:22:32.764526Z  INFO scan_sources: tailwindcss_oxide::scanner: Discovering "C:\\dev\\devtalk\\app\\events\\_components\\CreateEventDialog.tsx"
2026-02-08T12:22:32.764585Z  INFO scan_sources: tailwindcss_oxide::scanner: Discovering "C:\\dev\\devtalk\\app\\events\\_components\\EventCard.tsx"
2026-02-08T12:22:32.764685Z  INFO scan_sources: tailwindcss_oxide::scanner: Discovering "C:\\dev\\devtalk\\app\\globals.css"
2026-02-08T12:22:32.764742Z  INFO scan_sources: tailwindcss_oxide::scanner: Discovering "C:\\dev\\devtalk\\app\\layout.tsx"
2026-02-08T12:22:32.764845Z  INFO scan_sources: tailwindcss_oxide::scanner: Discovering "C:\\dev\\devtalk\\app\\lobbies"
2026-02-08T12:22:32.764967Z  INFO scan_sources: tailwindcss_oxide::scanner: Discovering "C:\\dev\\devtalk\\app\\lobbies\\page.tsx"
2026-02-08T12:22:32.765062Z  INFO scan_sources: tailwindcss_oxide::scanner: Discovering "C:\\dev\\devtalk\\app\\lobbies\\[id]"
2026-02-08T12:22:32.765229Z  INFO scan_sources: tailwindcss_oxide::scanner: Discovering "C:\\dev\\devtalk\\app\\lobbies\\[id]\\page.tsx"
2026-02-08T12:22:32.765322Z  INFO scan_sources: tailwindcss_oxide::scanner: Discovering "C:\\dev\\devtalk\\app\\lobbies\\[id]\\_components"
2026-02-08T12:22:32.765442Z  INFO scan_sources: tailwindcss_oxide::scanner: Discovering "C:\\dev\\devtalk\\app\\lobbies\\[id]\\_components\\LobbyRoom.tsx"
2026-02-08T12:22:32.765567Z  INFO scan_sources: tailwindcss_oxide::scanner: Discovering "C:\\dev\\devtalk\\app\\lobbies\\_components"
2026-02-08T12:22:32.765705Z  INFO scan_sources: tailwindcss_oxide::scanner: Discovering "C:\\dev\\devtalk\\app\\lobbies\\_components\\CreateLobbyDialog.tsx"
2026-02-08T12:22:32.765807Z  INFO scan_sources: tailwindcss_oxide::scanner: Discovering "C:\\dev\\devtalk\\app\\lobbies\\_components\\LobbyCard.tsx"
2026-02-08T12:22:32.765941Z  INFO scan_sources: tailwindcss_oxide::scanner: Discovering "C:\\dev\\devtalk\\app\\memes"
2026-02-08T12:22:32.766058Z  INFO scan_sources: tailwindcss_oxide::scanner: Discovering "C:\\dev\\devtalk\\app\\memes\\page.tsx"
2026-02-08T12:22:32.766170Z  INFO scan_sources: tailwindcss_oxide::scanner: Discovering "C:\\dev\\devtalk\\app\\memes\\_components"
2026-02-08T12:22:32.766289Z  INFO scan_sources: tailwindcss_oxide::scanner: Discovering "C:\\dev\\devtalk\\app\\memes\\_components\\MemeCard.tsx"
2026-02-08T12:22:32.766347Z  INFO scan_sources: tailwindcss_oxide::scanner: Discovering "C:\\dev\\devtalk\\app\\memes\\_components\\UploadMemeDialog.tsx"
2026-02-08T12:22:32.766440Z  INFO scan_sources: tailwindcss_oxide::scanner: Discovering "C:\\dev\\devtalk\\app\\page.tsx"
2026-02-08T12:22:32.766535Z  INFO scan_sources: tailwindcss_oxide::scanner: Discovering "C:\\dev\\devtalk\\app\\podcasts"
2026-02-08T12:22:32.766658Z  INFO scan_sources: tailwindcss_oxide::scanner: Discovering "C:\\dev\\devtalk\\app\\podcasts\\page.tsx"
2026-02-08T12:22:32.766829Z  INFO scan_sources: tailwindcss_oxide::scanner: Discovering "C:\\dev\\devtalk\\app\\podcasts\\_components"
2026-02-08T12:22:32.767064Z  INFO scan_sources: tailwindcss_oxide::scanner: Discovering "C:\\dev\\devtalk\\app\\podcasts\\_components\\PodcastCard.tsx"
2026-02-08T12:22:32.767160Z  INFO scan_sources: tailwindcss_oxide::scanner: Discovering "C:\\dev\\devtalk\\app\\podcasts\\_components\\UploadPodcastDialog.tsx"
2026-02-08T12:22:32.767385Z  INFO scan_sources: tailwindcss_oxide::scanner: Discovering "C:\\dev\\devtalk\\app\\profile"
2026-02-08T12:22:32.767569Z  INFO scan_sources: tailwindcss_oxide::scanner: Discovering "C:\\dev\\devtalk\\app\\profile\\page.tsx"
2026-02-08T12:22:32.767668Z  INFO scan_sources: tailwindcss_oxide::scanner: Discovering "C:\\dev\\devtalk\\app\\profile\\_components"
2026-02-08T12:22:32.767788Z  INFO scan_sources: tailwindcss_oxide::scanner: Discovering "C:\\dev\\devtalk\\app\\profile\\_components\\ProfileForm.tsx"
2026-02-08T12:22:32.767858Z  INFO scan_sources: tailwindcss_oxide::scanner: Discovering "C:\\dev\\devtalk\\app\\profile\\_components\\TechStackEditor.tsx"
2026-02-08T12:22:32.768010Z  INFO scan_sources: tailwindcss_oxide::scanner: Discovering "C:\\dev\\devtalk\\components"
2026-02-08T12:22:32.768126Z  INFO scan_sources: tailwindcss_oxide::scanner: Discovering "C:\\dev\\devtalk\\components\\Navbar.tsx"
2026-02-08T12:22:32.768220Z  INFO scan_sources: tailwindcss_oxide::scanner: Discovering "C:\\dev\\devtalk\\components\\ui"
2026-02-08T12:22:32.768353Z  INFO scan_sources: tailwindcss_oxide::scanner: Discovering "C:\\dev\\devtalk\\components\\ui\\alert.tsx"
2026-02-08T12:22:32.768412Z  INFO scan_sources: tailwindcss_oxide::scanner: Discovering "C:\\dev\\devtalk\\components\\ui\\avatar.tsx"
2026-02-08T12:22:32.768470Z  INFO scan_sources: tailwindcss_oxide::scanner: Discovering "C:\\dev\\devtalk\\components\\ui\\badge.tsx"
2026-02-08T12:22:32.768526Z  INFO scan_sources: tailwindcss_oxide::scanner: Discovering "C:\\dev\\devtalk\\components\\ui\\button.tsx"
2026-02-08T12:22:32.768580Z  INFO scan_sources: tailwindcss_oxide::scanner: Discovering "C:\\dev\\devtalk\\components\\ui\\card.tsx"
2026-02-08T12:22:32.768636Z  INFO scan_sources: tailwindcss_oxide::scanner: Discovering "C:\\dev\\devtalk\\components\\ui\\dialog.tsx"
2026-02-08T12:22:32.768691Z  INFO scan_sources: tailwindcss_oxide::scanner: Discovering "C:\\dev\\devtalk\\components\\ui\\dropdown-menu.tsx"
2026-02-08T12:22:32.768747Z  INFO scan_sources: tailwindcss_oxide::scanner: Discovering "C:\\dev\\devtalk\\components\\ui\\input.tsx"
2026-02-08T12:22:32.768802Z  INFO scan_sources: tailwindcss_oxide::scanner: Discovering "C:\\dev\\devtalk\\components\\ui\\label.tsx"
2026-02-08T12:22:32.768858Z  INFO scan_sources: tailwindcss_oxide::scanner: Discovering "C:\\dev\\devtalk\\components\\ui\\scroll-area.tsx"
2026-02-08T12:22:32.768912Z  INFO scan_sources: tailwindcss_oxide::scanner: Discovering "C:\\dev\\devtalk\\components\\ui\\sonner.tsx"
2026-02-08T12:22:32.768982Z  INFO scan_sources: tailwindcss_oxide::scanner: Discovering "C:\\dev\\devtalk\\components\\ui\\textarea.tsx"
2026-02-08T12:22:32.769084Z  INFO scan_sources: tailwindcss_oxide::scanner: Discovering "C:\\dev\\devtalk\\components.json"
2026-02-08T12:22:32.769144Z  INFO scan_sources: tailwindcss_oxide::scanner: Discovering "C:\\dev\\devtalk\\DESIGN-SYSTEM.md"
2026-02-08T12:22:32.769201Z  INFO scan_sources: tailwindcss_oxide::scanner: Discovering "C:\\dev\\devtalk\\docker-compose.yml"
2026-02-08T12:22:32.769271Z  INFO scan_sources: tailwindcss_oxide::scanner: Discovering "C:\\dev\\devtalk\\eslint.config.mjs"
2026-02-08T12:22:32.769418Z  INFO scan_sources: tailwindcss_oxide::scanner: Discovering "C:\\dev\\devtalk\\lib"
2026-02-08T12:22:32.769585Z  INFO scan_sources: tailwindcss_oxide::scanner: Discovering "C:\\dev\\devtalk\\lib\\db.ts"
2026-02-08T12:22:32.769661Z  INFO scan_sources: tailwindcss_oxide::scanner: Discovering "C:\\dev\\devtalk\\lib\\permissions.ts"
2026-02-08T12:22:32.769865Z  INFO scan_sources: tailwindcss_oxide::scanner: Discovering "C:\\dev\\devtalk\\lib\\points.ts"
2026-02-08T12:22:32.769987Z  INFO scan_sources: tailwindcss_oxide::scanner: Discovering "C:\\dev\\devtalk\\lib\\pusher.ts"
2026-02-08T12:22:32.770110Z  INFO scan_sources: tailwindcss_oxide::scanner: Discovering "C:\\dev\\devtalk\\lib\\utils.ts"
2026-02-08T12:22:32.770246Z  INFO scan_sources: tailwindcss_oxide::scanner: Discovering "C:\\dev\\devtalk\\middleware.ts"
2026-02-08T12:22:32.770323Z  INFO scan_sources: tailwindcss_oxide::scanner: Discovering "C:\\dev\\devtalk\\next.config.ts"
2026-02-08T12:22:32.770565Z  INFO scan_sources: tailwindcss_oxide::scanner: Discovering "C:\\dev\\devtalk\\package.json"
2026-02-08T12:22:32.770629Z  INFO scan_sources: tailwindcss_oxide::scanner: Discovering "C:\\dev\\devtalk\\postcss.config.mjs"
2026-02-08T12:22:32.770735Z  INFO scan_sources: tailwindcss_oxide::scanner: Discovering "C:\\dev\\devtalk\\prisma"
2026-02-08T12:22:32.770903Z  INFO scan_sources: tailwindcss_oxide::scanner: Discovering "C:\\dev\\devtalk\\prisma\\client"
2026-02-08T12:22:32.771044Z  INFO scan_sources: tailwindcss_oxide::scanner: Discovering "C:\\dev\\devtalk\\prisma\\client\\client.d.ts"
2026-02-08T12:22:32.771165Z  INFO scan_sources: tailwindcss_oxide::scanner: Discovering "C:\\dev\\devtalk\\prisma\\client\\client.js"
2026-02-08T12:22:32.771229Z  INFO scan_sources: tailwindcss_oxide::scanner: Discovering "C:\\dev\\devtalk\\prisma\\client\\default.d.ts"
2026-02-08T12:22:32.771287Z  INFO scan_sources: tailwindcss_oxide::scanner: Discovering "C:\\dev\\devtalk\\prisma\\client\\default.js"
2026-02-08T12:22:32.771386Z  INFO scan_sources: tailwindcss_oxide::scanner: Discovering "C:\\dev\\devtalk\\prisma\\client\\edge.d.ts"
2026-02-08T12:22:32.771455Z  INFO scan_sources: tailwindcss_oxide::scanner: Discovering "C:\\dev\\devtalk\\prisma\\client\\edge.js"
2026-02-08T12:22:32.771510Z  INFO scan_sources: tailwindcss_oxide::scanner: Discovering "C:\\dev\\devtalk\\prisma\\client\\index-browser.js"
2026-02-08T12:22:32.771564Z  INFO scan_sources: tailwindcss_oxide::scanner: Discovering "C:\\dev\\devtalk\\prisma\\client\\index.d.ts"
2026-02-08T12:22:32.771619Z  INFO scan_sources: tailwindcss_oxide::scanner: Discovering "C:\\dev\\devtalk\\prisma\\client\\index.js"
2026-02-08T12:22:32.771676Z  INFO scan_sources: tailwindcss_oxide::scanner: Discovering "C:\\dev\\devtalk\\prisma\\client\\package.json"
2026-02-08T12:22:32.771794Z  INFO scan_sources: tailwindcss_oxide::scanner: Discovering "C:\\dev\\devtalk\\prisma\\client\\query_compiler_fast_bg.js"
2026-02-08T12:22:32.771887Z  INFO scan_sources: tailwindcss_oxide::scanner: Discovering "C:\\dev\\devtalk\\prisma\\client\\query_compiler_fast_bg.wasm-base64.js"
2026-02-08T12:22:32.772029Z  INFO scan_sources: tailwindcss_oxide::scanner: Discovering "C:\\dev\\devtalk\\prisma\\client\\runtime"
2026-02-08T12:22:32.772173Z  INFO scan_sources: tailwindcss_oxide::scanner: Discovering "C:\\dev\\devtalk\\prisma\\client\\runtime\\client.d.ts"
2026-02-08T12:22:32.772232Z  INFO scan_sources: tailwindcss_oxide::scanner: Discovering "C:\\dev\\devtalk\\prisma\\client\\runtime\\client.js"
2026-02-08T12:22:32.772295Z  INFO scan_sources: tailwindcss_oxide::scanner: Discovering "C:\\dev\\devtalk\\prisma\\client\\runtime\\index-browser.d.ts"
2026-02-08T12:22:32.772398Z  INFO scan_sources: tailwindcss_oxide::scanner: Discovering "C:\\dev\\devtalk\\prisma\\client\\runtime\\index-browser.js"
2026-02-08T12:22:32.772490Z  INFO scan_sources: tailwindcss_oxide::scanner: Discovering "C:\\dev\\devtalk\\prisma\\client\\runtime\\wasm-compiler-edge.js"
2026-02-08T12:22:32.772661Z  INFO scan_sources: tailwindcss_oxide::scanner: Discovering "C:\\dev\\devtalk\\prisma\\client\\schema.prisma"
2026-02-08T12:22:32.772731Z  INFO scan_sources: tailwindcss_oxide::scanner: Discovering "C:\\dev\\devtalk\\prisma\\client\\wasm-edge-light-loader.mjs"
2026-02-08T12:22:32.772793Z  INFO scan_sources: tailwindcss_oxide::scanner: Discovering "C:\\dev\\devtalk\\prisma\\client\\wasm-worker-loader.mjs"
2026-02-08T12:22:32.772909Z  INFO scan_sources: tailwindcss_oxide::scanner: Discovering "C:\\dev\\devtalk\\prisma\\schema.prisma"
2026-02-08T12:22:32.772993Z  INFO scan_sources: tailwindcss_oxide::scanner: Discovering "C:\\dev\\devtalk\\prisma.config.ts"
2026-02-08T12:22:32.773164Z  INFO scan_sources: tailwindcss_oxide::scanner: Discovering "C:\\dev\\devtalk\\public"
2026-02-08T12:22:32.773305Z  INFO scan_sources: tailwindcss_oxide::scanner: Discovering "C:\\dev\\devtalk\\public\\file.svg"
2026-02-08T12:22:32.773400Z  INFO scan_sources: tailwindcss_oxide::scanner: Discovering "C:\\dev\\devtalk\\public\\globe.svg"
2026-02-08T12:22:32.773462Z  INFO scan_sources: tailwindcss_oxide::scanner: Discovering "C:\\dev\\devtalk\\public\\next.svg"
2026-02-08T12:22:32.773538Z  INFO scan_sources: tailwindcss_oxide::scanner: Discovering "C:\\dev\\devtalk\\public\\vercel.svg"
2026-02-08T12:22:32.773597Z  INFO scan_sources: tailwindcss_oxide::scanner: Discovering "C:\\dev\\devtalk\\public\\window.svg"
2026-02-08T12:22:32.773674Z  INFO scan_sources: tailwindcss_oxide::scanner: Discovering "C:\\dev\\devtalk\\README.md"
2026-02-08T12:22:32.773782Z  INFO scan_sources: tailwindcss_oxide::scanner: Discovering "C:\\dev\\devtalk\\test-db.js"
2026-02-08T12:22:32.773863Z  INFO scan_sources: tailwindcss_oxide::scanner: Discovering "C:\\dev\\devtalk\\tsconfig.json"
2026-02-08T12:22:32.773968Z  INFO scan_sources: tailwindcss_oxide::scanner: exit
2026-02-08T12:22:32.773979Z  INFO extract_candidates: tailwindcss_oxide::scanner: enter
2026-02-08T12:22:32.773986Z  INFO extract_candidates:read_all_files: tailwindcss_oxide::scanner: enter
2026-02-08T12:22:32.773991Z  INFO extract_candidates:read_all_files: tailwindcss_oxide::scanner: Reading 90 file(s)
2026-02-08T12:22:32.774647Z  INFO tailwindcss_oxide::scanner: Reading "C:\\dev\\devtalk\\app\\articles\\[id]\\page.tsx"
2026-02-08T12:22:32.774649Z  INFO tailwindcss_oxide::scanner: Reading "C:\\dev\\devtalk\\app\\lobbies\\_components\\CreateLobbyDialog.tsx"
2026-02-08T12:22:32.774661Z  INFO tailwindcss_oxide::scanner: Reading "C:\\dev\\devtalk\\components\\ui\\sonner.tsx"
2026-02-08T12:22:32.774658Z  INFO tailwindcss_oxide::scanner: Reading "C:\\dev\\devtalk\\.github\\workflows\\ci.yml"
2026-02-08T12:22:32.774672Z  INFO tailwindcss_oxide::scanner: Reading "C:\\dev\\devtalk\\app\\api\\events\\route.ts"
2026-02-08T12:22:32.774741Z  INFO tailwindcss_oxide::scanner: Reading "C:\\dev\\devtalk\\app\\actions\\user.ts"
2026-02-08T12:22:32.774764Z  INFO tailwindcss_oxide::scanner: Reading "C:\\dev\\devtalk\\app\\lobbies\\_components\\LobbyCard.tsx"
2026-02-08T12:22:32.774768Z  INFO tailwindcss_oxide::scanner: Reading "C:\\dev\\devtalk\\components\\ui\\textarea.tsx"
2026-02-08T12:22:32.774778Z  INFO tailwindcss_oxide::scanner: Reading "C:\\dev\\devtalk\\app\\actions\\lobby.ts"
2026-02-08T12:22:32.774783Z  INFO tailwindcss_oxide::scanner: Reading "C:\\dev\\devtalk\\app\\articles\\[id]\\_components\\MarkAsReadButton.tsx"
2026-02-08T12:22:32.774799Z  INFO tailwindcss_oxide::scanner: Reading "C:\\dev\\devtalk\\app\\api\\lobbies\\route.ts"
2026-02-08T12:22:32.774873Z  INFO tailwindcss_oxide::scanner: Reading "C:\\dev\\devtalk\\components.json"
2026-02-08T12:22:32.774874Z  INFO tailwindcss_oxide::scanner: Reading "C:\\dev\\devtalk\\app\\memes\\page.tsx"
2026-02-08T12:22:32.774874Z  INFO tailwindcss_oxide::scanner: Reading "C:\\dev\\devtalk\\app\\events\\_components\\CreateEventDialog.tsx"
2026-02-08T12:22:32.774884Z  INFO tailwindcss_oxide::scanner: Reading "C:\\dev\\devtalk\\app\\api\\articles\\route.ts"
2026-02-08T12:22:32.774907Z  INFO tailwindcss_oxide::scanner: Reading "C:\\dev\\devtalk\\app\\api\\memes\\route.ts"
2026-02-08T12:22:32.774915Z  INFO tailwindcss_oxide::scanner: Reading "C:\\dev\\devtalk\\app\\api\\articles\\[id]\\read\\route.ts"
2026-02-08T12:22:32.774966Z  INFO tailwindcss_oxide::scanner: Reading "C:\\dev\\devtalk\\app\\articles\\_components\\ArticleCard.tsx"
2026-02-08T12:22:32.774974Z  INFO tailwindcss_oxide::scanner: Reading "C:\\dev\\devtalk\\app\\memes\\_components\\MemeCard.tsx"
2026-02-08T12:22:32.774987Z  INFO tailwindcss_oxide::scanner: Reading "C:\\dev\\devtalk\\DESIGN-SYSTEM.md"
2026-02-08T12:22:32.775037Z  INFO tailwindcss_oxide::scanner: Reading "C:\\dev\\devtalk\\app\\articles\\_components\\CreateArticleDialog.tsx"
2026-02-08T12:22:32.774991Z  INFO tailwindcss_oxide::scanner: Reading "C:\\dev\\devtalk\\app\\events\\_components\\EventCard.tsx"
2026-02-08T12:22:32.775048Z  INFO tailwindcss_oxide::scanner: Reading "C:\\dev\\devtalk\\app\\profile\\_components\\TechStackEditor.tsx"
2026-02-08T12:22:32.775135Z  INFO tailwindcss_oxide::scanner: Reading "C:\\dev\\devtalk\\app\\events\\page.tsx"
2026-02-08T12:22:32.775144Z  INFO tailwindcss_oxide::scanner: Reading "C:\\dev\\devtalk\\app\\lobbies\\page.tsx"
2026-02-08T12:22:32.775092Z  INFO tailwindcss_oxide::scanner: Reading "C:\\dev\\devtalk\\app\\api\\permissions\\lobby\\route.ts"
2026-02-08T12:22:32.775172Z  INFO tailwindcss_oxide::scanner: Reading "C:\\dev\\devtalk\\app\\api\\podcasts\\route.ts"
2026-02-08T12:22:32.775201Z  INFO tailwindcss_oxide::scanner: Reading "C:\\dev\\devtalk\\docker-compose.yml"
2026-02-08T12:22:32.775213Z  INFO tailwindcss_oxide::scanner: Reading "C:\\dev\\devtalk\\app\\articles\\page.tsx"
2026-02-08T12:22:32.775205Z  INFO tailwindcss_oxide::scanner: Reading "C:\\dev\\devtalk\\prisma\\client\\index.d.ts"
2026-02-08T12:22:32.775156Z  INFO tailwindcss_oxide::scanner: Reading "C:\\dev\\devtalk\\app\\memes\\_components\\UploadMemeDialog.tsx"
2026-02-08T12:22:32.775225Z  INFO tailwindcss_oxide::scanner: Reading "C:\\dev\\devtalk\\components\\Navbar.tsx"
2026-02-08T12:22:32.775227Z  INFO tailwindcss_oxide::scanner: Reading "C:\\dev\\devtalk\\middleware.ts"
2026-02-08T12:22:32.775274Z  INFO tailwindcss_oxide::scanner: Reading "C:\\dev\\devtalk\\components\\ui\\card.tsx"
2026-02-08T12:22:32.775293Z  INFO tailwindcss_oxide::scanner: Reading "C:\\dev\\devtalk\\public\\next.svg"
2026-02-08T12:22:32.775253Z  INFO tailwindcss_oxide::scanner: Reading "C:\\dev\\devtalk\\app\\lobbies\\[id]\\page.tsx"
2026-02-08T12:22:32.775247Z  INFO tailwindcss_oxide::scanner: Reading "C:\\dev\\devtalk\\prisma\\client\\wasm-edge-light-loader.mjs"
2026-02-08T12:22:32.775296Z  INFO tailwindcss_oxide::scanner: Reading "C:\\dev\\devtalk\\lib\\db.ts"
2026-02-08T12:22:32.775363Z  INFO tailwindcss_oxide::scanner: Reading "C:\\dev\\devtalk\\app\\page.tsx"
2026-02-08T12:22:32.775372Z  INFO tailwindcss_oxide::scanner: Reading "C:\\dev\\devtalk\\components\\ui\\alert.tsx"
2026-02-08T12:22:32.775381Z  INFO tailwindcss_oxide::scanner: Reading "C:\\dev\\devtalk\\lib\\pusher.ts"
2026-02-08T12:22:32.775293Z  INFO tailwindcss_oxide::scanner: Reading "C:\\dev\\devtalk\\eslint.config.mjs"
2026-02-08T12:22:32.775217Z  INFO tailwindcss_oxide::scanner: Reading "C:\\dev\\devtalk\\app\\layout.tsx"
2026-02-08T12:22:32.775434Z  INFO tailwindcss_oxide::scanner: Reading "C:\\dev\\devtalk\\README.md"
2026-02-08T12:22:32.775408Z  INFO tailwindcss_oxide::scanner: Reading "C:\\dev\\devtalk\\app\\lobbies\\[id]\\_components\\LobbyRoom.tsx"
2026-02-08T12:22:32.775465Z  INFO tailwindcss_oxide::scanner: Reading "C:\\dev\\devtalk\\next.config.ts"
2026-02-08T12:22:32.775308Z  INFO tailwindcss_oxide::scanner: Reading "C:\\dev\\devtalk\\lib\\points.ts"
2026-02-08T12:22:32.775449Z  INFO tailwindcss_oxide::scanner: Reading "C:\\dev\\devtalk\\components\\ui\\dialog.tsx"
2026-02-08T12:22:32.775492Z  INFO tailwindcss_oxide::scanner: Reading "C:\\dev\\devtalk\\prisma\\client\\wasm-worker-loader.mjs"
2026-02-08T12:22:32.775484Z  INFO tailwindcss_oxide::scanner: Reading "C:\\dev\\devtalk\\components\\ui\\avatar.tsx"
2026-02-08T12:22:32.775499Z  INFO tailwindcss_oxide::scanner: Reading "C:\\dev\\devtalk\\lib\\utils.ts"
2026-02-08T12:22:32.775468Z  INFO tailwindcss_oxide::scanner: Reading "C:\\dev\\devtalk\\app\\podcasts\\page.tsx"
2026-02-08T12:22:32.775455Z  INFO tailwindcss_oxide::scanner: Reading "C:\\dev\\devtalk\\lib\\permissions.ts"
2026-02-08T12:22:32.775445Z  INFO tailwindcss_oxide::scanner: Reading "C:\\dev\\devtalk\\public\\vercel.svg"
2026-02-08T12:22:32.775539Z  INFO tailwindcss_oxide::scanner: Reading "C:\\dev\\devtalk\\test-db.js"
2026-02-08T12:22:32.775668Z  INFO tailwindcss_oxide::scanner: Reading "C:\\dev\\devtalk\\prisma\\client\\runtime\\index-browser.d.ts"
2026-02-08T12:22:32.775696Z  INFO tailwindcss_oxide::scanner: Reading "C:\\dev\\devtalk\\app\\podcasts\\_components\\PodcastCard.tsx"
2026-02-08T12:22:32.775700Z  INFO tailwindcss_oxide::scanner: Reading "C:\\dev\\devtalk\\prisma\\client\\index.js"
2026-02-08T12:22:32.775627Z  INFO tailwindcss_oxide::scanner: Reading "C:\\dev\\devtalk\\prisma\\schema.prisma"
2026-02-08T12:22:32.775604Z  INFO tailwindcss_oxide::scanner: Reading "C:\\dev\\devtalk\\package.json"
2026-02-08T12:22:32.775741Z  INFO tailwindcss_oxide::scanner: Reading "C:\\dev\\devtalk\\public\\window.svg"
2026-02-08T12:22:32.775749Z  INFO tailwindcss_oxide::scanner: Reading "C:\\dev\\devtalk\\components\\ui\\dropdown-menu.tsx"
2026-02-08T12:22:32.775725Z  INFO tailwindcss_oxide::scanner: Reading "C:\\dev\\devtalk\\prisma\\client\\runtime\\index-browser.js"
2026-02-08T12:22:32.775769Z  INFO tailwindcss_oxide::scanner: Reading "C:\\dev\\devtalk\\prisma\\client\\runtime\\client.d.ts"
2026-02-08T12:22:32.775745Z  INFO tailwindcss_oxide::scanner: Reading "C:\\dev\\devtalk\\tsconfig.json"
2026-02-08T12:22:32.775785Z  INFO tailwindcss_oxide::scanner: Reading "C:\\dev\\devtalk\\components\\ui\\label.tsx"
2026-02-08T12:22:32.775718Z  INFO tailwindcss_oxide::scanner: Reading "C:\\dev\\devtalk\\components\\ui\\input.tsx"
2026-02-08T12:22:32.775697Z  INFO tailwindcss_oxide::scanner: Reading "C:\\dev\\devtalk\\prisma\\client\\schema.prisma"
2026-02-08T12:22:32.775723Z  INFO tailwindcss_oxide::scanner: Reading "C:\\dev\\devtalk\\components\\ui\\badge.tsx"
2026-02-08T12:22:32.775809Z  INFO tailwindcss_oxide::scanner: Reading "C:\\dev\\devtalk\\app\\podcasts\\_components\\UploadPodcastDialog.tsx"
2026-02-08T12:22:32.775841Z  INFO tailwindcss_oxide::scanner: Reading "C:\\dev\\devtalk\\prisma\\client\\runtime\\wasm-compiler-edge.js"
2026-02-08T12:22:32.775844Z  INFO tailwindcss_oxide::scanner: Reading "C:\\dev\\devtalk\\components\\ui\\button.tsx"
2026-02-08T12:22:32.775817Z  INFO tailwindcss_oxide::scanner: Reading "C:\\dev\\devtalk\\prisma.config.ts"
2026-02-08T12:22:32.775903Z  INFO tailwindcss_oxide::scanner: Reading "C:\\dev\\devtalk\\postcss.config.mjs"
2026-02-08T12:22:32.775920Z  INFO tailwindcss_oxide::scanner: Reading "C:\\dev\\devtalk\\app\\profile\\page.tsx"
2026-02-08T12:22:32.775916Z  INFO tailwindcss_oxide::scanner: Reading "C:\\dev\\devtalk\\prisma\\client\\client.js"
2026-02-08T12:22:32.775943Z  INFO tailwindcss_oxide::scanner: Reading "C:\\dev\\devtalk\\prisma\\client\\edge.d.ts"
2026-02-08T12:22:32.775855Z  INFO tailwindcss_oxide::scanner: Reading "C:\\dev\\devtalk\\prisma\\client\\query_compiler_fast_bg.js"
2026-02-08T12:22:32.775943Z  INFO tailwindcss_oxide::scanner: Reading "C:\\dev\\devtalk\\prisma\\client\\client.d.ts"
2026-02-08T12:22:32.775978Z  INFO tailwindcss_oxide::scanner: Reading "C:\\dev\\devtalk\\app\\profile\\_components\\ProfileForm.tsx"
2026-02-08T12:22:32.775921Z  INFO tailwindcss_oxide::scanner: Reading "C:\\dev\\devtalk\\components\\ui\\scroll-area.tsx"
2026-02-08T12:22:32.776032Z  INFO tailwindcss_oxide::scanner: Reading "C:\\dev\\devtalk\\prisma\\client\\index-browser.js"
2026-02-08T12:22:32.775859Z  INFO tailwindcss_oxide::scanner: Reading "C:\\dev\\devtalk\\prisma\\client\\package.json"
2026-02-08T12:22:32.776060Z  INFO tailwindcss_oxide::scanner: Reading "C:\\dev\\devtalk\\prisma\\client\\default.d.ts"
2026-02-08T12:22:32.775812Z  INFO tailwindcss_oxide::scanner: Reading "C:\\dev\\devtalk\\prisma\\client\\runtime\\client.js"
2026-02-08T12:22:32.775998Z  INFO tailwindcss_oxide::scanner: Reading "C:\\dev\\devtalk\\prisma\\client\\edge.js"
2026-02-08T12:22:32.776117Z  INFO tailwindcss_oxide::scanner: Reading "C:\\dev\\devtalk\\prisma\\client\\default.js"
2026-02-08T12:22:32.775967Z  INFO tailwindcss_oxide::scanner: Reading "C:\\dev\\devtalk\\public\\file.svg"
2026-02-08T12:22:32.776063Z  INFO tailwindcss_oxide::scanner: Reading "C:\\dev\\devtalk\\public\\globe.svg"
2026-02-08T12:22:32.779141Z  INFO tailwindcss_oxide::scanner: Reading "C:\\dev\\devtalk\\prisma\\client\\query_compiler_fast_bg.wasm-base64.js"
2026-02-08T12:22:32.780996Z  INFO extract_candidates:read_all_files: tailwindcss_oxide::scanner: exit
2026-02-08T12:22:32.781028Z  INFO extract_candidates:parse_all_blobs: tailwindcss_oxide::scanner: enter
2026-02-08T12:22:32.781036Z  INFO extract_candidates:parse_all_blobs:extract: tailwindcss_oxide::scanner: enter
2026-02-08T12:22:32.798256Z  INFO extract_candidates:parse_all_blobs:extract: tailwindcss_oxide::scanner: exit
2026-02-08T12:22:32.798768Z  INFO extract_candidates:parse_all_blobs: tailwindcss_oxide::scanner: exit
2026-02-08T12:22:32.798779Z  INFO extract_candidates:read_all_files: tailwindcss_oxide::scanner: enter
2026-02-08T12:22:32.798783Z  INFO extract_candidates:read_all_files: tailwindcss_oxide::scanner: Reading 1 file(s)
2026-02-08T12:22:32.798951Z  INFO extract_candidates:read_all_files: tailwindcss_oxide::scanner: Reading "C:\\dev\\devtalk\\app\\globals.css"
2026-02-08T12:22:32.798962Z  INFO extract_candidates:read_all_files: tailwindcss_oxide::scanner: exit
2026-02-08T12:22:32.798971Z  INFO extract_candidates:extract_css_variables: tailwindcss_oxide::scanner: enter
2026-02-08T12:22:32.798975Z  INFO extract_candidates:extract_css_variables:extract: tailwindcss_oxide::scanner: enter
2026-02-08T12:22:32.799083Z  INFO extract_candidates:extract_css_variables:extract: tailwindcss_oxide::scanner: exit
2026-02-08T12:22:32.799110Z  INFO extract_candidates:extract_css_variables: tailwindcss_oxide::scanner: exit
2026-02-08T12:22:32.800503Z  INFO extract_candidates: tailwindcss_oxide::scanner: exit
2026-02-08T12:22:32.802111Z  INFO get_files: tailwindcss_oxide::scanner: enter
2026-02-08T12:22:32.802130Z  INFO get_files:scan_sources: tailwindcss_oxide::scanner: enter
2026-02-08T12:22:32.803663Z  INFO get_files:scan_sources: tailwindcss_oxide::scanner: Discovering "C:\\dev\\devtalk\\.github"
2026-02-08T12:22:32.803865Z  INFO get_files:scan_sources: tailwindcss_oxide::scanner: Discovering "C:\\dev\\devtalk\\.github\\workflows"
2026-02-08T12:22:32.804367Z  INFO get_files:scan_sources: tailwindcss_oxide::scanner: Discovering "C:\\dev\\devtalk\\app"
2026-02-08T12:22:32.804583Z  INFO get_files:scan_sources: tailwindcss_oxide::scanner: Discovering "C:\\dev\\devtalk\\app\\actions"
2026-02-08T12:22:32.804897Z  INFO get_files:scan_sources: tailwindcss_oxide::scanner: Discovering "C:\\dev\\devtalk\\app\\api"
2026-02-08T12:22:32.805084Z  INFO get_files:scan_sources: tailwindcss_oxide::scanner: Discovering "C:\\dev\\devtalk\\app\\api\\articles"
2026-02-08T12:22:32.805292Z  INFO get_files:scan_sources: tailwindcss_oxide::scanner: Discovering "C:\\dev\\devtalk\\app\\api\\articles\\[id]"
2026-02-08T12:22:32.805462Z  INFO get_files:scan_sources: tailwindcss_oxide::scanner: Discovering "C:\\dev\\devtalk\\app\\api\\articles\\[id]\\read"
2026-02-08T12:22:32.805734Z  INFO get_files:scan_sources: tailwindcss_oxide::scanner: Discovering "C:\\dev\\devtalk\\app\\api\\events"
2026-02-08T12:22:32.805964Z  INFO get_files:scan_sources: tailwindcss_oxide::scanner: Discovering "C:\\dev\\devtalk\\app\\api\\lobbies"
2026-02-08T12:22:32.806171Z  INFO get_files:scan_sources: tailwindcss_oxide::scanner: Discovering "C:\\dev\\devtalk\\app\\api\\memes"
2026-02-08T12:22:32.806371Z  INFO get_files:scan_sources: tailwindcss_oxide::scanner: Discovering "C:\\dev\\devtalk\\app\\api\\permissions"
2026-02-08T12:22:32.806520Z  INFO get_files:scan_sources: tailwindcss_oxide::scanner: Discovering "C:\\dev\\devtalk\\app\\api\\permissions\\lobby"
2026-02-08T12:22:32.806738Z  INFO get_files:scan_sources: tailwindcss_oxide::scanner: Discovering "C:\\dev\\devtalk\\app\\api\\podcasts"
2026-02-08T12:22:32.806965Z  INFO get_files:scan_sources: tailwindcss_oxide::scanner: Discovering "C:\\dev\\devtalk\\app\\articles"
2026-02-08T12:22:32.807155Z  INFO get_files:scan_sources: tailwindcss_oxide::scanner: Discovering "C:\\dev\\devtalk\\app\\articles\\[id]"
2026-02-08T12:22:32.807340Z  INFO get_files:scan_sources: tailwindcss_oxide::scanner: Discovering "C:\\dev\\devtalk\\app\\articles\\[id]\\_components"
2026-02-08T12:22:32.807559Z  INFO get_files:scan_sources: tailwindcss_oxide::scanner: Discovering "C:\\dev\\devtalk\\app\\articles\\_components"
2026-02-08T12:22:32.807888Z  INFO get_files:scan_sources: tailwindcss_oxide::scanner: Discovering "C:\\dev\\devtalk\\app\\events"
2026-02-08T12:22:32.808070Z  INFO get_files:scan_sources: tailwindcss_oxide::scanner: Discovering "C:\\dev\\devtalk\\app\\events\\_components"
2026-02-08T12:22:32.808379Z  INFO get_files:scan_sources: tailwindcss_oxide::scanner: Discovering "C:\\dev\\devtalk\\app\\lobbies"
2026-02-08T12:22:32.808561Z  INFO get_files:scan_sources: tailwindcss_oxide::scanner: Discovering "C:\\dev\\devtalk\\app\\lobbies\\[id]"
2026-02-08T12:22:32.808744Z  INFO get_files:scan_sources: tailwindcss_oxide::scanner: Discovering "C:\\dev\\devtalk\\app\\lobbies\\[id]\\_components"
2026-02-08T12:22:32.808960Z  INFO get_files:scan_sources: tailwindcss_oxide::scanner: Discovering "C:\\dev\\devtalk\\app\\lobbies\\_components"
2026-02-08T12:22:32.809211Z  INFO get_files:scan_sources: tailwindcss_oxide::scanner: Discovering "C:\\dev\\devtalk\\app\\memes"
2026-02-08T12:22:32.809388Z  INFO get_files:scan_sources: tailwindcss_oxide::scanner: Discovering "C:\\dev\\devtalk\\app\\memes\\_components"
2026-02-08T12:22:32.809662Z  INFO get_files:scan_sources: tailwindcss_oxide::scanner: Discovering "C:\\dev\\devtalk\\app\\podcasts"
2026-02-08T12:22:32.809885Z  INFO get_files:scan_sources: tailwindcss_oxide::scanner: Discovering "C:\\dev\\devtalk\\app\\podcasts\\_components"
2026-02-08T12:22:32.810126Z  INFO get_files:scan_sources: tailwindcss_oxide::scanner: Discovering "C:\\dev\\devtalk\\app\\profile"
2026-02-08T12:22:32.810316Z  INFO get_files:scan_sources: tailwindcss_oxide::scanner: Discovering "C:\\dev\\devtalk\\app\\profile\\_components"
2026-02-08T12:22:32.810581Z  INFO get_files:scan_sources: tailwindcss_oxide::scanner: Discovering "C:\\dev\\devtalk\\components"
2026-02-08T12:22:32.810770Z  INFO get_files:scan_sources: tailwindcss_oxide::scanner: Discovering "C:\\dev\\devtalk\\components\\ui"
2026-02-08T12:22:32.811408Z  INFO get_files:scan_sources: tailwindcss_oxide::scanner: Discovering "C:\\dev\\devtalk\\lib"
2026-02-08T12:22:32.812024Z  INFO get_files:scan_sources: tailwindcss_oxide::scanner: Discovering "C:\\dev\\devtalk\\prisma"
2026-02-08T12:22:32.812178Z  INFO get_files:scan_sources: tailwindcss_oxide::scanner: Discovering "C:\\dev\\devtalk\\prisma\\client"
2026-02-08T12:22:32.812665Z  INFO get_files:scan_sources: tailwindcss_oxide::scanner: Discovering "C:\\dev\\devtalk\\prisma\\client\\runtime"
2026-02-08T12:22:32.813161Z  INFO get_files:scan_sources: tailwindcss_oxide::scanner: Discovering "C:\\dev\\devtalk\\public"
2026-02-08T12:22:32.813715Z  INFO get_files:scan_sources: tailwindcss_oxide::scanner: exit
2026-02-08T12:22:32.813891Z  INFO get_files: tailwindcss_oxide::scanner: exit
2026-02-08T12:22:32.814531Z  INFO get_globs: tailwindcss_oxide::scanner: enter
2026-02-08T12:22:32.814543Z  INFO get_globs:scan_sources: tailwindcss_oxide::scanner: enter
2026-02-08T12:22:32.815689Z  INFO get_globs:scan_sources: tailwindcss_oxide::scanner: Discovering "C:\\dev\\devtalk\\.github"
2026-02-08T12:22:32.815872Z  INFO get_globs:scan_sources: tailwindcss_oxide::scanner: Discovering "C:\\dev\\devtalk\\.github\\workflows"
2026-02-08T12:22:32.816244Z  INFO get_globs:scan_sources: tailwindcss_oxide::scanner: Discovering "C:\\dev\\devtalk\\app"
2026-02-08T12:22:32.816404Z  INFO get_globs:scan_sources: tailwindcss_oxide::scanner: Discovering "C:\\dev\\devtalk\\app\\actions"
2026-02-08T12:22:32.816645Z  INFO get_globs:scan_sources: tailwindcss_oxide::scanner: Discovering "C:\\dev\\devtalk\\app\\api"
2026-02-08T12:22:32.816886Z  INFO get_globs:scan_sources: tailwindcss_oxide::scanner: Discovering "C:\\dev\\devtalk\\app\\api\\articles"
2026-02-08T12:22:32.817157Z  INFO get_globs:scan_sources: tailwindcss_oxide::scanner: Discovering "C:\\dev\\devtalk\\app\\api\\articles\\[id]"
2026-02-08T12:22:32.817464Z  INFO get_globs:scan_sources: tailwindcss_oxide::scanner: Discovering "C:\\dev\\devtalk\\app\\api\\articles\\[id]\\read"
2026-02-08T12:22:32.817729Z  INFO get_globs:scan_sources: tailwindcss_oxide::scanner: Discovering "C:\\dev\\devtalk\\app\\api\\events"
2026-02-08T12:22:32.817936Z  INFO get_globs:scan_sources: tailwindcss_oxide::scanner: Discovering "C:\\dev\\devtalk\\app\\api\\lobbies"
2026-02-08T12:22:32.818141Z  INFO get_globs:scan_sources: tailwindcss_oxide::scanner: Discovering "C:\\dev\\devtalk\\app\\api\\memes"
2026-02-08T12:22:32.818343Z  INFO get_globs:scan_sources: tailwindcss_oxide::scanner: Discovering "C:\\dev\\devtalk\\app\\api\\permissions"
2026-02-08T12:22:32.818510Z  INFO get_globs:scan_sources: tailwindcss_oxide::scanner: Discovering "C:\\dev\\devtalk\\app\\api\\permissions\\lobby"
2026-02-08T12:22:32.818724Z  INFO get_globs:scan_sources: tailwindcss_oxide::scanner: Discovering "C:\\dev\\devtalk\\app\\api\\podcasts"
2026-02-08T12:22:32.818939Z  INFO get_globs:scan_sources: tailwindcss_oxide::scanner: Discovering "C:\\dev\\devtalk\\app\\articles"
2026-02-08T12:22:32.819121Z  INFO get_globs:scan_sources: tailwindcss_oxide::scanner: Discovering "C:\\dev\\devtalk\\app\\articles\\[id]"
2026-02-08T12:22:32.819328Z  INFO get_globs:scan_sources: tailwindcss_oxide::scanner: Discovering "C:\\dev\\devtalk\\app\\articles\\[id]\\_components"
2026-02-08T12:22:32.819570Z  INFO get_globs:scan_sources: tailwindcss_oxide::scanner: Discovering "C:\\dev\\devtalk\\app\\articles\\_components"
2026-02-08T12:22:32.819812Z  INFO get_globs:scan_sources: tailwindcss_oxide::scanner: Discovering "C:\\dev\\devtalk\\app\\events"
2026-02-08T12:22:32.819989Z  INFO get_globs:scan_sources: tailwindcss_oxide::scanner: Discovering "C:\\dev\\devtalk\\app\\events\\_components"
2026-02-08T12:22:32.820294Z  INFO get_globs:scan_sources: tailwindcss_oxide::scanner: Discovering "C:\\dev\\devtalk\\app\\lobbies"
2026-02-08T12:22:32.820538Z  INFO get_globs:scan_sources: tailwindcss_oxide::scanner: Discovering "C:\\dev\\devtalk\\app\\lobbies\\[id]"
2026-02-08T12:22:32.820718Z  INFO get_globs:scan_sources: tailwindcss_oxide::scanner: Discovering "C:\\dev\\devtalk\\app\\lobbies\\[id]\\_components"
2026-02-08T12:22:32.820929Z  INFO get_globs:scan_sources: tailwindcss_oxide::scanner: Discovering "C:\\dev\\devtalk\\app\\lobbies\\_components"
2026-02-08T12:22:32.821168Z  INFO get_globs:scan_sources: tailwindcss_oxide::scanner: Discovering "C:\\dev\\devtalk\\app\\memes"
2026-02-08T12:22:32.821341Z  INFO get_globs:scan_sources: tailwindcss_oxide::scanner: Discovering "C:\\dev\\devtalk\\app\\memes\\_components"
2026-02-08T12:22:32.821633Z  INFO get_globs:scan_sources: tailwindcss_oxide::scanner: Discovering "C:\\dev\\devtalk\\app\\podcasts"
2026-02-08T12:22:32.821874Z  INFO get_globs:scan_sources: tailwindcss_oxide::scanner: Discovering "C:\\dev\\devtalk\\app\\podcasts\\_components"
2026-02-08T12:22:32.822128Z  INFO get_globs:scan_sources: tailwindcss_oxide::scanner: Discovering "C:\\dev\\devtalk\\app\\profile"
2026-02-08T12:22:32.822333Z  INFO get_globs:scan_sources: tailwindcss_oxide::scanner: Discovering "C:\\dev\\devtalk\\app\\profile\\_components"
2026-02-08T12:22:32.822641Z  INFO get_globs:scan_sources: tailwindcss_oxide::scanner: Discovering "C:\\dev\\devtalk\\components"
2026-02-08T12:22:32.822864Z  INFO get_globs:scan_sources: tailwindcss_oxide::scanner: Discovering "C:\\dev\\devtalk\\components\\ui"
2026-02-08T12:22:32.823698Z  INFO get_globs:scan_sources: tailwindcss_oxide::scanner: Discovering "C:\\dev\\devtalk\\lib"
2026-02-08T12:22:32.824299Z  INFO get_globs:scan_sources: tailwindcss_oxide::scanner: Discovering "C:\\dev\\devtalk\\prisma"
2026-02-08T12:22:32.824503Z  INFO get_globs:scan_sources: tailwindcss_oxide::scanner: Discovering "C:\\dev\\devtalk\\prisma\\client"
2026-02-08T12:22:32.825014Z  INFO get_globs:scan_sources: tailwindcss_oxide::scanner: Discovering "C:\\dev\\devtalk\\prisma\\client\\runtime"
2026-02-08T12:22:32.825529Z  INFO get_globs:scan_sources: tailwindcss_oxide::scanner: Discovering "C:\\dev\\devtalk\\public"
2026-02-08T12:22:32.825987Z  INFO get_globs:scan_sources: tailwindcss_oxide::scanner: exit
2026-02-08T12:22:32.834005Z  INFO get_globs: tailwindcss_oxide::scanner: exit
