2026-02-08T12:24:55.106497Z  INFO tailwindcss_oxide::scanner: Provided sources:
2026-02-08T12:24:55.106711Z  INFO tailwindcss_oxide::scanner: Source: PublicSourceEntry { base: "C:\\dev\\devtalk", pattern: "**/*", negated: false }
2026-02-08T12:24:55.106977Z  INFO tailwindcss_oxide::scanner: Optimized sources:
2026-02-08T12:24:55.107005Z  INFO tailwindcss_oxide::scanner: Source: Auto { base: "C:\\dev\\devtalk" }
2026-02-08T12:24:55.109092Z  INFO scan_sources: tailwindcss_oxide::scanner: enter
2026-02-08T12:24:55.110635Z  INFO scan_sources: tailwindcss_oxide::scanner: Discovering "C:\\dev\\devtalk\\.github"
2026-02-08T12:24:55.111178Z  INFO scan_sources: tailwindcss_oxide::scanner: Discovering "C:\\dev\\devtalk\\.github\\workflows"
2026-02-08T12:24:55.111350Z  INFO scan_sources: tailwindcss_oxide::scanner: Discovering "C:\\dev\\devtalk\\.github\\workflows\\ci.yml"
2026-02-08T12:24:55.111712Z  INFO scan_sources: tailwindcss_oxide::scanner: Discovering "C:\\dev\\devtalk\\app"
2026-02-08T12:24:55.111897Z  INFO scan_sources: tailwindcss_oxide::scanner: Discovering "C:\\dev\\devtalk\\app\\actions"
2026-02-08T12:24:55.112035Z  INFO scan_sources: tailwindcss_oxide::scanner: Discovering "C:\\dev\\devtalk\\app\\actions\\lobby.ts"
2026-02-08T12:24:55.112102Z  INFO scan_sources: tailwindcss_oxide::scanner: Discovering "C:\\dev\\devtalk\\app\\actions\\user.ts"
2026-02-08T12:24:55.112232Z  INFO scan_sources: tailwindcss_oxide::scanner: Discovering "C:\\dev\\devtalk\\app\\api"
2026-02-08T12:24:55.112438Z  INFO scan_sources: tailwindcss_oxide::scanner: Discovering "C:\\dev\\devtalk\\app\\api\\articles"
2026-02-08T12:24:55.112574Z  INFO scan_sources: tailwindcss_oxide::scanner: Discovering "C:\\dev\\devtalk\\app\\api\\articles\\route.ts"
2026-02-08T12:24:55.112751Z  INFO scan_sources: tailwindcss_oxide::scanner: Discovering "C:\\dev\\devtalk\\app\\api\\articles\\[id]"
2026-02-08T12:24:55.112954Z  INFO scan_sources: tailwindcss_oxide::scanner: Discovering "C:\\dev\\devtalk\\app\\api\\articles\\[id]\\read"
2026-02-08T12:24:55.113086Z  INFO scan_sources: tailwindcss_oxide::scanner: Discovering "C:\\dev\\devtalk\\app\\api\\articles\\[id]\\read\\route.ts"
2026-02-08T12:24:55.113242Z  INFO scan_sources: tailwindcss_oxide::scanner: Discovering "C:\\dev\\devtalk\\app\\api\\events"
2026-02-08T12:24:55.113364Z  INFO scan_sources: tailwindcss_oxide::scanner: Discovering "C:\\dev\\devtalk\\app\\api\\events\\route.ts"
2026-02-08T12:24:55.113480Z  INFO scan_sources: tailwindcss_oxide::scanner: Discovering "C:\\dev\\devtalk\\app\\api\\lobbies"
2026-02-08T12:24:55.113602Z  INFO scan_sources: tailwindcss_oxide::scanner: Discovering "C:\\dev\\devtalk\\app\\api\\lobbies\\route.ts"
2026-02-08T12:24:55.113730Z  INFO scan_sources: tailwindcss_oxide::scanner: Discovering "C:\\dev\\devtalk\\app\\api\\memes"
2026-02-08T12:24:55.113891Z  INFO scan_sources: tailwindcss_oxide::scanner: Discovering "C:\\dev\\devtalk\\app\\api\\memes\\route.ts"
2026-02-08T12:24:55.114025Z  INFO scan_sources: tailwindcss_oxide::scanner: Discovering "C:\\dev\\devtalk\\app\\api\\permissions"
2026-02-08T12:24:55.114198Z  INFO scan_sources: tailwindcss_oxide::scanner: Discovering "C:\\dev\\devtalk\\app\\api\\permissions\\lobby"
2026-02-08T12:24:55.114360Z  INFO scan_sources: tailwindcss_oxide::scanner: Discovering "C:\\dev\\devtalk\\app\\api\\permissions\\lobby\\route.ts"
2026-02-08T12:24:55.114510Z  INFO scan_sources: tailwindcss_oxide::scanner: Discovering "C:\\dev\\devtalk\\app\\api\\podcasts"
2026-02-08T12:24:55.114643Z  INFO scan_sources: tailwindcss_oxide::scanner: Discovering "C:\\dev\\devtalk\\app\\api\\podcasts\\route.ts"
2026-02-08T12:24:55.114787Z  INFO scan_sources: tailwindcss_oxide::scanner: Discovering "C:\\dev\\devtalk\\app\\articles"
2026-02-08T12:24:55.115025Z  INFO scan_sources: tailwindcss_oxide::scanner: Discovering "C:\\dev\\devtalk\\app\\articles\\page.tsx"
2026-02-08T12:24:55.115140Z  INFO scan_sources: tailwindcss_oxide::scanner: Discovering "C:\\dev\\devtalk\\app\\articles\\[id]"
2026-02-08T12:24:55.115280Z  INFO scan_sources: tailwindcss_oxide::scanner: Discovering "C:\\dev\\devtalk\\app\\articles\\[id]\\page.tsx"
2026-02-08T12:24:55.115458Z  INFO scan_sources: tailwindcss_oxide::scanner: Discovering "C:\\dev\\devtalk\\app\\articles\\[id]\\_components"
2026-02-08T12:24:55.115606Z  INFO scan_sources: tailwindcss_oxide::scanner: Discovering "C:\\dev\\devtalk\\app\\articles\\[id]\\_components\\MarkAsReadButton.tsx"
2026-02-08T12:24:55.115757Z  INFO scan_sources: tailwindcss_oxide::scanner: Discovering "C:\\dev\\devtalk\\app\\articles\\_components"
2026-02-08T12:24:55.115909Z  INFO scan_sources: tailwindcss_oxide::scanner: Discovering "C:\\dev\\devtalk\\app\\articles\\_components\\ArticleCard.tsx"
2026-02-08T12:24:55.115985Z  INFO scan_sources: tailwindcss_oxide::scanner: Discovering "C:\\dev\\devtalk\\app\\articles\\_components\\CreateArticleDialog.tsx"
2026-02-08T12:24:55.116134Z  INFO scan_sources: tailwindcss_oxide::scanner: Discovering "C:\\dev\\devtalk\\app\\events"
2026-02-08T12:24:55.116270Z  INFO scan_sources: tailwindcss_oxide::scanner: Discovering "C:\\dev\\devtalk\\app\\events\\page.tsx"
2026-02-08T12:24:55.116377Z  INFO scan_sources: tailwindcss_oxide::scanner: Discovering "C:\\dev\\devtalk\\app\\events\\_components"
2026-02-08T12:24:55.116515Z  INFO scan_sources: tailwindcss_oxide::scanner: Discovering "C:\\dev\\devtalk\\app\\events\\_components\\CreateEventDialog.tsx"
2026-02-08T12:24:55.116582Z  INFO scan_sources: tailwindcss_oxide::scanner: Discovering "C:\\dev\\devtalk\\app\\events\\_components\\EventCard.tsx"
2026-02-08T12:24:55.116764Z  INFO scan_sources: tailwindcss_oxide::scanner: Discovering "C:\\dev\\devtalk\\app\\globals.css"
2026-02-08T12:24:55.116859Z  INFO scan_sources: tailwindcss_oxide::scanner: Discovering "C:\\dev\\devtalk\\app\\layout.tsx"
2026-02-08T12:24:55.116964Z  INFO scan_sources: tailwindcss_oxide::scanner: Discovering "C:\\dev\\devtalk\\app\\lobbies"
2026-02-08T12:24:55.117099Z  INFO scan_sources: tailwindcss_oxide::scanner: Discovering "C:\\dev\\devtalk\\app\\lobbies\\page.tsx"
2026-02-08T12:24:55.117247Z  INFO scan_sources: tailwindcss_oxide::scanner: Discovering "C:\\dev\\devtalk\\app\\lobbies\\[id]"
2026-02-08T12:24:55.117379Z  INFO scan_sources: tailwindcss_oxide::scanner: Discovering "C:\\dev\\devtalk\\app\\lobbies\\[id]\\page.tsx"
2026-02-08T12:24:55.117482Z  INFO scan_sources: tailwindcss_oxide::scanner: Discovering "C:\\dev\\devtalk\\app\\lobbies\\[id]\\_components"
2026-02-08T12:24:55.117608Z  INFO scan_sources: tailwindcss_oxide::scanner: Discovering "C:\\dev\\devtalk\\app\\lobbies\\[id]\\_components\\LobbyRoom.tsx"
2026-02-08T12:24:55.117750Z  INFO scan_sources: tailwindcss_oxide::scanner: Discovering "C:\\dev\\devtalk\\app\\lobbies\\_components"
2026-02-08T12:24:55.117875Z  INFO scan_sources: tailwindcss_oxide::scanner: Discovering "C:\\dev\\devtalk\\app\\lobbies\\_components\\CreateLobbyDialog.tsx"
2026-02-08T12:24:55.117932Z  INFO scan_sources: tailwindcss_oxide::scanner: Discovering "C:\\dev\\devtalk\\app\\lobbies\\_components\\LobbyCard.tsx"
2026-02-08T12:24:55.118076Z  INFO scan_sources: tailwindcss_oxide::scanner: Discovering "C:\\dev\\devtalk\\app\\memes"
2026-02-08T12:24:55.118255Z  INFO scan_sources: tailwindcss_oxide::scanner: Discovering "C:\\dev\\devtalk\\app\\memes\\page.tsx"
2026-02-08T12:24:55.118430Z  INFO scan_sources: tailwindcss_oxide::scanner: Discovering "C:\\dev\\devtalk\\app\\memes\\_components"
2026-02-08T12:24:55.118591Z  INFO scan_sources: tailwindcss_oxide::scanner: Discovering "C:\\dev\\devtalk\\app\\memes\\_components\\MemeCard.tsx"
2026-02-08T12:24:55.118653Z  INFO scan_sources: tailwindcss_oxide::scanner: Discovering "C:\\dev\\devtalk\\app\\memes\\_components\\UploadMemeDialog.tsx"
2026-02-08T12:24:55.118846Z  INFO scan_sources: tailwindcss_oxide::scanner: Discovering "C:\\dev\\devtalk\\app\\page.tsx"
2026-02-08T12:24:55.119089Z  INFO scan_sources: tailwindcss_oxide::scanner: Discovering "C:\\dev\\devtalk\\app\\podcasts"
2026-02-08T12:24:55.119359Z  INFO scan_sources: tailwindcss_oxide::scanner: Discovering "C:\\dev\\devtalk\\app\\podcasts\\page.tsx"
2026-02-08T12:24:55.119490Z  INFO scan_sources: tailwindcss_oxide::scanner: Discovering "C:\\dev\\devtalk\\app\\podcasts\\_components"
2026-02-08T12:24:55.119846Z  INFO scan_sources: tailwindcss_oxide::scanner: Discovering "C:\\dev\\devtalk\\app\\podcasts\\_components\\PodcastCard.tsx"
2026-02-08T12:24:55.119947Z  INFO scan_sources: tailwindcss_oxide::scanner: Discovering "C:\\dev\\devtalk\\app\\podcasts\\_components\\UploadPodcastDialog.tsx"
2026-02-08T12:24:55.120237Z  INFO scan_sources: tailwindcss_oxide::scanner: Discovering "C:\\dev\\devtalk\\app\\profile"
2026-02-08T12:24:55.120425Z  INFO scan_sources: tailwindcss_oxide::scanner: Discovering "C:\\dev\\devtalk\\app\\profile\\page.tsx"
2026-02-08T12:24:55.120669Z  INFO scan_sources: tailwindcss_oxide::scanner: Discovering "C:\\dev\\devtalk\\app\\profile\\_components"
2026-02-08T12:24:55.120912Z  INFO scan_sources: tailwindcss_oxide::scanner: Discovering "C:\\dev\\devtalk\\app\\profile\\_components\\ProfileForm.tsx"
2026-02-08T12:24:55.121078Z  INFO scan_sources: tailwindcss_oxide::scanner: Discovering "C:\\dev\\devtalk\\app\\profile\\_components\\TechStackEditor.tsx"
2026-02-08T12:24:55.121383Z  INFO scan_sources: tailwindcss_oxide::scanner: Discovering "C:\\dev\\devtalk\\components"
2026-02-08T12:24:55.121599Z  INFO scan_sources: tailwindcss_oxide::scanner: Discovering "C:\\dev\\devtalk\\components\\Navbar.tsx"
2026-02-08T12:24:55.121783Z  INFO scan_sources: tailwindcss_oxide::scanner: Discovering "C:\\dev\\devtalk\\components\\ui"
2026-02-08T12:24:55.122207Z  INFO scan_sources: tailwindcss_oxide::scanner: Discovering "C:\\dev\\devtalk\\components\\ui\\alert.tsx"
2026-02-08T12:24:55.122324Z  INFO scan_sources: tailwindcss_oxide::scanner: Discovering "C:\\dev\\devtalk\\components\\ui\\avatar.tsx"
2026-02-08T12:24:55.122409Z  INFO scan_sources: tailwindcss_oxide::scanner: Discovering "C:\\dev\\devtalk\\components\\ui\\badge.tsx"
2026-02-08T12:24:55.122479Z  INFO scan_sources: tailwindcss_oxide::scanner: Discovering "C:\\dev\\devtalk\\components\\ui\\button.tsx"
2026-02-08T12:24:55.122544Z  INFO scan_sources: tailwindcss_oxide::scanner: Discovering "C:\\dev\\devtalk\\components\\ui\\card.tsx"
2026-02-08T12:24:55.122610Z  INFO scan_sources: tailwindcss_oxide::scanner: Discovering "C:\\dev\\devtalk\\components\\ui\\dialog.tsx"
2026-02-08T12:24:55.122723Z  INFO scan_sources: tailwindcss_oxide::scanner: Discovering "C:\\dev\\devtalk\\components\\ui\\dropdown-menu.tsx"
2026-02-08T12:24:55.122795Z  INFO scan_sources: tailwindcss_oxide::scanner: Discovering "C:\\dev\\devtalk\\components\\ui\\input.tsx"
2026-02-08T12:24:55.122861Z  INFO scan_sources: tailwindcss_oxide::scanner: Discovering "C:\\dev\\devtalk\\components\\ui\\label.tsx"
2026-02-08T12:24:55.122934Z  INFO scan_sources: tailwindcss_oxide::scanner: Discovering "C:\\dev\\devtalk\\components\\ui\\scroll-area.tsx"
2026-02-08T12:24:55.123002Z  INFO scan_sources: tailwindcss_oxide::scanner: Discovering "C:\\dev\\devtalk\\components\\ui\\sonner.tsx"
2026-02-08T12:24:55.123071Z  INFO scan_sources: tailwindcss_oxide::scanner: Discovering "C:\\dev\\devtalk\\components\\ui\\textarea.tsx"
2026-02-08T12:24:55.123239Z  INFO scan_sources: tailwindcss_oxide::scanner: Discovering "C:\\dev\\devtalk\\components.json"
2026-02-08T12:24:55.123340Z  INFO scan_sources: tailwindcss_oxide::scanner: Discovering "C:\\dev\\devtalk\\DESIGN-SYSTEM.md"
2026-02-08T12:24:55.123426Z  INFO scan_sources: tailwindcss_oxide::scanner: Discovering "C:\\dev\\devtalk\\docker-compose.yml"
2026-02-08T12:24:55.123498Z  INFO scan_sources: tailwindcss_oxide::scanner: Discovering "C:\\dev\\devtalk\\eslint.config.mjs"
2026-02-08T12:24:55.123647Z  INFO scan_sources: tailwindcss_oxide::scanner: Discovering "C:\\dev\\devtalk\\lib"
2026-02-08T12:24:55.123875Z  INFO scan_sources: tailwindcss_oxide::scanner: Discovering "C:\\dev\\devtalk\\lib\\db.ts"
2026-02-08T12:24:55.124006Z  INFO scan_sources: tailwindcss_oxide::scanner: Discovering "C:\\dev\\devtalk\\lib\\permissions.ts"
2026-02-08T12:24:55.124095Z  INFO scan_sources: tailwindcss_oxide::scanner: Discovering "C:\\dev\\devtalk\\lib\\points.ts"
2026-02-08T12:24:55.124163Z  INFO scan_sources: tailwindcss_oxide::scanner: Discovering "C:\\dev\\devtalk\\lib\\pusher.ts"
2026-02-08T12:24:55.124290Z  INFO scan_sources: tailwindcss_oxide::scanner: Discovering "C:\\dev\\devtalk\\lib\\utils.ts"
2026-02-08T12:24:55.124398Z  INFO scan_sources: tailwindcss_oxide::scanner: Discovering "C:\\dev\\devtalk\\middleware.ts"
2026-02-08T12:24:55.124476Z  INFO scan_sources: tailwindcss_oxide::scanner: Discovering "C:\\dev\\devtalk\\next.config.ts"
2026-02-08T12:24:55.124790Z  INFO scan_sources: tailwindcss_oxide::scanner: Discovering "C:\\dev\\devtalk\\package.json"
2026-02-08T12:24:55.124867Z  INFO scan_sources: tailwindcss_oxide::scanner: Discovering "C:\\dev\\devtalk\\postcss.config.mjs"
2026-02-08T12:24:55.124979Z  INFO scan_sources: tailwindcss_oxide::scanner: Discovering "C:\\dev\\devtalk\\prisma"
2026-02-08T12:24:55.125158Z  INFO scan_sources: tailwindcss_oxide::scanner: Discovering "C:\\dev\\devtalk\\prisma\\client"
2026-02-08T12:24:55.125568Z  INFO scan_sources: tailwindcss_oxide::scanner: Discovering "C:\\dev\\devtalk\\prisma\\client\\client.d.ts"
2026-02-08T12:24:55.125667Z  INFO scan_sources: tailwindcss_oxide::scanner: Discovering "C:\\dev\\devtalk\\prisma\\client\\client.js"
2026-02-08T12:24:55.125805Z  INFO scan_sources: tailwindcss_oxide::scanner: Discovering "C:\\dev\\devtalk\\prisma\\client\\default.d.ts"
2026-02-08T12:24:55.125916Z  INFO scan_sources: tailwindcss_oxide::scanner: Discovering "C:\\dev\\devtalk\\prisma\\client\\default.js"
2026-02-08T12:24:55.126016Z  INFO scan_sources: tailwindcss_oxide::scanner: Discovering "C:\\dev\\devtalk\\prisma\\client\\edge.d.ts"
2026-02-08T12:24:55.126138Z  INFO scan_sources: tailwindcss_oxide::scanner: Discovering "C:\\dev\\devtalk\\prisma\\client\\edge.js"
2026-02-08T12:24:55.126226Z  INFO scan_sources: tailwindcss_oxide::scanner: Discovering "C:\\dev\\devtalk\\prisma\\client\\index-browser.js"
2026-02-08T12:24:55.126289Z  INFO scan_sources: tailwindcss_oxide::scanner: Discovering "C:\\dev\\devtalk\\prisma\\client\\index.d.ts"
2026-02-08T12:24:55.126356Z  INFO scan_sources: tailwindcss_oxide::scanner: Discovering "C:\\dev\\devtalk\\prisma\\client\\index.js"
2026-02-08T12:24:55.126416Z  INFO scan_sources: tailwindcss_oxide::scanner: Discovering "C:\\dev\\devtalk\\prisma\\client\\package.json"
2026-02-08T12:24:55.126484Z  INFO scan_sources: tailwindcss_oxide::scanner: Discovering "C:\\dev\\devtalk\\prisma\\client\\query_compiler_fast_bg.js"
2026-02-08T12:24:55.126562Z  INFO scan_sources: tailwindcss_oxide::scanner: Discovering "C:\\dev\\devtalk\\prisma\\client\\query_compiler_fast_bg.wasm-base64.js"
2026-02-08T12:24:55.126687Z  INFO scan_sources: tailwindcss_oxide::scanner: Discovering "C:\\dev\\devtalk\\prisma\\client\\runtime"
2026-02-08T12:24:55.126882Z  INFO scan_sources: tailwindcss_oxide::scanner: Discovering "C:\\dev\\devtalk\\prisma\\client\\runtime\\client.d.ts"
2026-02-08T12:24:55.126944Z  INFO scan_sources: tailwindcss_oxide::scanner: Discovering "C:\\dev\\devtalk\\prisma\\client\\runtime\\client.js"
2026-02-08T12:24:55.127003Z  INFO scan_sources: tailwindcss_oxide::scanner: Discovering "C:\\dev\\devtalk\\prisma\\client\\runtime\\index-browser.d.ts"
2026-02-08T12:24:55.127122Z  INFO scan_sources: tailwindcss_oxide::scanner: Discovering "C:\\dev\\devtalk\\prisma\\client\\runtime\\index-browser.js"
2026-02-08T12:24:55.127183Z  INFO scan_sources: tailwindcss_oxide::scanner: Discovering "C:\\dev\\devtalk\\prisma\\client\\runtime\\wasm-compiler-edge.js"
2026-02-08T12:24:55.127267Z  INFO scan_sources: tailwindcss_oxide::scanner: Discovering "C:\\dev\\devtalk\\prisma\\client\\schema.prisma"
2026-02-08T12:24:55.127328Z  INFO scan_sources: tailwindcss_oxide::scanner: Discovering "C:\\dev\\devtalk\\prisma\\client\\wasm-edge-light-loader.mjs"
2026-02-08T12:24:55.127387Z  INFO scan_sources: tailwindcss_oxide::scanner: Discovering "C:\\dev\\devtalk\\prisma\\client\\wasm-worker-loader.mjs"
2026-02-08T12:24:55.127472Z  INFO scan_sources: tailwindcss_oxide::scanner: Discovering "C:\\dev\\devtalk\\prisma\\schema.prisma"
2026-02-08T12:24:55.127556Z  INFO scan_sources: tailwindcss_oxide::scanner: Discovering "C:\\dev\\devtalk\\prisma.config.ts"
2026-02-08T12:24:55.127784Z  INFO scan_sources: tailwindcss_oxide::scanner: Discovering "C:\\dev\\devtalk\\public"
2026-02-08T12:24:55.127937Z  INFO scan_sources: tailwindcss_oxide::scanner: Discovering "C:\\dev\\devtalk\\public\\file.svg"
2026-02-08T12:24:55.128002Z  INFO scan_sources: tailwindcss_oxide::scanner: Discovering "C:\\dev\\devtalk\\public\\globe.svg"
2026-02-08T12:24:55.128067Z  INFO scan_sources: tailwindcss_oxide::scanner: Discovering "C:\\dev\\devtalk\\public\\next.svg"
2026-02-08T12:24:55.128128Z  INFO scan_sources: tailwindcss_oxide::scanner: Discovering "C:\\dev\\devtalk\\public\\vercel.svg"
2026-02-08T12:24:55.128186Z  INFO scan_sources: tailwindcss_oxide::scanner: Discovering "C:\\dev\\devtalk\\public\\window.svg"
2026-02-08T12:24:55.128266Z  INFO scan_sources: tailwindcss_oxide::scanner: Discovering "C:\\dev\\devtalk\\README.md"
2026-02-08T12:24:55.128407Z  INFO scan_sources: tailwindcss_oxide::scanner: Discovering "C:\\dev\\devtalk\\test-db.js"
2026-02-08T12:24:55.128465Z  INFO scan_sources: tailwindcss_oxide::scanner: Discovering "C:\\dev\\devtalk\\tsconfig.json"
2026-02-08T12:24:55.128571Z  INFO scan_sources: tailwindcss_oxide::scanner: exit
2026-02-08T12:24:55.128582Z  INFO extract_candidates: tailwindcss_oxide::scanner: enter
2026-02-08T12:24:55.128590Z  INFO extract_candidates:read_all_files: tailwindcss_oxide::scanner: enter
2026-02-08T12:24:55.128595Z  INFO extract_candidates:read_all_files: tailwindcss_oxide::scanner: Reading 90 file(s)
2026-02-08T12:24:55.129163Z  INFO tailwindcss_oxide::scanner: Reading "C:\\dev\\devtalk\\components\\ui\\sonner.tsx"
2026-02-08T12:24:55.129172Z  INFO tailwindcss_oxide::scanner: Reading "C:\\dev\\devtalk\\.github\\workflows\\ci.yml"
2026-02-08T12:24:55.129206Z  INFO tailwindcss_oxide::scanner: Reading "C:\\dev\\devtalk\\middleware.ts"
2026-02-08T12:24:55.129268Z  INFO tailwindcss_oxide::scanner: Reading "C:\\dev\\devtalk\\prisma\\client\\client.js"
2026-02-08T12:24:55.129285Z  INFO tailwindcss_oxide::scanner: Reading "C:\\dev\\devtalk\\components\\ui\\textarea.tsx"
2026-02-08T12:24:55.129293Z  INFO tailwindcss_oxide::scanner: Reading "C:\\dev\\devtalk\\app\\actions\\lobby.ts"
2026-02-08T12:24:55.129338Z  INFO tailwindcss_oxide::scanner: Reading "C:\\dev\\devtalk\\next.config.ts"
2026-02-08T12:24:55.129335Z  INFO tailwindcss_oxide::scanner: Reading "C:\\dev\\devtalk\\package.json"
2026-02-08T12:24:55.129390Z  INFO tailwindcss_oxide::scanner: Reading "C:\\dev\\devtalk\\prisma\\client\\wasm-edge-light-loader.mjs"
2026-02-08T12:24:55.129413Z  INFO tailwindcss_oxide::scanner: Reading "C:\\dev\\devtalk\\prisma\\client\\default.d.ts"
2026-02-08T12:24:55.129409Z  INFO tailwindcss_oxide::scanner: Reading "C:\\dev\\devtalk\\prisma\\client\\index.d.ts"
2026-02-08T12:24:55.129453Z  INFO tailwindcss_oxide::scanner: Reading "C:\\dev\\devtalk\\app\\actions\\user.ts"
2026-02-08T12:24:55.129454Z  INFO tailwindcss_oxide::scanner: Reading "C:\\dev\\devtalk\\components.json"
2026-02-08T12:24:55.129486Z  INFO tailwindcss_oxide::scanner: Reading "C:\\dev\\devtalk\\postcss.config.mjs"
2026-02-08T12:24:55.129528Z  INFO tailwindcss_oxide::scanner: Reading "C:\\dev\\devtalk\\prisma\\client\\default.js"
2026-02-08T12:24:55.129525Z  INFO tailwindcss_oxide::scanner: Reading "C:\\dev\\devtalk\\eslint.config.mjs"
2026-02-08T12:24:55.129546Z  INFO tailwindcss_oxide::scanner: Reading "C:\\dev\\devtalk\\prisma\\client\\wasm-worker-loader.mjs"
2026-02-08T12:24:55.129562Z  INFO tailwindcss_oxide::scanner: Reading "C:\\dev\\devtalk\\app\\api\\articles\\route.ts"
2026-02-08T12:24:55.129583Z  INFO tailwindcss_oxide::scanner: Reading "C:\\dev\\devtalk\\prisma\\client\\edge.d.ts"
2026-02-08T12:24:55.129611Z  INFO tailwindcss_oxide::scanner: Reading "C:\\dev\\devtalk\\prisma\\client\\client.d.ts"
2026-02-08T12:24:55.129613Z  INFO tailwindcss_oxide::scanner: Reading "C:\\dev\\devtalk\\DESIGN-SYSTEM.md"
2026-02-08T12:24:55.129645Z  INFO tailwindcss_oxide::scanner: Reading "C:\\dev\\devtalk\\docker-compose.yml"
2026-02-08T12:24:55.129656Z  INFO tailwindcss_oxide::scanner: Reading "C:\\dev\\devtalk\\prisma\\client\\edge.js"
2026-02-08T12:24:55.129650Z  INFO tailwindcss_oxide::scanner: Reading "C:\\dev\\devtalk\\prisma\\schema.prisma"
2026-02-08T12:24:55.129717Z  INFO tailwindcss_oxide::scanner: Reading "C:\\dev\\devtalk\\lib\\points.ts"
2026-02-08T12:24:55.129650Z  INFO tailwindcss_oxide::scanner: Reading "C:\\dev\\devtalk\\app\\api\\articles\\[id]\\read\\route.ts"
2026-02-08T12:24:55.129707Z  INFO tailwindcss_oxide::scanner: Reading "C:\\dev\\devtalk\\public\\next.svg"
2026-02-08T12:24:55.129662Z  INFO tailwindcss_oxide::scanner: Reading "C:\\dev\\devtalk\\lib\\db.ts"
2026-02-08T12:24:55.129831Z  INFO tailwindcss_oxide::scanner: Reading "C:\\dev\\devtalk\\lib\\pusher.ts"
2026-02-08T12:24:55.129786Z  INFO tailwindcss_oxide::scanner: Reading "C:\\dev\\devtalk\\README.md"
2026-02-08T12:24:55.129804Z  INFO tailwindcss_oxide::scanner: Reading "C:\\dev\\devtalk\\prisma\\client\\package.json"
2026-02-08T12:24:55.129769Z  INFO tailwindcss_oxide::scanner: Reading "C:\\dev\\devtalk\\app\\lobbies\\_components\\CreateLobbyDialog.tsx"
2026-02-08T12:24:55.129931Z  INFO tailwindcss_oxide::scanner: Reading "C:\\dev\\devtalk\\prisma\\client\\runtime\\client.d.ts"
2026-02-08T12:24:55.129998Z  INFO tailwindcss_oxide::scanner: Reading "C:\\dev\\devtalk\\test-db.js"
2026-02-08T12:24:55.129953Z  INFO tailwindcss_oxide::scanner: Reading "C:\\dev\\devtalk\\lib\\permissions.ts"
2026-02-08T12:24:55.130007Z  INFO tailwindcss_oxide::scanner: Reading "C:\\dev\\devtalk\\prisma\\client\\index-browser.js"
2026-02-08T12:24:55.130022Z  INFO tailwindcss_oxide::scanner: Reading "C:\\dev\\devtalk\\prisma\\client\\index.js"
2026-02-08T12:24:55.129953Z  INFO tailwindcss_oxide::scanner: Reading "C:\\dev\\devtalk\\prisma\\client\\runtime\\index-browser.js"
2026-02-08T12:24:55.130074Z  INFO tailwindcss_oxide::scanner: Reading "C:\\dev\\devtalk\\app\\lobbies\\_components\\LobbyCard.tsx"
2026-02-08T12:24:55.130081Z  INFO tailwindcss_oxide::scanner: Reading "C:\\dev\\devtalk\\lib\\utils.ts"
2026-02-08T12:24:55.130095Z  INFO tailwindcss_oxide::scanner: Reading "C:\\dev\\devtalk\\app\\articles\\[id]\\page.tsx"
2026-02-08T12:24:55.130105Z  INFO tailwindcss_oxide::scanner: Reading "C:\\dev\\devtalk\\public\\vercel.svg"
2026-02-08T12:24:55.130138Z  INFO tailwindcss_oxide::scanner: Reading "C:\\dev\\devtalk\\tsconfig.json"
2026-02-08T12:24:55.130142Z  INFO tailwindcss_oxide::scanner: Reading "C:\\dev\\devtalk\\prisma.config.ts"
2026-02-08T12:24:55.130165Z  INFO tailwindcss_oxide::scanner: Reading "C:\\dev\\devtalk\\public\\globe.svg"
2026-02-08T12:24:55.130199Z  INFO tailwindcss_oxide::scanner: Reading "C:\\dev\\devtalk\\public\\file.svg"
2026-02-08T12:24:55.130209Z  INFO tailwindcss_oxide::scanner: Reading "C:\\dev\\devtalk\\public\\window.svg"
2026-02-08T12:24:55.130219Z  INFO tailwindcss_oxide::scanner: Reading "C:\\dev\\devtalk\\app\\profile\\_components\\TechStackEditor.tsx"
2026-02-08T12:24:55.130230Z  INFO tailwindcss_oxide::scanner: Reading "C:\\dev\\devtalk\\app\\articles\\[id]\\_components\\MarkAsReadButton.tsx"
2026-02-08T12:24:55.130241Z  INFO tailwindcss_oxide::scanner: Reading "C:\\dev\\devtalk\\components\\ui\\card.tsx"
2026-02-08T12:24:55.130255Z  INFO tailwindcss_oxide::scanner: Reading "C:\\dev\\devtalk\\app\\memes\\page.tsx"
2026-02-08T12:24:55.130293Z  INFO tailwindcss_oxide::scanner: Reading "C:\\dev\\devtalk\\app\\page.tsx"
2026-02-08T12:24:55.130289Z  INFO tailwindcss_oxide::scanner: Reading "C:\\dev\\devtalk\\app\\podcasts\\_components\\UploadPodcastDialog.tsx"
2026-02-08T12:24:55.130316Z  INFO tailwindcss_oxide::scanner: Reading "C:\\dev\\devtalk\\app\\api\\permissions\\lobby\\route.ts"
2026-02-08T12:24:55.130325Z  INFO tailwindcss_oxide::scanner: Reading "C:\\dev\\devtalk\\prisma\\client\\runtime\\wasm-compiler-edge.js"
2026-02-08T12:24:55.130322Z  INFO tailwindcss_oxide::scanner: Reading "C:\\dev\\devtalk\\app\\profile\\page.tsx"
2026-02-08T12:24:55.130347Z  INFO tailwindcss_oxide::scanner: Reading "C:\\dev\\devtalk\\app\\articles\\_components\\ArticleCard.tsx"
2026-02-08T12:24:55.130362Z  INFO tailwindcss_oxide::scanner: Reading "C:\\dev\\devtalk\\components\\ui\\dialog.tsx"
2026-02-08T12:24:55.130074Z  INFO tailwindcss_oxide::scanner: Reading "C:\\dev\\devtalk\\app\\api\\events\\route.ts"
2026-02-08T12:24:55.130356Z  INFO tailwindcss_oxide::scanner: Reading "C:\\dev\\devtalk\\app\\memes\\_components\\MemeCard.tsx"
2026-02-08T12:24:55.130450Z  INFO tailwindcss_oxide::scanner: Reading "C:\\dev\\devtalk\\app\\profile\\_components\\ProfileForm.tsx"
2026-02-08T12:24:55.130451Z  INFO tailwindcss_oxide::scanner: Reading "C:\\dev\\devtalk\\app\\lobbies\\page.tsx"
2026-02-08T12:24:55.130466Z  INFO tailwindcss_oxide::scanner: Reading "C:\\dev\\devtalk\\app\\memes\\_components\\UploadMemeDialog.tsx"
2026-02-08T12:24:55.130369Z  INFO tailwindcss_oxide::scanner: Reading "C:\\dev\\devtalk\\app\\api\\podcasts\\route.ts"
2026-02-08T12:24:55.130298Z  INFO tailwindcss_oxide::scanner: Reading "C:\\dev\\devtalk\\app\\events\\_components\\CreateEventDialog.tsx"
2026-02-08T12:24:55.130533Z  INFO tailwindcss_oxide::scanner: Reading "C:\\dev\\devtalk\\components\\ui\\dropdown-menu.tsx"
2026-02-08T12:24:55.130455Z  INFO tailwindcss_oxide::scanner: Reading "C:\\dev\\devtalk\\app\\articles\\_components\\CreateArticleDialog.tsx"
2026-02-08T12:24:55.130447Z  INFO tailwindcss_oxide::scanner: Reading "C:\\dev\\devtalk\\app\\podcasts\\page.tsx"
2026-02-08T12:24:55.130301Z  INFO tailwindcss_oxide::scanner: Reading "C:\\dev\\devtalk\\prisma\\client\\runtime\\client.js"
2026-02-08T12:24:55.130602Z  INFO tailwindcss_oxide::scanner: Reading "C:\\dev\\devtalk\\app\\articles\\page.tsx"
2026-02-08T12:24:55.130610Z  INFO tailwindcss_oxide::scanner: Reading "C:\\dev\\devtalk\\prisma\\client\\runtime\\index-browser.d.ts"
2026-02-08T12:24:55.130054Z  INFO tailwindcss_oxide::scanner: Reading "C:\\dev\\devtalk\\prisma\\client\\query_compiler_fast_bg.js"
2026-02-08T12:24:55.130727Z  INFO tailwindcss_oxide::scanner: Reading "C:\\dev\\devtalk\\components\\ui\\alert.tsx"
2026-02-08T12:24:55.130732Z  INFO tailwindcss_oxide::scanner: Reading "C:\\dev\\devtalk\\app\\events\\_components\\EventCard.tsx"
2026-02-08T12:24:55.130775Z  INFO tailwindcss_oxide::scanner: Reading "C:\\dev\\devtalk\\components\\ui\\badge.tsx"
2026-02-08T12:24:55.130520Z  INFO tailwindcss_oxide::scanner: Reading "C:\\dev\\devtalk\\prisma\\client\\schema.prisma"
2026-02-08T12:24:55.130872Z  INFO tailwindcss_oxide::scanner: Reading "C:\\dev\\devtalk\\app\\lobbies\\[id]\\_components\\LobbyRoom.tsx"
2026-02-08T12:24:55.130903Z  INFO tailwindcss_oxide::scanner: Reading "C:\\dev\\devtalk\\components\\ui\\button.tsx"
2026-02-08T12:24:55.130598Z  INFO tailwindcss_oxide::scanner: Reading "C:\\dev\\devtalk\\app\\lobbies\\[id]\\page.tsx"
2026-02-08T12:24:55.130565Z  INFO tailwindcss_oxide::scanner: Reading "C:\\dev\\devtalk\\components\\ui\\input.tsx"
2026-02-08T12:24:55.130595Z  INFO tailwindcss_oxide::scanner: Reading "C:\\dev\\devtalk\\app\\podcasts\\_components\\PodcastCard.tsx"
2026-02-08T12:24:55.130354Z  INFO tailwindcss_oxide::scanner: Reading "C:\\dev\\devtalk\\components\\Navbar.tsx"
2026-02-08T12:24:55.130681Z  INFO tailwindcss_oxide::scanner: Reading "C:\\dev\\devtalk\\app\\api\\memes\\route.ts"
2026-02-08T12:24:55.130693Z  INFO tailwindcss_oxide::scanner: Reading "C:\\dev\\devtalk\\components\\ui\\avatar.tsx"
2026-02-08T12:24:55.130861Z  INFO tailwindcss_oxide::scanner: Reading "C:\\dev\\devtalk\\components\\ui\\label.tsx"
2026-02-08T12:24:55.130547Z  INFO tailwindcss_oxide::scanner: Reading "C:\\dev\\devtalk\\app\\api\\lobbies\\route.ts"
2026-02-08T12:24:55.130880Z  INFO tailwindcss_oxide::scanner: Reading "C:\\dev\\devtalk\\app\\layout.tsx"
2026-02-08T12:24:55.130547Z  INFO tailwindcss_oxide::scanner: Reading "C:\\dev\\devtalk\\app\\events\\page.tsx"
2026-02-08T12:24:55.130942Z  INFO tailwindcss_oxide::scanner: Reading "C:\\dev\\devtalk\\components\\ui\\scroll-area.tsx"
2026-02-08T12:24:55.133253Z  INFO tailwindcss_oxide::scanner: Reading "C:\\dev\\devtalk\\prisma\\client\\query_compiler_fast_bg.wasm-base64.js"
2026-02-08T12:24:55.134724Z  INFO extract_candidates:read_all_files: tailwindcss_oxide::scanner: exit
2026-02-08T12:24:55.134754Z  INFO extract_candidates:parse_all_blobs: tailwindcss_oxide::scanner: enter
2026-02-08T12:24:55.134762Z  INFO extract_candidates:parse_all_blobs:extract: tailwindcss_oxide::scanner: enter
2026-02-08T12:24:55.152720Z  INFO extract_candidates:parse_all_blobs:extract: tailwindcss_oxide::scanner: exit
2026-02-08T12:24:55.153163Z  INFO extract_candidates:parse_all_blobs: tailwindcss_oxide::scanner: exit
2026-02-08T12:24:55.153177Z  INFO extract_candidates:read_all_files: tailwindcss_oxide::scanner: enter
2026-02-08T12:24:55.153182Z  INFO extract_candidates:read_all_files: tailwindcss_oxide::scanner: Reading 1 file(s)
2026-02-08T12:24:55.153355Z  INFO extract_candidates:read_all_files: tailwindcss_oxide::scanner: Reading "C:\\dev\\devtalk\\app\\globals.css"
2026-02-08T12:24:55.153367Z  INFO extract_candidates:read_all_files: tailwindcss_oxide::scanner: exit
2026-02-08T12:24:55.153376Z  INFO extract_candidates:extract_css_variables: tailwindcss_oxide::scanner: enter
2026-02-08T12:24:55.153381Z  INFO extract_candidates:extract_css_variables:extract: tailwindcss_oxide::scanner: enter
2026-02-08T12:24:55.153517Z  INFO extract_candidates:extract_css_variables:extract: tailwindcss_oxide::scanner: exit
2026-02-08T12:24:55.153530Z  INFO extract_candidates:extract_css_variables: tailwindcss_oxide::scanner: exit
2026-02-08T12:24:55.154473Z  INFO extract_candidates: tailwindcss_oxide::scanner: exit
2026-02-08T12:24:55.155640Z  INFO get_files: tailwindcss_oxide::scanner: enter
2026-02-08T12:24:55.155700Z  INFO get_files:scan_sources: tailwindcss_oxide::scanner: enter
2026-02-08T12:24:55.157790Z  INFO get_files:scan_sources: tailwindcss_oxide::scanner: Discovering "C:\\dev\\devtalk\\.github"
2026-02-08T12:24:55.157964Z  INFO get_files:scan_sources: tailwindcss_oxide::scanner: Discovering "C:\\dev\\devtalk\\.github\\workflows"
2026-02-08T12:24:55.158344Z  INFO get_files:scan_sources: tailwindcss_oxide::scanner: Discovering "C:\\dev\\devtalk\\app"
2026-02-08T12:24:55.158510Z  INFO get_files:scan_sources: tailwindcss_oxide::scanner: Discovering "C:\\dev\\devtalk\\app\\actions"
2026-02-08T12:24:55.158754Z  INFO get_files:scan_sources: tailwindcss_oxide::scanner: Discovering "C:\\dev\\devtalk\\app\\api"
2026-02-08T12:24:55.158910Z  INFO get_files:scan_sources: tailwindcss_oxide::scanner: Discovering "C:\\dev\\devtalk\\app\\api\\articles"
2026-02-08T12:24:55.159119Z  INFO get_files:scan_sources: tailwindcss_oxide::scanner: Discovering "C:\\dev\\devtalk\\app\\api\\articles\\[id]"
2026-02-08T12:24:55.159286Z  INFO get_files:scan_sources: tailwindcss_oxide::scanner: Discovering "C:\\dev\\devtalk\\app\\api\\articles\\[id]\\read"
2026-02-08T12:24:55.159520Z  INFO get_files:scan_sources: tailwindcss_oxide::scanner: Discovering "C:\\dev\\devtalk\\app\\api\\events"
2026-02-08T12:24:55.159741Z  INFO get_files:scan_sources: tailwindcss_oxide::scanner: Discovering "C:\\dev\\devtalk\\app\\api\\lobbies"
2026-02-08T12:24:55.160048Z  INFO get_files:scan_sources: tailwindcss_oxide::scanner: Discovering "C:\\dev\\devtalk\\app\\api\\memes"
2026-02-08T12:24:55.160277Z  INFO get_files:scan_sources: tailwindcss_oxide::scanner: Discovering "C:\\dev\\devtalk\\app\\api\\permissions"
2026-02-08T12:24:55.160441Z  INFO get_files:scan_sources: tailwindcss_oxide::scanner: Discovering "C:\\dev\\devtalk\\app\\api\\permissions\\lobby"
2026-02-08T12:24:55.160674Z  INFO get_files:scan_sources: tailwindcss_oxide::scanner: Discovering "C:\\dev\\devtalk\\app\\api\\podcasts"
2026-02-08T12:24:55.160917Z  INFO get_files:scan_sources: tailwindcss_oxide::scanner: Discovering "C:\\dev\\devtalk\\app\\articles"
2026-02-08T12:24:55.161144Z  INFO get_files:scan_sources: tailwindcss_oxide::scanner: Discovering "C:\\dev\\devtalk\\app\\articles\\[id]"
2026-02-08T12:24:55.161327Z  INFO get_files:scan_sources: tailwindcss_oxide::scanner: Discovering "C:\\dev\\devtalk\\app\\articles\\[id]\\_components"
2026-02-08T12:24:55.161604Z  INFO get_files:scan_sources: tailwindcss_oxide::scanner: Discovering "C:\\dev\\devtalk\\app\\articles\\_components"
2026-02-08T12:24:55.161953Z  INFO get_files:scan_sources: tailwindcss_oxide::scanner: Discovering "C:\\dev\\devtalk\\app\\events"
2026-02-08T12:24:55.162196Z  INFO get_files:scan_sources: tailwindcss_oxide::scanner: Discovering "C:\\dev\\devtalk\\app\\events\\_components"
2026-02-08T12:24:55.162511Z  INFO get_files:scan_sources: tailwindcss_oxide::scanner: Discovering "C:\\dev\\devtalk\\app\\lobbies"
2026-02-08T12:24:55.162719Z  INFO get_files:scan_sources: tailwindcss_oxide::scanner: Discovering "C:\\dev\\devtalk\\app\\lobbies\\[id]"
2026-02-08T12:24:55.162906Z  INFO get_files:scan_sources: tailwindcss_oxide::scanner: Discovering "C:\\dev\\devtalk\\app\\lobbies\\[id]\\_components"
2026-02-08T12:24:55.163155Z  INFO get_files:scan_sources: tailwindcss_oxide::scanner: Discovering "C:\\dev\\devtalk\\app\\lobbies\\_components"
2026-02-08T12:24:55.163413Z  INFO get_files:scan_sources: tailwindcss_oxide::scanner: Discovering "C:\\dev\\devtalk\\app\\memes"
2026-02-08T12:24:55.163599Z  INFO get_files:scan_sources: tailwindcss_oxide::scanner: Discovering "C:\\dev\\devtalk\\app\\memes\\_components"
2026-02-08T12:24:55.163916Z  INFO get_files:scan_sources: tailwindcss_oxide::scanner: Discovering "C:\\dev\\devtalk\\app\\podcasts"
2026-02-08T12:24:55.164122Z  INFO get_files:scan_sources: tailwindcss_oxide::scanner: Discovering "C:\\dev\\devtalk\\app\\podcasts\\_components"
2026-02-08T12:24:55.164440Z  INFO get_files:scan_sources: tailwindcss_oxide::scanner: Discovering "C:\\dev\\devtalk\\app\\profile"
2026-02-08T12:24:55.164634Z  INFO get_files:scan_sources: tailwindcss_oxide::scanner: Discovering "C:\\dev\\devtalk\\app\\profile\\_components"
2026-02-08T12:24:55.164940Z  INFO get_files:scan_sources: tailwindcss_oxide::scanner: Discovering "C:\\dev\\devtalk\\components"
2026-02-08T12:24:55.165133Z  INFO get_files:scan_sources: tailwindcss_oxide::scanner: Discovering "C:\\dev\\devtalk\\components\\ui"
2026-02-08T12:24:55.165934Z  INFO get_files:scan_sources: tailwindcss_oxide::scanner: Discovering "C:\\dev\\devtalk\\lib"
2026-02-08T12:24:55.166586Z  INFO get_files:scan_sources: tailwindcss_oxide::scanner: Discovering "C:\\dev\\devtalk\\prisma"
2026-02-08T12:24:55.166745Z  INFO get_files:scan_sources: tailwindcss_oxide::scanner: Discovering "C:\\dev\\devtalk\\prisma\\client"
2026-02-08T12:24:55.167335Z  INFO get_files:scan_sources: tailwindcss_oxide::scanner: Discovering "C:\\dev\\devtalk\\prisma\\client\\runtime"
2026-02-08T12:24:55.167869Z  INFO get_files:scan_sources: tailwindcss_oxide::scanner: Discovering "C:\\dev\\devtalk\\public"
2026-02-08T12:24:55.168379Z  INFO get_files:scan_sources: tailwindcss_oxide::scanner: exit
2026-02-08T12:24:55.168527Z  INFO get_files: tailwindcss_oxide::scanner: exit
2026-02-08T12:24:55.169193Z  INFO get_globs: tailwindcss_oxide::scanner: enter
2026-02-08T12:24:55.169211Z  INFO get_globs:scan_sources: tailwindcss_oxide::scanner: enter
2026-02-08T12:24:55.171076Z  INFO get_globs:scan_sources: tailwindcss_oxide::scanner: Discovering "C:\\dev\\devtalk\\.github"
2026-02-08T12:24:55.171266Z  INFO get_globs:scan_sources: tailwindcss_oxide::scanner: Discovering "C:\\dev\\devtalk\\.github\\workflows"
2026-02-08T12:24:55.171657Z  INFO get_globs:scan_sources: tailwindcss_oxide::scanner: Discovering "C:\\dev\\devtalk\\app"
2026-02-08T12:24:55.171828Z  INFO get_globs:scan_sources: tailwindcss_oxide::scanner: Discovering "C:\\dev\\devtalk\\app\\actions"
2026-02-08T12:24:55.172075Z  INFO get_globs:scan_sources: tailwindcss_oxide::scanner: Discovering "C:\\dev\\devtalk\\app\\api"
2026-02-08T12:24:55.172304Z  INFO get_globs:scan_sources: tailwindcss_oxide::scanner: Discovering "C:\\dev\\devtalk\\app\\api\\articles"
2026-02-08T12:24:55.172538Z  INFO get_globs:scan_sources: tailwindcss_oxide::scanner: Discovering "C:\\dev\\devtalk\\app\\api\\articles\\[id]"
2026-02-08T12:24:55.172709Z  INFO get_globs:scan_sources: tailwindcss_oxide::scanner: Discovering "C:\\dev\\devtalk\\app\\api\\articles\\[id]\\read"
2026-02-08T12:24:55.172997Z  INFO get_globs:scan_sources: tailwindcss_oxide::scanner: Discovering "C:\\dev\\devtalk\\app\\api\\events"
2026-02-08T12:24:55.173219Z  INFO get_globs:scan_sources: tailwindcss_oxide::scanner: Discovering "C:\\dev\\devtalk\\app\\api\\lobbies"
2026-02-08T12:24:55.173621Z  INFO get_globs:scan_sources: tailwindcss_oxide::scanner: Discovering "C:\\dev\\devtalk\\app\\api\\memes"
2026-02-08T12:24:55.173910Z  INFO get_globs:scan_sources: tailwindcss_oxide::scanner: Discovering "C:\\dev\\devtalk\\app\\api\\permissions"
2026-02-08T12:24:55.174129Z  INFO get_globs:scan_sources: tailwindcss_oxide::scanner: Discovering "C:\\dev\\devtalk\\app\\api\\permissions\\lobby"
2026-02-08T12:24:55.174468Z  INFO get_globs:scan_sources: tailwindcss_oxide::scanner: Discovering "C:\\dev\\devtalk\\app\\api\\podcasts"
2026-02-08T12:24:55.174789Z  INFO get_globs:scan_sources: tailwindcss_oxide::scanner: Discovering "C:\\dev\\devtalk\\app\\articles"
2026-02-08T12:24:55.175086Z  INFO get_globs:scan_sources: tailwindcss_oxide::scanner: Discovering "C:\\dev\\devtalk\\app\\articles\\[id]"
2026-02-08T12:24:55.175316Z  INFO get_globs:scan_sources: tailwindcss_oxide::scanner: Discovering "C:\\dev\\devtalk\\app\\articles\\[id]\\_components"
2026-02-08T12:24:55.175570Z  INFO get_globs:scan_sources: tailwindcss_oxide::scanner: Discovering "C:\\dev\\devtalk\\app\\articles\\_components"
2026-02-08T12:24:55.175855Z  INFO get_globs:scan_sources: tailwindcss_oxide::scanner: Discovering "C:\\dev\\devtalk\\app\\events"
2026-02-08T12:24:55.176066Z  INFO get_globs:scan_sources: tailwindcss_oxide::scanner: Discovering "C:\\dev\\devtalk\\app\\events\\_components"
2026-02-08T12:24:55.176450Z  INFO get_globs:scan_sources: tailwindcss_oxide::scanner: Discovering "C:\\dev\\devtalk\\app\\lobbies"
2026-02-08T12:24:55.176796Z  INFO get_globs:scan_sources: tailwindcss_oxide::scanner: Discovering "C:\\dev\\devtalk\\app\\lobbies\\[id]"
2026-02-08T12:24:55.177049Z  INFO get_globs:scan_sources: tailwindcss_oxide::scanner: Discovering "C:\\dev\\devtalk\\app\\lobbies\\[id]\\_components"
2026-02-08T12:24:55.177375Z  INFO get_globs:scan_sources: tailwindcss_oxide::scanner: Discovering "C:\\dev\\devtalk\\app\\lobbies\\_components"
2026-02-08T12:24:55.177702Z  INFO get_globs:scan_sources: tailwindcss_oxide::scanner: Discovering "C:\\dev\\devtalk\\app\\memes"
2026-02-08T12:24:55.177990Z  INFO get_globs:scan_sources: tailwindcss_oxide::scanner: Discovering "C:\\dev\\devtalk\\app\\memes\\_components"
2026-02-08T12:24:55.178369Z  INFO get_globs:scan_sources: tailwindcss_oxide::scanner: Discovering "C:\\dev\\devtalk\\app\\podcasts"
2026-02-08T12:24:55.178597Z  INFO get_globs:scan_sources: tailwindcss_oxide::scanner: Discovering "C:\\dev\\devtalk\\app\\podcasts\\_components"
2026-02-08T12:24:55.178896Z  INFO get_globs:scan_sources: tailwindcss_oxide::scanner: Discovering "C:\\dev\\devtalk\\app\\profile"
2026-02-08T12:24:55.179105Z  INFO get_globs:scan_sources: tailwindcss_oxide::scanner: Discovering "C:\\dev\\devtalk\\app\\profile\\_components"
2026-02-08T12:24:55.179422Z  INFO get_globs:scan_sources: tailwindcss_oxide::scanner: Discovering "C:\\dev\\devtalk\\components"
2026-02-08T12:24:55.179621Z  INFO get_globs:scan_sources: tailwindcss_oxide::scanner: Discovering "C:\\dev\\devtalk\\components\\ui"
2026-02-08T12:24:55.180409Z  INFO get_globs:scan_sources: tailwindcss_oxide::scanner: Discovering "C:\\dev\\devtalk\\lib"
2026-02-08T12:24:55.181197Z  INFO get_globs:scan_sources: tailwindcss_oxide::scanner: Discovering "C:\\dev\\devtalk\\prisma"
2026-02-08T12:24:55.181377Z  INFO get_globs:scan_sources: tailwindcss_oxide::scanner: Discovering "C:\\dev\\devtalk\\prisma\\client"
2026-02-08T12:24:55.181941Z  INFO get_globs:scan_sources: tailwindcss_oxide::scanner: Discovering "C:\\dev\\devtalk\\prisma\\client\\runtime"
2026-02-08T12:24:55.182533Z  INFO get_globs:scan_sources: tailwindcss_oxide::scanner: Discovering "C:\\dev\\devtalk\\public"
2026-02-08T12:24:55.183145Z  INFO get_globs:scan_sources: tailwindcss_oxide::scanner: exit
2026-02-08T12:24:55.192322Z  INFO get_globs: tailwindcss_oxide::scanner: exit
