2026-02-08T11:31:11.901806Z  INFO tailwindcss_oxide::scanner: Provided sources:
2026-02-08T11:31:11.901955Z  INFO tailwindcss_oxide::scanner: Source: PublicSourceEntry { base: "C:\\dev\\devtalk", pattern: "**/*", negated: false }
2026-02-08T11:31:11.902171Z  INFO tailwindcss_oxide::scanner: Optimized sources:
2026-02-08T11:31:11.902195Z  INFO tailwindcss_oxide::scanner: Source: Auto { base: "C:\\dev\\devtalk" }
2026-02-08T11:31:11.904393Z  INFO scan_sources: tailwindcss_oxide::scanner: enter
2026-02-08T11:31:11.905871Z  INFO scan_sources: tailwindcss_oxide::scanner: Discovering "C:\\dev\\devtalk\\.github"
2026-02-08T11:31:11.906298Z  INFO scan_sources: tailwindcss_oxide::scanner: Discovering "C:\\dev\\devtalk\\.github\\workflows"
2026-02-08T11:31:11.906579Z  INFO scan_sources: tailwindcss_oxide::scanner: Discovering "C:\\dev\\devtalk\\.github\\workflows\\ci.yml"
2026-02-08T11:31:11.907039Z  INFO scan_sources: tailwindcss_oxide::scanner: Discovering "C:\\dev\\devtalk\\app"
2026-02-08T11:31:11.907229Z  INFO scan_sources: tailwindcss_oxide::scanner: Discovering "C:\\dev\\devtalk\\app\\actions"
2026-02-08T11:31:11.907374Z  INFO scan_sources: tailwindcss_oxide::scanner: Discovering "C:\\dev\\devtalk\\app\\actions\\lobby.ts"
2026-02-08T11:31:11.907439Z  INFO scan_sources: tailwindcss_oxide::scanner: Discovering "C:\\dev\\devtalk\\app\\actions\\user.ts"
2026-02-08T11:31:11.907562Z  INFO scan_sources: tailwindcss_oxide::scanner: Discovering "C:\\dev\\devtalk\\app\\api"
2026-02-08T11:31:11.907745Z  INFO scan_sources: tailwindcss_oxide::scanner: Discovering "C:\\dev\\devtalk\\app\\api\\events"
2026-02-08T11:31:11.907907Z  INFO scan_sources: tailwindcss_oxide::scanner: Discovering "C:\\dev\\devtalk\\app\\api\\events\\route.ts"
2026-02-08T11:31:11.908046Z  INFO scan_sources: tailwindcss_oxide::scanner: Discovering "C:\\dev\\devtalk\\app\\api\\memes"
2026-02-08T11:31:11.908194Z  INFO scan_sources: tailwindcss_oxide::scanner: Discovering "C:\\dev\\devtalk\\app\\api\\memes\\route.ts"
2026-02-08T11:31:11.908331Z  INFO scan_sources: tailwindcss_oxide::scanner: Discovering "C:\\dev\\devtalk\\app\\api\\podcasts"
2026-02-08T11:31:11.908486Z  INFO scan_sources: tailwindcss_oxide::scanner: Discovering "C:\\dev\\devtalk\\app\\api\\podcasts\\route.ts"
2026-02-08T11:31:11.908650Z  INFO scan_sources: tailwindcss_oxide::scanner: Discovering "C:\\dev\\devtalk\\app\\events"
2026-02-08T11:31:11.908782Z  INFO scan_sources: tailwindcss_oxide::scanner: Discovering "C:\\dev\\devtalk\\app\\events\\page.tsx"
2026-02-08T11:31:11.908884Z  INFO scan_sources: tailwindcss_oxide::scanner: Discovering "C:\\dev\\devtalk\\app\\events\\_components"
2026-02-08T11:31:11.909023Z  INFO scan_sources: tailwindcss_oxide::scanner: Discovering "C:\\dev\\devtalk\\app\\events\\_components\\CreateEventDialog.tsx"
2026-02-08T11:31:11.909085Z  INFO scan_sources: tailwindcss_oxide::scanner: Discovering "C:\\dev\\devtalk\\app\\events\\_components\\EventCard.tsx"
2026-02-08T11:31:11.909200Z  INFO scan_sources: tailwindcss_oxide::scanner: Discovering "C:\\dev\\devtalk\\app\\globals.css"
2026-02-08T11:31:11.909260Z  INFO scan_sources: tailwindcss_oxide::scanner: Discovering "C:\\dev\\devtalk\\app\\layout.tsx"
2026-02-08T11:31:11.909379Z  INFO scan_sources: tailwindcss_oxide::scanner: Discovering "C:\\dev\\devtalk\\app\\lobbies"
2026-02-08T11:31:11.909509Z  INFO scan_sources: tailwindcss_oxide::scanner: Discovering "C:\\dev\\devtalk\\app\\lobbies\\page.tsx"
2026-02-08T11:31:11.909633Z  INFO scan_sources: tailwindcss_oxide::scanner: Discovering "C:\\dev\\devtalk\\app\\lobbies\\[id]"
2026-02-08T11:31:11.909774Z  INFO scan_sources: tailwindcss_oxide::scanner: Discovering "C:\\dev\\devtalk\\app\\lobbies\\[id]\\page.tsx"
2026-02-08T11:31:11.909896Z  INFO scan_sources: tailwindcss_oxide::scanner: Discovering "C:\\dev\\devtalk\\app\\lobbies\\[id]\\_components"
2026-02-08T11:31:11.910080Z  INFO scan_sources: tailwindcss_oxide::scanner: Discovering "C:\\dev\\devtalk\\app\\lobbies\\[id]\\_components\\LobbyRoom.tsx"
2026-02-08T11:31:11.910228Z  INFO scan_sources: tailwindcss_oxide::scanner: Discovering "C:\\dev\\devtalk\\app\\lobbies\\_components"
2026-02-08T11:31:11.910465Z  INFO scan_sources: tailwindcss_oxide::scanner: Discovering "C:\\dev\\devtalk\\app\\lobbies\\_components\\CreateLobbyDialog.tsx"
2026-02-08T11:31:11.910564Z  INFO scan_sources: tailwindcss_oxide::scanner: Discovering "C:\\dev\\devtalk\\app\\lobbies\\_components\\LobbyCard.tsx"
2026-02-08T11:31:11.910703Z  INFO scan_sources: tailwindcss_oxide::scanner: Discovering "C:\\dev\\devtalk\\app\\memes"
2026-02-08T11:31:11.910822Z  INFO scan_sources: tailwindcss_oxide::scanner: Discovering "C:\\dev\\devtalk\\app\\memes\\page.tsx"
2026-02-08T11:31:11.910915Z  INFO scan_sources: tailwindcss_oxide::scanner: Discovering "C:\\dev\\devtalk\\app\\memes\\_components"
2026-02-08T11:31:11.911036Z  INFO scan_sources: tailwindcss_oxide::scanner: Discovering "C:\\dev\\devtalk\\app\\memes\\_components\\MemeCard.tsx"
2026-02-08T11:31:11.911100Z  INFO scan_sources: tailwindcss_oxide::scanner: Discovering "C:\\dev\\devtalk\\app\\memes\\_components\\UploadMemeDialog.tsx"
2026-02-08T11:31:11.911195Z  INFO scan_sources: tailwindcss_oxide::scanner: Discovering "C:\\dev\\devtalk\\app\\page.tsx"
2026-02-08T11:31:11.911292Z  INFO scan_sources: tailwindcss_oxide::scanner: Discovering "C:\\dev\\devtalk\\app\\podcasts"
2026-02-08T11:31:11.911415Z  INFO scan_sources: tailwindcss_oxide::scanner: Discovering "C:\\dev\\devtalk\\app\\podcasts\\page.tsx"
2026-02-08T11:31:11.911507Z  INFO scan_sources: tailwindcss_oxide::scanner: Discovering "C:\\dev\\devtalk\\app\\podcasts\\_components"
2026-02-08T11:31:11.911708Z  INFO scan_sources: tailwindcss_oxide::scanner: Discovering "C:\\dev\\devtalk\\app\\podcasts\\_components\\PodcastCard.tsx"
2026-02-08T11:31:11.911812Z  INFO scan_sources: tailwindcss_oxide::scanner: Discovering "C:\\dev\\devtalk\\app\\podcasts\\_components\\UploadPodcastDialog.tsx"
2026-02-08T11:31:11.912002Z  INFO scan_sources: tailwindcss_oxide::scanner: Discovering "C:\\dev\\devtalk\\app\\profile"
2026-02-08T11:31:11.912180Z  INFO scan_sources: tailwindcss_oxide::scanner: Discovering "C:\\dev\\devtalk\\app\\profile\\page.tsx"
2026-02-08T11:31:11.912304Z  INFO scan_sources: tailwindcss_oxide::scanner: Discovering "C:\\dev\\devtalk\\app\\profile\\_components"
2026-02-08T11:31:11.912456Z  INFO scan_sources: tailwindcss_oxide::scanner: Discovering "C:\\dev\\devtalk\\app\\profile\\_components\\ProfileForm.tsx"
2026-02-08T11:31:11.912542Z  INFO scan_sources: tailwindcss_oxide::scanner: Discovering "C:\\dev\\devtalk\\app\\profile\\_components\\TechStackEditor.tsx"
2026-02-08T11:31:11.912772Z  INFO scan_sources: tailwindcss_oxide::scanner: Discovering "C:\\dev\\devtalk\\components"
2026-02-08T11:31:11.912964Z  INFO scan_sources: tailwindcss_oxide::scanner: Discovering "C:\\dev\\devtalk\\components\\Navbar.tsx"
2026-02-08T11:31:11.913071Z  INFO scan_sources: tailwindcss_oxide::scanner: Discovering "C:\\dev\\devtalk\\components\\ui"
2026-02-08T11:31:11.913219Z  INFO scan_sources: tailwindcss_oxide::scanner: Discovering "C:\\dev\\devtalk\\components\\ui\\avatar.tsx"
2026-02-08T11:31:11.913292Z  INFO scan_sources: tailwindcss_oxide::scanner: Discovering "C:\\dev\\devtalk\\components\\ui\\badge.tsx"
2026-02-08T11:31:11.913358Z  INFO scan_sources: tailwindcss_oxide::scanner: Discovering "C:\\dev\\devtalk\\components\\ui\\button.tsx"
2026-02-08T11:31:11.913419Z  INFO scan_sources: tailwindcss_oxide::scanner: Discovering "C:\\dev\\devtalk\\components\\ui\\card.tsx"
2026-02-08T11:31:11.913479Z  INFO scan_sources: tailwindcss_oxide::scanner: Discovering "C:\\dev\\devtalk\\components\\ui\\dialog.tsx"
2026-02-08T11:31:11.913540Z  INFO scan_sources: tailwindcss_oxide::scanner: Discovering "C:\\dev\\devtalk\\components\\ui\\dropdown-menu.tsx"
2026-02-08T11:31:11.913607Z  INFO scan_sources: tailwindcss_oxide::scanner: Discovering "C:\\dev\\devtalk\\components\\ui\\input.tsx"
2026-02-08T11:31:11.913671Z  INFO scan_sources: tailwindcss_oxide::scanner: Discovering "C:\\dev\\devtalk\\components\\ui\\label.tsx"
2026-02-08T11:31:11.913731Z  INFO scan_sources: tailwindcss_oxide::scanner: Discovering "C:\\dev\\devtalk\\components\\ui\\scroll-area.tsx"
2026-02-08T11:31:11.913869Z  INFO scan_sources: tailwindcss_oxide::scanner: Discovering "C:\\dev\\devtalk\\components\\ui\\sonner.tsx"
2026-02-08T11:31:11.913941Z  INFO scan_sources: tailwindcss_oxide::scanner: Discovering "C:\\dev\\devtalk\\components\\ui\\textarea.tsx"
2026-02-08T11:31:11.914054Z  INFO scan_sources: tailwindcss_oxide::scanner: Discovering "C:\\dev\\devtalk\\components.json"
2026-02-08T11:31:11.914118Z  INFO scan_sources: tailwindcss_oxide::scanner: Discovering "C:\\dev\\devtalk\\DESIGN-SYSTEM.md"
2026-02-08T11:31:11.914179Z  INFO scan_sources: tailwindcss_oxide::scanner: Discovering "C:\\dev\\devtalk\\docker-compose.yml"
2026-02-08T11:31:11.914241Z  INFO scan_sources: tailwindcss_oxide::scanner: Discovering "C:\\dev\\devtalk\\eslint.config.mjs"
2026-02-08T11:31:11.914355Z  INFO scan_sources: tailwindcss_oxide::scanner: Discovering "C:\\dev\\devtalk\\lib"
2026-02-08T11:31:11.914497Z  INFO scan_sources: tailwindcss_oxide::scanner: Discovering "C:\\dev\\devtalk\\lib\\db.ts"
2026-02-08T11:31:11.914561Z  INFO scan_sources: tailwindcss_oxide::scanner: Discovering "C:\\dev\\devtalk\\lib\\pusher.ts"
2026-02-08T11:31:11.914620Z  INFO scan_sources: tailwindcss_oxide::scanner: Discovering "C:\\dev\\devtalk\\lib\\utils.ts"
2026-02-08T11:31:11.914715Z  INFO scan_sources: tailwindcss_oxide::scanner: Discovering "C:\\dev\\devtalk\\next.config.ts"
2026-02-08T11:31:11.915023Z  INFO scan_sources: tailwindcss_oxide::scanner: Discovering "C:\\dev\\devtalk\\package.json"
2026-02-08T11:31:11.915094Z  INFO scan_sources: tailwindcss_oxide::scanner: Discovering "C:\\dev\\devtalk\\postcss.config.mjs"
2026-02-08T11:31:11.915204Z  INFO scan_sources: tailwindcss_oxide::scanner: Discovering "C:\\dev\\devtalk\\prisma"
2026-02-08T11:31:11.915383Z  INFO scan_sources: tailwindcss_oxide::scanner: Discovering "C:\\dev\\devtalk\\prisma\\client"
2026-02-08T11:31:11.915584Z  INFO scan_sources: tailwindcss_oxide::scanner: Discovering "C:\\dev\\devtalk\\prisma\\client\\client.d.ts"
2026-02-08T11:31:11.915657Z  INFO scan_sources: tailwindcss_oxide::scanner: Discovering "C:\\dev\\devtalk\\prisma\\client\\client.js"
2026-02-08T11:31:11.915720Z  INFO scan_sources: tailwindcss_oxide::scanner: Discovering "C:\\dev\\devtalk\\prisma\\client\\default.d.ts"
2026-02-08T11:31:11.915828Z  INFO scan_sources: tailwindcss_oxide::scanner: Discovering "C:\\dev\\devtalk\\prisma\\client\\default.js"
2026-02-08T11:31:11.915887Z  INFO scan_sources: tailwindcss_oxide::scanner: Discovering "C:\\dev\\devtalk\\prisma\\client\\edge.d.ts"
2026-02-08T11:31:11.915944Z  INFO scan_sources: tailwindcss_oxide::scanner: Discovering "C:\\dev\\devtalk\\prisma\\client\\edge.js"
2026-02-08T11:31:11.916029Z  INFO scan_sources: tailwindcss_oxide::scanner: Discovering "C:\\dev\\devtalk\\prisma\\client\\index-browser.js"
2026-02-08T11:31:11.916085Z  INFO scan_sources: tailwindcss_oxide::scanner: Discovering "C:\\dev\\devtalk\\prisma\\client\\index.d.ts"
2026-02-08T11:31:11.916158Z  INFO scan_sources: tailwindcss_oxide::scanner: Discovering "C:\\dev\\devtalk\\prisma\\client\\index.js"
2026-02-08T11:31:11.916219Z  INFO scan_sources: tailwindcss_oxide::scanner: Discovering "C:\\dev\\devtalk\\prisma\\client\\package.json"
2026-02-08T11:31:11.916287Z  INFO scan_sources: tailwindcss_oxide::scanner: Discovering "C:\\dev\\devtalk\\prisma\\client\\query_compiler_fast_bg.js"
2026-02-08T11:31:11.916362Z  INFO scan_sources: tailwindcss_oxide::scanner: Discovering "C:\\dev\\devtalk\\prisma\\client\\query_compiler_fast_bg.wasm-base64.js"
2026-02-08T11:31:11.916474Z  INFO scan_sources: tailwindcss_oxide::scanner: Discovering "C:\\dev\\devtalk\\prisma\\client\\runtime"
2026-02-08T11:31:11.916614Z  INFO scan_sources: tailwindcss_oxide::scanner: Discovering "C:\\dev\\devtalk\\prisma\\client\\runtime\\client.d.ts"
2026-02-08T11:31:11.916679Z  INFO scan_sources: tailwindcss_oxide::scanner: Discovering "C:\\dev\\devtalk\\prisma\\client\\runtime\\client.js"
2026-02-08T11:31:11.916737Z  INFO scan_sources: tailwindcss_oxide::scanner: Discovering "C:\\dev\\devtalk\\prisma\\client\\runtime\\index-browser.d.ts"
2026-02-08T11:31:11.916805Z  INFO scan_sources: tailwindcss_oxide::scanner: Discovering "C:\\dev\\devtalk\\prisma\\client\\runtime\\index-browser.js"
2026-02-08T11:31:11.916864Z  INFO scan_sources: tailwindcss_oxide::scanner: Discovering "C:\\dev\\devtalk\\prisma\\client\\runtime\\wasm-compiler-edge.js"
2026-02-08T11:31:11.916947Z  INFO scan_sources: tailwindcss_oxide::scanner: Discovering "C:\\dev\\devtalk\\prisma\\client\\schema.prisma"
2026-02-08T11:31:11.917015Z  INFO scan_sources: tailwindcss_oxide::scanner: Discovering "C:\\dev\\devtalk\\prisma\\client\\wasm-edge-light-loader.mjs"
2026-02-08T11:31:11.917071Z  INFO scan_sources: tailwindcss_oxide::scanner: Discovering "C:\\dev\\devtalk\\prisma\\client\\wasm-worker-loader.mjs"
2026-02-08T11:31:11.917150Z  INFO scan_sources: tailwindcss_oxide::scanner: Discovering "C:\\dev\\devtalk\\prisma\\schema.prisma"
2026-02-08T11:31:11.917233Z  INFO scan_sources: tailwindcss_oxide::scanner: Discovering "C:\\dev\\devtalk\\prisma.config.ts"
2026-02-08T11:31:11.917331Z  INFO scan_sources: tailwindcss_oxide::scanner: Discovering "C:\\dev\\devtalk\\public"
2026-02-08T11:31:11.917481Z  INFO scan_sources: tailwindcss_oxide::scanner: Discovering "C:\\dev\\devtalk\\public\\file.svg"
2026-02-08T11:31:11.917544Z  INFO scan_sources: tailwindcss_oxide::scanner: Discovering "C:\\dev\\devtalk\\public\\globe.svg"
2026-02-08T11:31:11.917603Z  INFO scan_sources: tailwindcss_oxide::scanner: Discovering "C:\\dev\\devtalk\\public\\next.svg"
2026-02-08T11:31:11.917663Z  INFO scan_sources: tailwindcss_oxide::scanner: Discovering "C:\\dev\\devtalk\\public\\vercel.svg"
2026-02-08T11:31:11.917718Z  INFO scan_sources: tailwindcss_oxide::scanner: Discovering "C:\\dev\\devtalk\\public\\window.svg"
2026-02-08T11:31:11.917797Z  INFO scan_sources: tailwindcss_oxide::scanner: Discovering "C:\\dev\\devtalk\\README.md"
2026-02-08T11:31:11.917901Z  INFO scan_sources: tailwindcss_oxide::scanner: Discovering "C:\\dev\\devtalk\\test-db.js"
2026-02-08T11:31:11.917958Z  INFO scan_sources: tailwindcss_oxide::scanner: Discovering "C:\\dev\\devtalk\\tsconfig.json"
2026-02-08T11:31:11.918064Z  INFO scan_sources: tailwindcss_oxide::scanner: exit
2026-02-08T11:31:11.918076Z  INFO extract_candidates: tailwindcss_oxide::scanner: enter
2026-02-08T11:31:11.918085Z  INFO extract_candidates:read_all_files: tailwindcss_oxide::scanner: enter
2026-02-08T11:31:11.918090Z  INFO extract_candidates:read_all_files: tailwindcss_oxide::scanner: Reading 77 file(s)
2026-02-08T11:31:11.918739Z  INFO tailwindcss_oxide::scanner: Reading "C:\\dev\\devtalk\\prisma\\client\\query_compiler_fast_bg.js"
2026-02-08T11:31:11.918756Z  INFO tailwindcss_oxide::scanner: Reading "C:\\dev\\devtalk\\DESIGN-SYSTEM.md"
2026-02-08T11:31:11.918753Z  INFO tailwindcss_oxide::scanner: Reading "C:\\dev\\devtalk\\prisma\\client\\client.d.ts"
2026-02-08T11:31:11.918745Z  INFO tailwindcss_oxide::scanner: Reading "C:\\dev\\devtalk\\.github\\workflows\\ci.yml"
2026-02-08T11:31:11.918843Z  INFO tailwindcss_oxide::scanner: Reading "C:\\dev\\devtalk\\lib\\pusher.ts"
2026-02-08T11:31:11.918887Z  INFO tailwindcss_oxide::scanner: Reading "C:\\dev\\devtalk\\prisma\\client\\client.js"
2026-02-08T11:31:11.918936Z  INFO tailwindcss_oxide::scanner: Reading "C:\\dev\\devtalk\\app\\actions\\lobby.ts"
2026-02-08T11:31:11.918966Z  INFO tailwindcss_oxide::scanner: Reading "C:\\dev\\devtalk\\eslint.config.mjs"
2026-02-08T11:31:11.919003Z  INFO tailwindcss_oxide::scanner: Reading "C:\\dev\\devtalk\\docker-compose.yml"
2026-02-08T11:31:11.919024Z  INFO tailwindcss_oxide::scanner: Reading "C:\\dev\\devtalk\\prisma\\client\\default.d.ts"
2026-02-08T11:31:11.919051Z  INFO tailwindcss_oxide::scanner: Reading "C:\\dev\\devtalk\\lib\\utils.ts"
2026-02-08T11:31:11.919130Z  INFO tailwindcss_oxide::scanner: Reading "C:\\dev\\devtalk\\lib\\db.ts"
2026-02-08T11:31:11.919139Z  INFO tailwindcss_oxide::scanner: Reading "C:\\dev\\devtalk\\prisma\\client\\default.js"
2026-02-08T11:31:11.919141Z  INFO tailwindcss_oxide::scanner: Reading "C:\\dev\\devtalk\\prisma\\schema.prisma"
2026-02-08T11:31:11.919146Z  INFO tailwindcss_oxide::scanner: Reading "C:\\dev\\devtalk\\prisma\\client\\runtime\\index-browser.js"
2026-02-08T11:31:11.919297Z  INFO tailwindcss_oxide::scanner: Reading "C:\\dev\\devtalk\\package.json"
2026-02-08T11:31:11.919163Z  INFO tailwindcss_oxide::scanner: Reading "C:\\dev\\devtalk\\prisma\\client\\schema.prisma"
2026-02-08T11:31:11.919178Z  INFO tailwindcss_oxide::scanner: Reading "C:\\dev\\devtalk\\next.config.ts"
2026-02-08T11:31:11.919375Z  INFO tailwindcss_oxide::scanner: Reading "C:\\dev\\devtalk\\prisma\\client\\runtime\\wasm-compiler-edge.js"
2026-02-08T11:31:11.919155Z  INFO tailwindcss_oxide::scanner: Reading "C:\\dev\\devtalk\\app\\actions\\user.ts"
2026-02-08T11:31:11.919365Z  INFO tailwindcss_oxide::scanner: Reading "C:\\dev\\devtalk\\prisma.config.ts"
2026-02-08T11:31:11.919431Z  INFO tailwindcss_oxide::scanner: Reading "C:\\dev\\devtalk\\postcss.config.mjs"
2026-02-08T11:31:11.919374Z  INFO tailwindcss_oxide::scanner: Reading "C:\\dev\\devtalk\\app\\podcasts\\page.tsx"
2026-02-08T11:31:11.919282Z  INFO tailwindcss_oxide::scanner: Reading "C:\\dev\\devtalk\\prisma\\client\\edge.d.ts"
2026-02-08T11:31:11.919416Z  INFO tailwindcss_oxide::scanner: Reading "C:\\dev\\devtalk\\prisma\\client\\wasm-edge-light-loader.mjs"
2026-02-08T11:31:11.919535Z  INFO tailwindcss_oxide::scanner: Reading "C:\\dev\\devtalk\\prisma\\client\\edge.js"
2026-02-08T11:31:11.919574Z  INFO tailwindcss_oxide::scanner: Reading "C:\\dev\\devtalk\\public\\file.svg"
2026-02-08T11:31:11.919590Z  INFO tailwindcss_oxide::scanner: Reading "C:\\dev\\devtalk\\components\\ui\\button.tsx"
2026-02-08T11:31:11.919613Z  INFO tailwindcss_oxide::scanner: Reading "C:\\dev\\devtalk\\prisma\\client\\runtime\\index-browser.d.ts"
2026-02-08T11:31:11.919619Z  INFO tailwindcss_oxide::scanner: Reading "C:\\dev\\devtalk\\app\\podcasts\\_components\\PodcastCard.tsx"
2026-02-08T11:31:11.919697Z  INFO tailwindcss_oxide::scanner: Reading "C:\\dev\\devtalk\\app\\api\\events\\route.ts"
2026-02-08T11:31:11.919685Z  INFO tailwindcss_oxide::scanner: Reading "C:\\dev\\devtalk\\prisma\\client\\runtime\\client.js"
2026-02-08T11:31:11.919699Z  INFO tailwindcss_oxide::scanner: Reading "C:\\dev\\devtalk\\app\\layout.tsx"
2026-02-08T11:31:11.919710Z  INFO tailwindcss_oxide::scanner: Reading "C:\\dev\\devtalk\\prisma\\client\\runtime\\client.d.ts"
2026-02-08T11:31:11.919757Z  INFO tailwindcss_oxide::scanner: Reading "C:\\dev\\devtalk\\components\\ui\\card.tsx"
2026-02-08T11:31:11.919776Z  INFO tailwindcss_oxide::scanner: Reading "C:\\dev\\devtalk\\components\\ui\\dialog.tsx"
2026-02-08T11:31:11.919723Z  INFO tailwindcss_oxide::scanner: Reading "C:\\dev\\devtalk\\public\\globe.svg"
2026-02-08T11:31:11.919823Z  INFO tailwindcss_oxide::scanner: Reading "C:\\dev\\devtalk\\app\\podcasts\\_components\\UploadPodcastDialog.tsx"
2026-02-08T11:31:11.919845Z  INFO tailwindcss_oxide::scanner: Reading "C:\\dev\\devtalk\\components\\ui\\sonner.tsx"
2026-02-08T11:31:11.919730Z  INFO tailwindcss_oxide::scanner: Reading "C:\\dev\\devtalk\\app\\api\\memes\\route.ts"
2026-02-08T11:31:11.919660Z  INFO tailwindcss_oxide::scanner: Reading "C:\\dev\\devtalk\\prisma\\client\\wasm-worker-loader.mjs"
2026-02-08T11:31:11.919966Z  INFO tailwindcss_oxide::scanner: Reading "C:\\dev\\devtalk\\app\\lobbies\\page.tsx"
2026-02-08T11:31:11.920019Z  INFO tailwindcss_oxide::scanner: Reading "C:\\dev\\devtalk\\public\\vercel.svg"
2026-02-08T11:31:11.920037Z  INFO tailwindcss_oxide::scanner: Reading "C:\\dev\\devtalk\\public\\next.svg"
2026-02-08T11:31:11.919730Z  INFO tailwindcss_oxide::scanner: Reading "C:\\dev\\devtalk\\prisma\\client\\index-browser.js"
2026-02-08T11:31:11.920066Z  INFO tailwindcss_oxide::scanner: Reading "C:\\dev\\devtalk\\app\\api\\podcasts\\route.ts"
2026-02-08T11:31:11.920077Z  INFO tailwindcss_oxide::scanner: Reading "C:\\dev\\devtalk\\app\\profile\\_components\\TechStackEditor.tsx"
2026-02-08T11:31:11.920110Z  INFO tailwindcss_oxide::scanner: Reading "C:\\dev\\devtalk\\app\\events\\page.tsx"
2026-02-08T11:31:11.920121Z  INFO tailwindcss_oxide::scanner: Reading "C:\\dev\\devtalk\\components\\ui\\scroll-area.tsx"
2026-02-08T11:31:11.920083Z  INFO tailwindcss_oxide::scanner: Reading "C:\\dev\\devtalk\\app\\profile\\_components\\ProfileForm.tsx"
2026-02-08T11:31:11.920165Z  INFO tailwindcss_oxide::scanner: Reading "C:\\dev\\devtalk\\public\\window.svg"
2026-02-08T11:31:11.920159Z  INFO tailwindcss_oxide::scanner: Reading "C:\\dev\\devtalk\\components\\ui\\dropdown-menu.tsx"
2026-02-08T11:31:11.920198Z  INFO tailwindcss_oxide::scanner: Reading "C:\\dev\\devtalk\\README.md"
2026-02-08T11:31:11.920026Z  INFO tailwindcss_oxide::scanner: Reading "C:\\dev\\devtalk\\app\\profile\\page.tsx"
2026-02-08T11:31:11.920223Z  INFO tailwindcss_oxide::scanner: Reading "C:\\dev\\devtalk\\components\\ui\\avatar.tsx"
2026-02-08T11:31:11.920250Z  INFO tailwindcss_oxide::scanner: Reading "C:\\dev\\devtalk\\components\\ui\\textarea.tsx"
2026-02-08T11:31:11.920269Z  INFO tailwindcss_oxide::scanner: Reading "C:\\dev\\devtalk\\app\\events\\_components\\CreateEventDialog.tsx"
2026-02-08T11:31:11.920293Z  INFO tailwindcss_oxide::scanner: Reading "C:\\dev\\devtalk\\components.json"
2026-02-08T11:31:11.920312Z  INFO tailwindcss_oxide::scanner: Reading "C:\\dev\\devtalk\\test-db.js"
2026-02-08T11:31:11.920356Z  INFO tailwindcss_oxide::scanner: Reading "C:\\dev\\devtalk\\app\\lobbies\\[id]\\_components\\LobbyRoom.tsx"
2026-02-08T11:31:11.920130Z  INFO tailwindcss_oxide::scanner: Reading "C:\\dev\\devtalk\\app\\lobbies\\[id]\\page.tsx"
2026-02-08T11:31:11.919719Z  INFO tailwindcss_oxide::scanner: Reading "C:\\dev\\devtalk\\components\\ui\\label.tsx"
2026-02-08T11:31:11.920379Z  INFO tailwindcss_oxide::scanner: Reading "C:\\dev\\devtalk\\app\\lobbies\\_components\\LobbyCard.tsx"
2026-02-08T11:31:11.920210Z  INFO tailwindcss_oxide::scanner: Reading "C:\\dev\\devtalk\\components\\ui\\input.tsx"
2026-02-08T11:31:11.920338Z  INFO tailwindcss_oxide::scanner: Reading "C:\\dev\\devtalk\\prisma\\client\\index.js"
2026-02-08T11:31:11.920438Z  INFO tailwindcss_oxide::scanner: Reading "C:\\dev\\devtalk\\tsconfig.json"
2026-02-08T11:31:11.920260Z  INFO tailwindcss_oxide::scanner: Reading "C:\\dev\\devtalk\\components\\ui\\badge.tsx"
2026-02-08T11:31:11.920513Z  INFO tailwindcss_oxide::scanner: Reading "C:\\dev\\devtalk\\app\\page.tsx"
2026-02-08T11:31:11.920319Z  INFO tailwindcss_oxide::scanner: Reading "C:\\dev\\devtalk\\prisma\\client\\index.d.ts"
2026-02-08T11:31:11.920037Z  INFO tailwindcss_oxide::scanner: Reading "C:\\dev\\devtalk\\components\\Navbar.tsx"
2026-02-08T11:31:11.920579Z  INFO tailwindcss_oxide::scanner: Reading "C:\\dev\\devtalk\\app\\memes\\page.tsx"
2026-02-08T11:31:11.920470Z  INFO tailwindcss_oxide::scanner: Reading "C:\\dev\\devtalk\\app\\memes\\_components\\UploadMemeDialog.tsx"
2026-02-08T11:31:11.920639Z  INFO tailwindcss_oxide::scanner: Reading "C:\\dev\\devtalk\\prisma\\client\\package.json"
2026-02-08T11:31:11.920379Z  INFO tailwindcss_oxide::scanner: Reading "C:\\dev\\devtalk\\app\\events\\_components\\EventCard.tsx"
2026-02-08T11:31:11.920506Z  INFO tailwindcss_oxide::scanner: Reading "C:\\dev\\devtalk\\app\\lobbies\\_components\\CreateLobbyDialog.tsx"
2026-02-08T11:31:11.920418Z  INFO tailwindcss_oxide::scanner: Reading "C:\\dev\\devtalk\\app\\memes\\_components\\MemeCard.tsx"
2026-02-08T11:31:11.922190Z  INFO tailwindcss_oxide::scanner: Reading "C:\\dev\\devtalk\\prisma\\client\\query_compiler_fast_bg.wasm-base64.js"
2026-02-08T11:31:11.924321Z  INFO extract_candidates:read_all_files: tailwindcss_oxide::scanner: exit
2026-02-08T11:31:11.924360Z  INFO extract_candidates:parse_all_blobs: tailwindcss_oxide::scanner: enter
2026-02-08T11:31:11.924367Z  INFO extract_candidates:parse_all_blobs:extract: tailwindcss_oxide::scanner: enter
2026-02-08T11:31:11.939496Z  INFO extract_candidates:parse_all_blobs:extract: tailwindcss_oxide::scanner: exit
2026-02-08T11:31:11.939820Z  INFO extract_candidates:parse_all_blobs: tailwindcss_oxide::scanner: exit
2026-02-08T11:31:11.939834Z  INFO extract_candidates:read_all_files: tailwindcss_oxide::scanner: enter
2026-02-08T11:31:11.939839Z  INFO extract_candidates:read_all_files: tailwindcss_oxide::scanner: Reading 1 file(s)
2026-02-08T11:31:11.940030Z  INFO extract_candidates:read_all_files: tailwindcss_oxide::scanner: Reading "C:\\dev\\devtalk\\app\\globals.css"
2026-02-08T11:31:11.940045Z  INFO extract_candidates:read_all_files: tailwindcss_oxide::scanner: exit
2026-02-08T11:31:11.940057Z  INFO extract_candidates:extract_css_variables: tailwindcss_oxide::scanner: enter
2026-02-08T11:31:11.940062Z  INFO extract_candidates:extract_css_variables:extract: tailwindcss_oxide::scanner: enter
2026-02-08T11:31:11.940209Z  INFO extract_candidates:extract_css_variables:extract: tailwindcss_oxide::scanner: exit
2026-02-08T11:31:11.940233Z  INFO extract_candidates:extract_css_variables: tailwindcss_oxide::scanner: exit
2026-02-08T11:31:11.941199Z  INFO extract_candidates: tailwindcss_oxide::scanner: exit
2026-02-08T11:31:11.942608Z  INFO get_files: tailwindcss_oxide::scanner: enter
2026-02-08T11:31:11.942648Z  INFO get_files:scan_sources: tailwindcss_oxide::scanner: enter
2026-02-08T11:31:11.944441Z  INFO get_files:scan_sources: tailwindcss_oxide::scanner: Discovering "C:\\dev\\devtalk\\.github"
2026-02-08T11:31:11.944675Z  INFO get_files:scan_sources: tailwindcss_oxide::scanner: Discovering "C:\\dev\\devtalk\\.github\\workflows"
2026-02-08T11:31:11.945153Z  INFO get_files:scan_sources: tailwindcss_oxide::scanner: Discovering "C:\\dev\\devtalk\\app"
2026-02-08T11:31:11.945347Z  INFO get_files:scan_sources: tailwindcss_oxide::scanner: Discovering "C:\\dev\\devtalk\\app\\actions"
2026-02-08T11:31:11.945637Z  INFO get_files:scan_sources: tailwindcss_oxide::scanner: Discovering "C:\\dev\\devtalk\\app\\api"
2026-02-08T11:31:11.945824Z  INFO get_files:scan_sources: tailwindcss_oxide::scanner: Discovering "C:\\dev\\devtalk\\app\\api\\events"
2026-02-08T11:31:11.946045Z  INFO get_files:scan_sources: tailwindcss_oxide::scanner: Discovering "C:\\dev\\devtalk\\app\\api\\memes"
2026-02-08T11:31:11.946290Z  INFO get_files:scan_sources: tailwindcss_oxide::scanner: Discovering "C:\\dev\\devtalk\\app\\api\\podcasts"
2026-02-08T11:31:11.946523Z  INFO get_files:scan_sources: tailwindcss_oxide::scanner: Discovering "C:\\dev\\devtalk\\app\\events"
2026-02-08T11:31:11.946739Z  INFO get_files:scan_sources: tailwindcss_oxide::scanner: Discovering "C:\\dev\\devtalk\\app\\events\\_components"
2026-02-08T11:31:11.947130Z  INFO get_files:scan_sources: tailwindcss_oxide::scanner: Discovering "C:\\dev\\devtalk\\app\\lobbies"
2026-02-08T11:31:11.947445Z  INFO get_files:scan_sources: tailwindcss_oxide::scanner: Discovering "C:\\dev\\devtalk\\app\\lobbies\\[id]"
2026-02-08T11:31:11.947687Z  INFO get_files:scan_sources: tailwindcss_oxide::scanner: Discovering "C:\\dev\\devtalk\\app\\lobbies\\[id]\\_components"
2026-02-08T11:31:11.947928Z  INFO get_files:scan_sources: tailwindcss_oxide::scanner: Discovering "C:\\dev\\devtalk\\app\\lobbies\\_components"
2026-02-08T11:31:11.948191Z  INFO get_files:scan_sources: tailwindcss_oxide::scanner: Discovering "C:\\dev\\devtalk\\app\\memes"
2026-02-08T11:31:11.948388Z  INFO get_files:scan_sources: tailwindcss_oxide::scanner: Discovering "C:\\dev\\devtalk\\app\\memes\\_components"
2026-02-08T11:31:11.948795Z  INFO get_files:scan_sources: tailwindcss_oxide::scanner: Discovering "C:\\dev\\devtalk\\app\\podcasts"
2026-02-08T11:31:11.949058Z  INFO get_files:scan_sources: tailwindcss_oxide::scanner: Discovering "C:\\dev\\devtalk\\app\\podcasts\\_components"
2026-02-08T11:31:11.949450Z  INFO get_files:scan_sources: tailwindcss_oxide::scanner: Discovering "C:\\dev\\devtalk\\app\\profile"
2026-02-08T11:31:11.949669Z  INFO get_files:scan_sources: tailwindcss_oxide::scanner: Discovering "C:\\dev\\devtalk\\app\\profile\\_components"
2026-02-08T11:31:11.950057Z  INFO get_files:scan_sources: tailwindcss_oxide::scanner: Discovering "C:\\dev\\devtalk\\components"
2026-02-08T11:31:11.950294Z  INFO get_files:scan_sources: tailwindcss_oxide::scanner: Discovering "C:\\dev\\devtalk\\components\\ui"
2026-02-08T11:31:11.951037Z  INFO get_files:scan_sources: tailwindcss_oxide::scanner: Discovering "C:\\dev\\devtalk\\lib"
2026-02-08T11:31:11.951746Z  INFO get_files:scan_sources: tailwindcss_oxide::scanner: Discovering "C:\\dev\\devtalk\\prisma"
2026-02-08T11:31:11.952015Z  INFO get_files:scan_sources: tailwindcss_oxide::scanner: Discovering "C:\\dev\\devtalk\\prisma\\client"
2026-02-08T11:31:11.952811Z  INFO get_files:scan_sources: tailwindcss_oxide::scanner: Discovering "C:\\dev\\devtalk\\prisma\\client\\runtime"
2026-02-08T11:31:11.953445Z  INFO get_files:scan_sources: tailwindcss_oxide::scanner: Discovering "C:\\dev\\devtalk\\public"
2026-02-08T11:31:11.954035Z  INFO get_files:scan_sources: tailwindcss_oxide::scanner: exit
2026-02-08T11:31:11.954222Z  INFO get_files: tailwindcss_oxide::scanner: exit
2026-02-08T11:31:11.954886Z  INFO get_globs: tailwindcss_oxide::scanner: enter
2026-02-08T11:31:11.954903Z  INFO get_globs:scan_sources: tailwindcss_oxide::scanner: enter
2026-02-08T11:31:11.956263Z  INFO get_globs:scan_sources: tailwindcss_oxide::scanner: Discovering "C:\\dev\\devtalk\\.github"
2026-02-08T11:31:11.956481Z  INFO get_globs:scan_sources: tailwindcss_oxide::scanner: Discovering "C:\\dev\\devtalk\\.github\\workflows"
2026-02-08T11:31:11.956908Z  INFO get_globs:scan_sources: tailwindcss_oxide::scanner: Discovering "C:\\dev\\devtalk\\app"
2026-02-08T11:31:11.957087Z  INFO get_globs:scan_sources: tailwindcss_oxide::scanner: Discovering "C:\\dev\\devtalk\\app\\actions"
2026-02-08T11:31:11.957357Z  INFO get_globs:scan_sources: tailwindcss_oxide::scanner: Discovering "C:\\dev\\devtalk\\app\\api"
2026-02-08T11:31:11.957537Z  INFO get_globs:scan_sources: tailwindcss_oxide::scanner: Discovering "C:\\dev\\devtalk\\app\\api\\events"
2026-02-08T11:31:11.957904Z  INFO get_globs:scan_sources: tailwindcss_oxide::scanner: Discovering "C:\\dev\\devtalk\\app\\api\\memes"
2026-02-08T11:31:11.958175Z  INFO get_globs:scan_sources: tailwindcss_oxide::scanner: Discovering "C:\\dev\\devtalk\\app\\api\\podcasts"
2026-02-08T11:31:11.958419Z  INFO get_globs:scan_sources: tailwindcss_oxide::scanner: Discovering "C:\\dev\\devtalk\\app\\events"
2026-02-08T11:31:11.958630Z  INFO get_globs:scan_sources: tailwindcss_oxide::scanner: Discovering "C:\\dev\\devtalk\\app\\events\\_components"
2026-02-08T11:31:11.958988Z  INFO get_globs:scan_sources: tailwindcss_oxide::scanner: Discovering "C:\\dev\\devtalk\\app\\lobbies"
2026-02-08T11:31:11.959195Z  INFO get_globs:scan_sources: tailwindcss_oxide::scanner: Discovering "C:\\dev\\devtalk\\app\\lobbies\\[id]"
2026-02-08T11:31:11.959428Z  INFO get_globs:scan_sources: tailwindcss_oxide::scanner: Discovering "C:\\dev\\devtalk\\app\\lobbies\\[id]\\_components"
2026-02-08T11:31:11.959790Z  INFO get_globs:scan_sources: tailwindcss_oxide::scanner: Discovering "C:\\dev\\devtalk\\app\\lobbies\\_components"
2026-02-08T11:31:11.960081Z  INFO get_globs:scan_sources: tailwindcss_oxide::scanner: Discovering "C:\\dev\\devtalk\\app\\memes"
2026-02-08T11:31:11.960294Z  INFO get_globs:scan_sources: tailwindcss_oxide::scanner: Discovering "C:\\dev\\devtalk\\app\\memes\\_components"
2026-02-08T11:31:11.960593Z  INFO get_globs:scan_sources: tailwindcss_oxide::scanner: Discovering "C:\\dev\\devtalk\\app\\podcasts"
2026-02-08T11:31:11.960867Z  INFO get_globs:scan_sources: tailwindcss_oxide::scanner: Discovering "C:\\dev\\devtalk\\app\\podcasts\\_components"
2026-02-08T11:31:11.961357Z  INFO get_globs:scan_sources: tailwindcss_oxide::scanner: Discovering "C:\\dev\\devtalk\\app\\profile"
2026-02-08T11:31:11.961649Z  INFO get_globs:scan_sources: tailwindcss_oxide::scanner: Discovering "C:\\dev\\devtalk\\app\\profile\\_components"
2026-02-08T11:31:11.962044Z  INFO get_globs:scan_sources: tailwindcss_oxide::scanner: Discovering "C:\\dev\\devtalk\\components"
2026-02-08T11:31:11.962305Z  INFO get_globs:scan_sources: tailwindcss_oxide::scanner: Discovering "C:\\dev\\devtalk\\components\\ui"
2026-02-08T11:31:11.963066Z  INFO get_globs:scan_sources: tailwindcss_oxide::scanner: Discovering "C:\\dev\\devtalk\\lib"
2026-02-08T11:31:11.963702Z  INFO get_globs:scan_sources: tailwindcss_oxide::scanner: Discovering "C:\\dev\\devtalk\\prisma"
2026-02-08T11:31:11.963967Z  INFO get_globs:scan_sources: tailwindcss_oxide::scanner: Discovering "C:\\dev\\devtalk\\prisma\\client"
2026-02-08T11:31:11.964596Z  INFO get_globs:scan_sources: tailwindcss_oxide::scanner: Discovering "C:\\dev\\devtalk\\prisma\\client\\runtime"
2026-02-08T11:31:11.965142Z  INFO get_globs:scan_sources: tailwindcss_oxide::scanner: Discovering "C:\\dev\\devtalk\\public"
2026-02-08T11:31:11.965740Z  INFO get_globs:scan_sources: tailwindcss_oxide::scanner: exit
2026-02-08T11:31:11.973582Z  INFO get_globs: tailwindcss_oxide::scanner: exit
