2026-02-08T11:23:38.881727Z  INFO tailwindcss_oxide::scanner: Provided sources:
2026-02-08T11:23:38.881903Z  INFO tailwindcss_oxide::scanner: Source: PublicSourceEntry { base: "C:\\dev\\devtalk", pattern: "**/*", negated: false }
2026-02-08T11:23:38.882154Z  INFO tailwindcss_oxide::scanner: Optimized sources:
2026-02-08T11:23:38.882186Z  INFO tailwindcss_oxide::scanner: Source: Auto { base: "C:\\dev\\devtalk" }
2026-02-08T11:23:38.885137Z  INFO scan_sources: tailwindcss_oxide::scanner: enter
2026-02-08T11:23:38.886903Z  INFO scan_sources: tailwindcss_oxide::scanner: Discovering "C:\\dev\\devtalk\\.github"
2026-02-08T11:23:38.887688Z  INFO scan_sources: tailwindcss_oxide::scanner: Discovering "C:\\dev\\devtalk\\.github\\workflows"
2026-02-08T11:23:38.887865Z  INFO scan_sources: tailwindcss_oxide::scanner: Discovering "C:\\dev\\devtalk\\.github\\workflows\\ci.yml"
2026-02-08T11:23:38.888256Z  INFO scan_sources: tailwindcss_oxide::scanner: Discovering "C:\\dev\\devtalk\\app"
2026-02-08T11:23:38.888426Z  INFO scan_sources: tailwindcss_oxide::scanner: Discovering "C:\\dev\\devtalk\\app\\actions"
2026-02-08T11:23:38.888558Z  INFO scan_sources: tailwindcss_oxide::scanner: Discovering "C:\\dev\\devtalk\\app\\actions\\lobby.ts"
2026-02-08T11:23:38.888620Z  INFO scan_sources: tailwindcss_oxide::scanner: Discovering "C:\\dev\\devtalk\\app\\actions\\user.ts"
2026-02-08T11:23:38.888735Z  INFO scan_sources: tailwindcss_oxide::scanner: Discovering "C:\\dev\\devtalk\\app\\api"
2026-02-08T11:23:38.888918Z  INFO scan_sources: tailwindcss_oxide::scanner: Discovering "C:\\dev\\devtalk\\app\\api\\events"
2026-02-08T11:23:38.889074Z  INFO scan_sources: tailwindcss_oxide::scanner: Discovering "C:\\dev\\devtalk\\app\\api\\events\\route.ts"
2026-02-08T11:23:38.889204Z  INFO scan_sources: tailwindcss_oxide::scanner: Discovering "C:\\dev\\devtalk\\app\\api\\memes"
2026-02-08T11:23:38.889340Z  INFO scan_sources: tailwindcss_oxide::scanner: Discovering "C:\\dev\\devtalk\\app\\api\\memes\\route.ts"
2026-02-08T11:23:38.889472Z  INFO scan_sources: tailwindcss_oxide::scanner: Discovering "C:\\dev\\devtalk\\app\\api\\podcasts"
2026-02-08T11:23:38.889610Z  INFO scan_sources: tailwindcss_oxide::scanner: Discovering "C:\\dev\\devtalk\\app\\api\\podcasts\\route.ts"
2026-02-08T11:23:38.889755Z  INFO scan_sources: tailwindcss_oxide::scanner: Discovering "C:\\dev\\devtalk\\app\\events"
2026-02-08T11:23:38.889925Z  INFO scan_sources: tailwindcss_oxide::scanner: Discovering "C:\\dev\\devtalk\\app\\events\\page.tsx"
2026-02-08T11:23:38.890041Z  INFO scan_sources: tailwindcss_oxide::scanner: Discovering "C:\\dev\\devtalk\\app\\events\\_components"
2026-02-08T11:23:38.891818Z  INFO scan_sources: tailwindcss_oxide::scanner: Discovering "C:\\dev\\devtalk\\app\\events\\_components\\CreateEventDialog.tsx"
2026-02-08T11:23:38.891950Z  INFO scan_sources: tailwindcss_oxide::scanner: Discovering "C:\\dev\\devtalk\\app\\events\\_components\\EventCard.tsx"
2026-02-08T11:23:38.892142Z  INFO scan_sources: tailwindcss_oxide::scanner: Discovering "C:\\dev\\devtalk\\app\\globals.css"
2026-02-08T11:23:38.892222Z  INFO scan_sources: tailwindcss_oxide::scanner: Discovering "C:\\dev\\devtalk\\app\\layout.tsx"
2026-02-08T11:23:38.892444Z  INFO scan_sources: tailwindcss_oxide::scanner: Discovering "C:\\dev\\devtalk\\app\\lobbies"
2026-02-08T11:23:38.892706Z  INFO scan_sources: tailwindcss_oxide::scanner: Discovering "C:\\dev\\devtalk\\app\\lobbies\\page.tsx"
2026-02-08T11:23:38.892867Z  INFO scan_sources: tailwindcss_oxide::scanner: Discovering "C:\\dev\\devtalk\\app\\lobbies\\[id]"
2026-02-08T11:23:38.893067Z  INFO scan_sources: tailwindcss_oxide::scanner: Discovering "C:\\dev\\devtalk\\app\\lobbies\\[id]\\page.tsx"
2026-02-08T11:23:38.893241Z  INFO scan_sources: tailwindcss_oxide::scanner: Discovering "C:\\dev\\devtalk\\app\\lobbies\\[id]\\_components"
2026-02-08T11:23:38.893409Z  INFO scan_sources: tailwindcss_oxide::scanner: Discovering "C:\\dev\\devtalk\\app\\lobbies\\[id]\\_components\\LobbyRoom.tsx"
2026-02-08T11:23:38.893569Z  INFO scan_sources: tailwindcss_oxide::scanner: Discovering "C:\\dev\\devtalk\\app\\lobbies\\_components"
2026-02-08T11:23:38.893795Z  INFO scan_sources: tailwindcss_oxide::scanner: Discovering "C:\\dev\\devtalk\\app\\lobbies\\_components\\CreateLobbyDialog.tsx"
2026-02-08T11:23:38.893891Z  INFO scan_sources: tailwindcss_oxide::scanner: Discovering "C:\\dev\\devtalk\\app\\lobbies\\_components\\LobbyCard.tsx"
2026-02-08T11:23:38.894083Z  INFO scan_sources: tailwindcss_oxide::scanner: Discovering "C:\\dev\\devtalk\\app\\memes"
2026-02-08T11:23:38.894268Z  INFO scan_sources: tailwindcss_oxide::scanner: Discovering "C:\\dev\\devtalk\\app\\memes\\page.tsx"
2026-02-08T11:23:38.894632Z  INFO scan_sources: tailwindcss_oxide::scanner: Discovering "C:\\dev\\devtalk\\app\\memes\\_components"
2026-02-08T11:23:38.894820Z  INFO scan_sources: tailwindcss_oxide::scanner: Discovering "C:\\dev\\devtalk\\app\\memes\\_components\\MemeCard.tsx"
2026-02-08T11:23:38.894926Z  INFO scan_sources: tailwindcss_oxide::scanner: Discovering "C:\\dev\\devtalk\\app\\memes\\_components\\UploadMemeDialog.tsx"
2026-02-08T11:23:38.895201Z  INFO scan_sources: tailwindcss_oxide::scanner: Discovering "C:\\dev\\devtalk\\app\\page.tsx"
2026-02-08T11:23:38.895333Z  INFO scan_sources: tailwindcss_oxide::scanner: Discovering "C:\\dev\\devtalk\\app\\podcasts"
2026-02-08T11:23:38.895510Z  INFO scan_sources: tailwindcss_oxide::scanner: Discovering "C:\\dev\\devtalk\\app\\podcasts\\page.tsx"
2026-02-08T11:23:38.895620Z  INFO scan_sources: tailwindcss_oxide::scanner: Discovering "C:\\dev\\devtalk\\app\\podcasts\\_components"
2026-02-08T11:23:38.895756Z  INFO scan_sources: tailwindcss_oxide::scanner: Discovering "C:\\dev\\devtalk\\app\\podcasts\\_components\\PodcastCard.tsx"
2026-02-08T11:23:38.895823Z  INFO scan_sources: tailwindcss_oxide::scanner: Discovering "C:\\dev\\devtalk\\app\\podcasts\\_components\\UploadPodcastDialog.tsx"
2026-02-08T11:23:38.895988Z  INFO scan_sources: tailwindcss_oxide::scanner: Discovering "C:\\dev\\devtalk\\app\\profile"
2026-02-08T11:23:38.896233Z  INFO scan_sources: tailwindcss_oxide::scanner: Discovering "C:\\dev\\devtalk\\app\\profile\\page.tsx"
2026-02-08T11:23:38.896354Z  INFO scan_sources: tailwindcss_oxide::scanner: Discovering "C:\\dev\\devtalk\\app\\profile\\_components"
2026-02-08T11:23:38.896563Z  INFO scan_sources: tailwindcss_oxide::scanner: Discovering "C:\\dev\\devtalk\\app\\profile\\_components\\ProfileForm.tsx"
2026-02-08T11:23:38.896901Z  INFO scan_sources: tailwindcss_oxide::scanner: Discovering "C:\\dev\\devtalk\\components"
2026-02-08T11:23:38.897093Z  INFO scan_sources: tailwindcss_oxide::scanner: Discovering "C:\\dev\\devtalk\\components\\Navbar.tsx"
2026-02-08T11:23:38.897274Z  INFO scan_sources: tailwindcss_oxide::scanner: Discovering "C:\\dev\\devtalk\\components\\ui"
2026-02-08T11:23:38.897517Z  INFO scan_sources: tailwindcss_oxide::scanner: Discovering "C:\\dev\\devtalk\\components\\ui\\avatar.tsx"
2026-02-08T11:23:38.897595Z  INFO scan_sources: tailwindcss_oxide::scanner: Discovering "C:\\dev\\devtalk\\components\\ui\\badge.tsx"
2026-02-08T11:23:38.897667Z  INFO scan_sources: tailwindcss_oxide::scanner: Discovering "C:\\dev\\devtalk\\components\\ui\\button.tsx"
2026-02-08T11:23:38.897734Z  INFO scan_sources: tailwindcss_oxide::scanner: Discovering "C:\\dev\\devtalk\\components\\ui\\card.tsx"
2026-02-08T11:23:38.897797Z  INFO scan_sources: tailwindcss_oxide::scanner: Discovering "C:\\dev\\devtalk\\components\\ui\\dialog.tsx"
2026-02-08T11:23:38.897866Z  INFO scan_sources: tailwindcss_oxide::scanner: Discovering "C:\\dev\\devtalk\\components\\ui\\dropdown-menu.tsx"
2026-02-08T11:23:38.897930Z  INFO scan_sources: tailwindcss_oxide::scanner: Discovering "C:\\dev\\devtalk\\components\\ui\\input.tsx"
2026-02-08T11:23:38.897994Z  INFO scan_sources: tailwindcss_oxide::scanner: Discovering "C:\\dev\\devtalk\\components\\ui\\label.tsx"
2026-02-08T11:23:38.898060Z  INFO scan_sources: tailwindcss_oxide::scanner: Discovering "C:\\dev\\devtalk\\components\\ui\\scroll-area.tsx"
2026-02-08T11:23:38.898124Z  INFO scan_sources: tailwindcss_oxide::scanner: Discovering "C:\\dev\\devtalk\\components\\ui\\sonner.tsx"
2026-02-08T11:23:38.898308Z  INFO scan_sources: tailwindcss_oxide::scanner: Discovering "C:\\dev\\devtalk\\components\\ui\\textarea.tsx"
2026-02-08T11:23:38.898444Z  INFO scan_sources: tailwindcss_oxide::scanner: Discovering "C:\\dev\\devtalk\\components.json"
2026-02-08T11:23:38.898517Z  INFO scan_sources: tailwindcss_oxide::scanner: Discovering "C:\\dev\\devtalk\\DESIGN-SYSTEM.md"
2026-02-08T11:23:38.898583Z  INFO scan_sources: tailwindcss_oxide::scanner: Discovering "C:\\dev\\devtalk\\docker-compose.yml"
2026-02-08T11:23:38.898652Z  INFO scan_sources: tailwindcss_oxide::scanner: Discovering "C:\\dev\\devtalk\\eslint.config.mjs"
2026-02-08T11:23:38.898766Z  INFO scan_sources: tailwindcss_oxide::scanner: Discovering "C:\\dev\\devtalk\\lib"
2026-02-08T11:23:38.898929Z  INFO scan_sources: tailwindcss_oxide::scanner: Discovering "C:\\dev\\devtalk\\lib\\db.ts"
2026-02-08T11:23:38.898999Z  INFO scan_sources: tailwindcss_oxide::scanner: Discovering "C:\\dev\\devtalk\\lib\\pusher.ts"
2026-02-08T11:23:38.899075Z  INFO scan_sources: tailwindcss_oxide::scanner: Discovering "C:\\dev\\devtalk\\lib\\utils.ts"
2026-02-08T11:23:38.899169Z  INFO scan_sources: tailwindcss_oxide::scanner: Discovering "C:\\dev\\devtalk\\next.config.ts"
2026-02-08T11:23:38.899452Z  INFO scan_sources: tailwindcss_oxide::scanner: Discovering "C:\\dev\\devtalk\\package.json"
2026-02-08T11:23:38.899528Z  INFO scan_sources: tailwindcss_oxide::scanner: Discovering "C:\\dev\\devtalk\\postcss.config.mjs"
2026-02-08T11:23:38.899636Z  INFO scan_sources: tailwindcss_oxide::scanner: Discovering "C:\\dev\\devtalk\\prisma"
2026-02-08T11:23:38.899776Z  INFO scan_sources: tailwindcss_oxide::scanner: Discovering "C:\\dev\\devtalk\\prisma\\schema.prisma"
2026-02-08T11:23:38.899863Z  INFO scan_sources: tailwindcss_oxide::scanner: Discovering "C:\\dev\\devtalk\\prisma.config.ts"
2026-02-08T11:23:38.899968Z  INFO scan_sources: tailwindcss_oxide::scanner: Discovering "C:\\dev\\devtalk\\public"
2026-02-08T11:23:38.900100Z  INFO scan_sources: tailwindcss_oxide::scanner: Discovering "C:\\dev\\devtalk\\public\\file.svg"
2026-02-08T11:23:38.900182Z  INFO scan_sources: tailwindcss_oxide::scanner: Discovering "C:\\dev\\devtalk\\public\\globe.svg"
2026-02-08T11:23:38.900256Z  INFO scan_sources: tailwindcss_oxide::scanner: Discovering "C:\\dev\\devtalk\\public\\next.svg"
2026-02-08T11:23:38.900337Z  INFO scan_sources: tailwindcss_oxide::scanner: Discovering "C:\\dev\\devtalk\\public\\vercel.svg"
2026-02-08T11:23:38.900414Z  INFO scan_sources: tailwindcss_oxide::scanner: Discovering "C:\\dev\\devtalk\\public\\window.svg"
2026-02-08T11:23:38.900495Z  INFO scan_sources: tailwindcss_oxide::scanner: Discovering "C:\\dev\\devtalk\\README.md"
2026-02-08T11:23:38.900576Z  INFO scan_sources: tailwindcss_oxide::scanner: Discovering "C:\\dev\\devtalk\\test-db.js"
2026-02-08T11:23:38.900649Z  INFO scan_sources: tailwindcss_oxide::scanner: Discovering "C:\\dev\\devtalk\\tsconfig.json"
2026-02-08T11:23:38.900773Z  INFO scan_sources: tailwindcss_oxide::scanner: exit
2026-02-08T11:23:38.900788Z  INFO extract_candidates: tailwindcss_oxide::scanner: enter
2026-02-08T11:23:38.900798Z  INFO extract_candidates:read_all_files: tailwindcss_oxide::scanner: enter
2026-02-08T11:23:38.900805Z  INFO extract_candidates:read_all_files: tailwindcss_oxide::scanner: Reading 56 file(s)
2026-02-08T11:23:38.901401Z  INFO tailwindcss_oxide::scanner: Reading "C:\\dev\\devtalk\\.github\\workflows\\ci.yml"
2026-02-08T11:23:38.901410Z  INFO tailwindcss_oxide::scanner: Reading "C:\\dev\\devtalk\\components\\ui\\card.tsx"
2026-02-08T11:23:38.901427Z  INFO tailwindcss_oxide::scanner: Reading "C:\\dev\\devtalk\\app\\events\\_components\\CreateEventDialog.tsx"
2026-02-08T11:23:38.901434Z  INFO tailwindcss_oxide::scanner: Reading "C:\\dev\\devtalk\\app\\lobbies\\_components\\LobbyCard.tsx"
2026-02-08T11:23:38.901462Z  INFO tailwindcss_oxide::scanner: Reading "C:\\dev\\devtalk\\lib\\utils.ts"
2026-02-08T11:23:38.901516Z  INFO tailwindcss_oxide::scanner: Reading "C:\\dev\\devtalk\\app\\actions\\lobby.ts"
2026-02-08T11:23:38.901534Z  INFO tailwindcss_oxide::scanner: Reading "C:\\dev\\devtalk\\app\\events\\_components\\EventCard.tsx"
2026-02-08T11:23:38.901544Z  INFO tailwindcss_oxide::scanner: Reading "C:\\dev\\devtalk\\components\\ui\\dialog.tsx"
2026-02-08T11:23:38.901569Z  INFO tailwindcss_oxide::scanner: Reading "C:\\dev\\devtalk\\next.config.ts"
2026-02-08T11:23:38.901720Z  INFO tailwindcss_oxide::scanner: Reading "C:\\dev\\devtalk\\app\\api\\events\\route.ts"
2026-02-08T11:23:38.902026Z  INFO tailwindcss_oxide::scanner: Reading "C:\\dev\\devtalk\\app\\actions\\user.ts"
2026-02-08T11:23:38.902041Z  INFO tailwindcss_oxide::scanner: Reading "C:\\dev\\devtalk\\app\\layout.tsx"
2026-02-08T11:23:38.902074Z  INFO tailwindcss_oxide::scanner: Reading "C:\\dev\\devtalk\\components\\ui\\dropdown-menu.tsx"
2026-02-08T11:23:38.902058Z  INFO tailwindcss_oxide::scanner: Reading "C:\\dev\\devtalk\\package.json"
2026-02-08T11:23:38.902114Z  INFO tailwindcss_oxide::scanner: Reading "C:\\dev\\devtalk\\components\\ui\\textarea.tsx"
2026-02-08T11:23:38.902146Z  INFO tailwindcss_oxide::scanner: Reading "C:\\dev\\devtalk\\components\\ui\\input.tsx"
2026-02-08T11:23:38.902147Z  INFO tailwindcss_oxide::scanner: Reading "C:\\dev\\devtalk\\app\\podcasts\\_components\\UploadPodcastDialog.tsx"
2026-02-08T11:23:38.902198Z  INFO tailwindcss_oxide::scanner: Reading "C:\\dev\\devtalk\\app\\lobbies\\[id]\\_components\\LobbyRoom.tsx"
2026-02-08T11:23:38.902231Z  INFO tailwindcss_oxide::scanner: Reading "C:\\dev\\devtalk\\components.json"
2026-02-08T11:23:38.902253Z  INFO tailwindcss_oxide::scanner: Reading "C:\\dev\\devtalk\\postcss.config.mjs"
2026-02-08T11:23:38.902265Z  INFO tailwindcss_oxide::scanner: Reading "C:\\dev\\devtalk\\components\\ui\\label.tsx"
2026-02-08T11:23:38.902277Z  INFO tailwindcss_oxide::scanner: Reading "C:\\dev\\devtalk\\app\\profile\\page.tsx"
2026-02-08T11:23:38.902324Z  INFO tailwindcss_oxide::scanner: Reading "C:\\dev\\devtalk\\app\\lobbies\\[id]\\page.tsx"
2026-02-08T11:23:38.902333Z  INFO tailwindcss_oxide::scanner: Reading "C:\\dev\\devtalk\\DESIGN-SYSTEM.md"
2026-02-08T11:23:38.902158Z  INFO tailwindcss_oxide::scanner: Reading "C:\\dev\\devtalk\\app\\lobbies\\page.tsx"
2026-02-08T11:23:38.902423Z  INFO tailwindcss_oxide::scanner: Reading "C:\\dev\\devtalk\\prisma.config.ts"
2026-02-08T11:23:38.902505Z  INFO tailwindcss_oxide::scanner: Reading "C:\\dev\\devtalk\\docker-compose.yml"
2026-02-08T11:23:38.902359Z  INFO tailwindcss_oxide::scanner: Reading "C:\\dev\\devtalk\\prisma\\schema.prisma"
2026-02-08T11:23:38.902538Z  INFO tailwindcss_oxide::scanner: Reading "C:\\dev\\devtalk\\public\\file.svg"
2026-02-08T11:23:38.902375Z  INFO tailwindcss_oxide::scanner: Reading "C:\\dev\\devtalk\\components\\ui\\scroll-area.tsx"
2026-02-08T11:23:38.902390Z  INFO tailwindcss_oxide::scanner: Reading "C:\\dev\\devtalk\\app\\profile\\_components\\ProfileForm.tsx"
2026-02-08T11:23:38.902649Z  INFO tailwindcss_oxide::scanner: Reading "C:\\dev\\devtalk\\eslint.config.mjs"
2026-02-08T11:23:38.902660Z  INFO tailwindcss_oxide::scanner: Reading "C:\\dev\\devtalk\\components\\ui\\sonner.tsx"
2026-02-08T11:23:38.902432Z  INFO tailwindcss_oxide::scanner: Reading "C:\\dev\\devtalk\\app\\api\\memes\\route.ts"
2026-02-08T11:23:38.902743Z  INFO tailwindcss_oxide::scanner: Reading "C:\\dev\\devtalk\\public\\next.svg"
2026-02-08T11:23:38.902757Z  INFO tailwindcss_oxide::scanner: Reading "C:\\dev\\devtalk\\lib\\db.ts"
2026-02-08T11:23:38.902075Z  INFO tailwindcss_oxide::scanner: Reading "C:\\dev\\devtalk\\public\\globe.svg"
2026-02-08T11:23:38.902325Z  INFO tailwindcss_oxide::scanner: Reading "C:\\dev\\devtalk\\app\\lobbies\\_components\\CreateLobbyDialog.tsx"
2026-02-08T11:23:38.902801Z  INFO tailwindcss_oxide::scanner: Reading "C:\\dev\\devtalk\\public\\window.svg"
2026-02-08T11:23:38.902765Z  INFO tailwindcss_oxide::scanner: Reading "C:\\dev\\devtalk\\lib\\pusher.ts"
2026-02-08T11:23:38.902850Z  INFO tailwindcss_oxide::scanner: Reading "C:\\dev\\devtalk\\public\\vercel.svg"
2026-02-08T11:23:38.902862Z  INFO tailwindcss_oxide::scanner: Reading "C:\\dev\\devtalk\\README.md"
2026-02-08T11:23:38.902915Z  INFO tailwindcss_oxide::scanner: Reading "C:\\dev\\devtalk\\tsconfig.json"
2026-02-08T11:23:38.902928Z  INFO tailwindcss_oxide::scanner: Reading "C:\\dev\\devtalk\\app\\podcasts\\_components\\PodcastCard.tsx"
2026-02-08T11:23:38.902499Z  INFO tailwindcss_oxide::scanner: Reading "C:\\dev\\devtalk\\app\\api\\podcasts\\route.ts"
2026-02-08T11:23:38.903084Z  INFO tailwindcss_oxide::scanner: Reading "C:\\dev\\devtalk\\app\\page.tsx"
2026-02-08T11:23:38.902958Z  INFO tailwindcss_oxide::scanner: Reading "C:\\dev\\devtalk\\app\\podcasts\\page.tsx"
2026-02-08T11:23:38.902712Z  INFO tailwindcss_oxide::scanner: Reading "C:\\dev\\devtalk\\app\\memes\\_components\\UploadMemeDialog.tsx"
2026-02-08T11:23:38.902962Z  INFO tailwindcss_oxide::scanner: Reading "C:\\dev\\devtalk\\app\\memes\\_components\\MemeCard.tsx"
2026-02-08T11:23:38.902947Z  INFO tailwindcss_oxide::scanner: Reading "C:\\dev\\devtalk\\components\\ui\\badge.tsx"
2026-02-08T11:23:38.902731Z  INFO tailwindcss_oxide::scanner: Reading "C:\\dev\\devtalk\\components\\Navbar.tsx"
2026-02-08T11:23:38.902704Z  INFO tailwindcss_oxide::scanner: Reading "C:\\dev\\devtalk\\app\\events\\page.tsx"
2026-02-08T11:23:38.902160Z  INFO tailwindcss_oxide::scanner: Reading "C:\\dev\\devtalk\\app\\memes\\page.tsx"
2026-02-08T11:23:38.902938Z  INFO tailwindcss_oxide::scanner: Reading "C:\\dev\\devtalk\\test-db.js"
2026-02-08T11:23:38.902951Z  INFO tailwindcss_oxide::scanner: Reading "C:\\dev\\devtalk\\components\\ui\\button.tsx"
2026-02-08T11:23:38.903124Z  INFO tailwindcss_oxide::scanner: Reading "C:\\dev\\devtalk\\components\\ui\\avatar.tsx"
2026-02-08T11:23:38.903662Z  INFO extract_candidates:read_all_files: tailwindcss_oxide::scanner: exit
2026-02-08T11:23:38.903686Z  INFO extract_candidates:parse_all_blobs: tailwindcss_oxide::scanner: enter
2026-02-08T11:23:38.903695Z  INFO extract_candidates:parse_all_blobs:extract: tailwindcss_oxide::scanner: enter
2026-02-08T11:23:38.904729Z  INFO extract_candidates:parse_all_blobs:extract: tailwindcss_oxide::scanner: exit
2026-02-08T11:23:38.904765Z  INFO extract_candidates:parse_all_blobs: tailwindcss_oxide::scanner: exit
2026-02-08T11:23:38.904773Z  INFO extract_candidates:read_all_files: tailwindcss_oxide::scanner: enter
2026-02-08T11:23:38.904777Z  INFO extract_candidates:read_all_files: tailwindcss_oxide::scanner: Reading 1 file(s)
2026-02-08T11:23:38.904909Z  INFO extract_candidates:read_all_files: tailwindcss_oxide::scanner: Reading "C:\\dev\\devtalk\\app\\globals.css"
2026-02-08T11:23:38.904920Z  INFO extract_candidates:read_all_files: tailwindcss_oxide::scanner: exit
2026-02-08T11:23:38.904930Z  INFO extract_candidates:extract_css_variables: tailwindcss_oxide::scanner: enter
2026-02-08T11:23:38.904935Z  INFO extract_candidates:extract_css_variables:extract: tailwindcss_oxide::scanner: enter
2026-02-08T11:23:38.905044Z  INFO extract_candidates:extract_css_variables:extract: tailwindcss_oxide::scanner: exit
2026-02-08T11:23:38.905063Z  INFO extract_candidates:extract_css_variables: tailwindcss_oxide::scanner: exit
2026-02-08T11:23:38.905887Z  INFO extract_candidates: tailwindcss_oxide::scanner: exit
2026-02-08T11:23:38.906876Z  INFO get_files: tailwindcss_oxide::scanner: enter
2026-02-08T11:23:38.906895Z  INFO get_files:scan_sources: tailwindcss_oxide::scanner: enter
2026-02-08T11:23:38.908329Z  INFO get_files:scan_sources: tailwindcss_oxide::scanner: Discovering "C:\\dev\\devtalk\\.github"
2026-02-08T11:23:38.908593Z  INFO get_files:scan_sources: tailwindcss_oxide::scanner: Discovering "C:\\dev\\devtalk\\.github\\workflows"
2026-02-08T11:23:38.909134Z  INFO get_files:scan_sources: tailwindcss_oxide::scanner: Discovering "C:\\dev\\devtalk\\app"
2026-02-08T11:23:38.909332Z  INFO get_files:scan_sources: tailwindcss_oxide::scanner: Discovering "C:\\dev\\devtalk\\app\\actions"
2026-02-08T11:23:38.909627Z  INFO get_files:scan_sources: tailwindcss_oxide::scanner: Discovering "C:\\dev\\devtalk\\app\\api"
2026-02-08T11:23:38.909842Z  INFO get_files:scan_sources: tailwindcss_oxide::scanner: Discovering "C:\\dev\\devtalk\\app\\api\\events"
2026-02-08T11:23:38.910088Z  INFO get_files:scan_sources: tailwindcss_oxide::scanner: Discovering "C:\\dev\\devtalk\\app\\api\\memes"
2026-02-08T11:23:38.910335Z  INFO get_files:scan_sources: tailwindcss_oxide::scanner: Discovering "C:\\dev\\devtalk\\app\\api\\podcasts"
2026-02-08T11:23:38.910559Z  INFO get_files:scan_sources: tailwindcss_oxide::scanner: Discovering "C:\\dev\\devtalk\\app\\events"
2026-02-08T11:23:38.910767Z  INFO get_files:scan_sources: tailwindcss_oxide::scanner: Discovering "C:\\dev\\devtalk\\app\\events\\_components"
2026-02-08T11:23:38.911125Z  INFO get_files:scan_sources: tailwindcss_oxide::scanner: Discovering "C:\\dev\\devtalk\\app\\lobbies"
2026-02-08T11:23:38.911333Z  INFO get_files:scan_sources: tailwindcss_oxide::scanner: Discovering "C:\\dev\\devtalk\\app\\lobbies\\[id]"
2026-02-08T11:23:38.911548Z  INFO get_files:scan_sources: tailwindcss_oxide::scanner: Discovering "C:\\dev\\devtalk\\app\\lobbies\\[id]\\_components"
2026-02-08T11:23:38.911817Z  INFO get_files:scan_sources: tailwindcss_oxide::scanner: Discovering "C:\\dev\\devtalk\\app\\lobbies\\_components"
2026-02-08T11:23:38.912279Z  INFO get_files:scan_sources: tailwindcss_oxide::scanner: Discovering "C:\\dev\\devtalk\\app\\memes"
2026-02-08T11:23:38.912517Z  INFO get_files:scan_sources: tailwindcss_oxide::scanner: Discovering "C:\\dev\\devtalk\\app\\memes\\_components"
2026-02-08T11:23:38.912860Z  INFO get_files:scan_sources: tailwindcss_oxide::scanner: Discovering "C:\\dev\\devtalk\\app\\podcasts"
2026-02-08T11:23:38.913070Z  INFO get_files:scan_sources: tailwindcss_oxide::scanner: Discovering "C:\\dev\\devtalk\\app\\podcasts\\_components"
2026-02-08T11:23:38.913378Z  INFO get_files:scan_sources: tailwindcss_oxide::scanner: Discovering "C:\\dev\\devtalk\\app\\profile"
2026-02-08T11:23:38.913599Z  INFO get_files:scan_sources: tailwindcss_oxide::scanner: Discovering "C:\\dev\\devtalk\\app\\profile\\_components"
2026-02-08T11:23:38.913890Z  INFO get_files:scan_sources: tailwindcss_oxide::scanner: Discovering "C:\\dev\\devtalk\\components"
2026-02-08T11:23:38.914101Z  INFO get_files:scan_sources: tailwindcss_oxide::scanner: Discovering "C:\\dev\\devtalk\\components\\ui"
2026-02-08T11:23:38.914794Z  INFO get_files:scan_sources: tailwindcss_oxide::scanner: Discovering "C:\\dev\\devtalk\\lib"
2026-02-08T11:23:38.915612Z  INFO get_files:scan_sources: tailwindcss_oxide::scanner: Discovering "C:\\dev\\devtalk\\prisma"
2026-02-08T11:23:38.915868Z  INFO get_files:scan_sources: tailwindcss_oxide::scanner: Discovering "C:\\dev\\devtalk\\public"
2026-02-08T11:23:38.916504Z  INFO get_files:scan_sources: tailwindcss_oxide::scanner: exit
2026-02-08T11:23:38.916683Z  INFO get_files: tailwindcss_oxide::scanner: exit
2026-02-08T11:23:38.917617Z  INFO get_globs: tailwindcss_oxide::scanner: enter
2026-02-08T11:23:38.917641Z  INFO get_globs:scan_sources: tailwindcss_oxide::scanner: enter
2026-02-08T11:23:38.919131Z  INFO get_globs:scan_sources: tailwindcss_oxide::scanner: Discovering "C:\\dev\\devtalk\\.github"
2026-02-08T11:23:38.919363Z  INFO get_globs:scan_sources: tailwindcss_oxide::scanner: Discovering "C:\\dev\\devtalk\\.github\\workflows"
2026-02-08T11:23:38.919837Z  INFO get_globs:scan_sources: tailwindcss_oxide::scanner: Discovering "C:\\dev\\devtalk\\app"
2026-02-08T11:23:38.920057Z  INFO get_globs:scan_sources: tailwindcss_oxide::scanner: Discovering "C:\\dev\\devtalk\\app\\actions"
2026-02-08T11:23:38.920598Z  INFO get_globs:scan_sources: tailwindcss_oxide::scanner: Discovering "C:\\dev\\devtalk\\app\\api"
2026-02-08T11:23:38.920839Z  INFO get_globs:scan_sources: tailwindcss_oxide::scanner: Discovering "C:\\dev\\devtalk\\app\\api\\events"
2026-02-08T11:23:38.921084Z  INFO get_globs:scan_sources: tailwindcss_oxide::scanner: Discovering "C:\\dev\\devtalk\\app\\api\\memes"
2026-02-08T11:23:38.921314Z  INFO get_globs:scan_sources: tailwindcss_oxide::scanner: Discovering "C:\\dev\\devtalk\\app\\api\\podcasts"
2026-02-08T11:23:38.921543Z  INFO get_globs:scan_sources: tailwindcss_oxide::scanner: Discovering "C:\\dev\\devtalk\\app\\events"
2026-02-08T11:23:38.921777Z  INFO get_globs:scan_sources: tailwindcss_oxide::scanner: Discovering "C:\\dev\\devtalk\\app\\events\\_components"
2026-02-08T11:23:38.922305Z  INFO get_globs:scan_sources: tailwindcss_oxide::scanner: Discovering "C:\\dev\\devtalk\\app\\lobbies"
2026-02-08T11:23:38.922538Z  INFO get_globs:scan_sources: tailwindcss_oxide::scanner: Discovering "C:\\dev\\devtalk\\app\\lobbies\\[id]"
2026-02-08T11:23:38.922841Z  INFO get_globs:scan_sources: tailwindcss_oxide::scanner: Discovering "C:\\dev\\devtalk\\app\\lobbies\\[id]\\_components"
2026-02-08T11:23:38.923160Z  INFO get_globs:scan_sources: tailwindcss_oxide::scanner: Discovering "C:\\dev\\devtalk\\app\\lobbies\\_components"
2026-02-08T11:23:38.923449Z  INFO get_globs:scan_sources: tailwindcss_oxide::scanner: Discovering "C:\\dev\\devtalk\\app\\memes"
2026-02-08T11:23:38.923650Z  INFO get_globs:scan_sources: tailwindcss_oxide::scanner: Discovering "C:\\dev\\devtalk\\app\\memes\\_components"
2026-02-08T11:23:38.923956Z  INFO get_globs:scan_sources: tailwindcss_oxide::scanner: Discovering "C:\\dev\\devtalk\\app\\podcasts"
2026-02-08T11:23:38.924287Z  INFO get_globs:scan_sources: tailwindcss_oxide::scanner: Discovering "C:\\dev\\devtalk\\app\\podcasts\\_components"
2026-02-08T11:23:38.924587Z  INFO get_globs:scan_sources: tailwindcss_oxide::scanner: Discovering "C:\\dev\\devtalk\\app\\profile"
2026-02-08T11:23:38.924808Z  INFO get_globs:scan_sources: tailwindcss_oxide::scanner: Discovering "C:\\dev\\devtalk\\app\\profile\\_components"
2026-02-08T11:23:38.925078Z  INFO get_globs:scan_sources: tailwindcss_oxide::scanner: Discovering "C:\\dev\\devtalk\\components"
2026-02-08T11:23:38.925289Z  INFO get_globs:scan_sources: tailwindcss_oxide::scanner: Discovering "C:\\dev\\devtalk\\components\\ui"
2026-02-08T11:23:38.925989Z  INFO get_globs:scan_sources: tailwindcss_oxide::scanner: Discovering "C:\\dev\\devtalk\\lib"
2026-02-08T11:23:38.926754Z  INFO get_globs:scan_sources: tailwindcss_oxide::scanner: Discovering "C:\\dev\\devtalk\\prisma"
2026-02-08T11:23:38.927147Z  INFO get_globs:scan_sources: tailwindcss_oxide::scanner: Discovering "C:\\dev\\devtalk\\public"
2026-02-08T11:23:38.927931Z  INFO get_globs:scan_sources: tailwindcss_oxide::scanner: exit
2026-02-08T11:23:38.934985Z  INFO get_globs: tailwindcss_oxide::scanner: exit
