2026-02-08T11:30:44.044456Z  INFO tailwindcss_oxide::scanner: Provided sources:
2026-02-08T11:30:44.044588Z  INFO tailwindcss_oxide::scanner: Source: PublicSourceEntry { base: "C:\\dev\\devtalk", pattern: "**/*", negated: false }
2026-02-08T11:30:44.044764Z  INFO tailwindcss_oxide::scanner: Optimized sources:
2026-02-08T11:30:44.044787Z  INFO tailwindcss_oxide::scanner: Source: Auto { base: "C:\\dev\\devtalk" }
2026-02-08T11:30:44.046672Z  INFO scan_sources: tailwindcss_oxide::scanner: enter
2026-02-08T11:30:44.047990Z  INFO scan_sources: tailwindcss_oxide::scanner: Discovering "C:\\dev\\devtalk\\.github"
2026-02-08T11:30:44.048421Z  INFO scan_sources: tailwindcss_oxide::scanner: Discovering "C:\\dev\\devtalk\\.github\\workflows"
2026-02-08T11:30:44.048569Z  INFO scan_sources: tailwindcss_oxide::scanner: Discovering "C:\\dev\\devtalk\\.github\\workflows\\ci.yml"
2026-02-08T11:30:44.048944Z  INFO scan_sources: tailwindcss_oxide::scanner: Discovering "C:\\dev\\devtalk\\app"
2026-02-08T11:30:44.049113Z  INFO scan_sources: tailwindcss_oxide::scanner: Discovering "C:\\dev\\devtalk\\app\\actions"
2026-02-08T11:30:44.049241Z  INFO scan_sources: tailwindcss_oxide::scanner: Discovering "C:\\dev\\devtalk\\app\\actions\\lobby.ts"
2026-02-08T11:30:44.049303Z  INFO scan_sources: tailwindcss_oxide::scanner: Discovering "C:\\dev\\devtalk\\app\\actions\\user.ts"
2026-02-08T11:30:44.049419Z  INFO scan_sources: tailwindcss_oxide::scanner: Discovering "C:\\dev\\devtalk\\app\\api"
2026-02-08T11:30:44.049594Z  INFO scan_sources: tailwindcss_oxide::scanner: Discovering "C:\\dev\\devtalk\\app\\api\\events"
2026-02-08T11:30:44.049727Z  INFO scan_sources: tailwindcss_oxide::scanner: Discovering "C:\\dev\\devtalk\\app\\api\\events\\route.ts"
2026-02-08T11:30:44.049852Z  INFO scan_sources: tailwindcss_oxide::scanner: Discovering "C:\\dev\\devtalk\\app\\api\\memes"
2026-02-08T11:30:44.050068Z  INFO scan_sources: tailwindcss_oxide::scanner: Discovering "C:\\dev\\devtalk\\app\\api\\memes\\route.ts"
2026-02-08T11:30:44.050225Z  INFO scan_sources: tailwindcss_oxide::scanner: Discovering "C:\\dev\\devtalk\\app\\api\\podcasts"
2026-02-08T11:30:44.050371Z  INFO scan_sources: tailwindcss_oxide::scanner: Discovering "C:\\dev\\devtalk\\app\\api\\podcasts\\route.ts"
2026-02-08T11:30:44.050515Z  INFO scan_sources: tailwindcss_oxide::scanner: Discovering "C:\\dev\\devtalk\\app\\events"
2026-02-08T11:30:44.050652Z  INFO scan_sources: tailwindcss_oxide::scanner: Discovering "C:\\dev\\devtalk\\app\\events\\page.tsx"
2026-02-08T11:30:44.050755Z  INFO scan_sources: tailwindcss_oxide::scanner: Discovering "C:\\dev\\devtalk\\app\\events\\_components"
2026-02-08T11:30:44.050887Z  INFO scan_sources: tailwindcss_oxide::scanner: Discovering "C:\\dev\\devtalk\\app\\events\\_components\\CreateEventDialog.tsx"
2026-02-08T11:30:44.050949Z  INFO scan_sources: tailwindcss_oxide::scanner: Discovering "C:\\dev\\devtalk\\app\\events\\_components\\EventCard.tsx"
2026-02-08T11:30:44.051058Z  INFO scan_sources: tailwindcss_oxide::scanner: Discovering "C:\\dev\\devtalk\\app\\globals.css"
2026-02-08T11:30:44.051117Z  INFO scan_sources: tailwindcss_oxide::scanner: Discovering "C:\\dev\\devtalk\\app\\layout.tsx"
2026-02-08T11:30:44.051214Z  INFO scan_sources: tailwindcss_oxide::scanner: Discovering "C:\\dev\\devtalk\\app\\lobbies"
2026-02-08T11:30:44.051341Z  INFO scan_sources: tailwindcss_oxide::scanner: Discovering "C:\\dev\\devtalk\\app\\lobbies\\page.tsx"
2026-02-08T11:30:44.051437Z  INFO scan_sources: tailwindcss_oxide::scanner: Discovering "C:\\dev\\devtalk\\app\\lobbies\\[id]"
2026-02-08T11:30:44.051558Z  INFO scan_sources: tailwindcss_oxide::scanner: Discovering "C:\\dev\\devtalk\\app\\lobbies\\[id]\\page.tsx"
2026-02-08T11:30:44.051683Z  INFO scan_sources: tailwindcss_oxide::scanner: Discovering "C:\\dev\\devtalk\\app\\lobbies\\[id]\\_components"
2026-02-08T11:30:44.051815Z  INFO scan_sources: tailwindcss_oxide::scanner: Discovering "C:\\dev\\devtalk\\app\\lobbies\\[id]\\_components\\LobbyRoom.tsx"
2026-02-08T11:30:44.051951Z  INFO scan_sources: tailwindcss_oxide::scanner: Discovering "C:\\dev\\devtalk\\app\\lobbies\\_components"
2026-02-08T11:30:44.052144Z  INFO scan_sources: tailwindcss_oxide::scanner: Discovering "C:\\dev\\devtalk\\app\\lobbies\\_components\\CreateLobbyDialog.tsx"
2026-02-08T11:30:44.052210Z  INFO scan_sources: tailwindcss_oxide::scanner: Discovering "C:\\dev\\devtalk\\app\\lobbies\\_components\\LobbyCard.tsx"
2026-02-08T11:30:44.052345Z  INFO scan_sources: tailwindcss_oxide::scanner: Discovering "C:\\dev\\devtalk\\app\\memes"
2026-02-08T11:30:44.052476Z  INFO scan_sources: tailwindcss_oxide::scanner: Discovering "C:\\dev\\devtalk\\app\\memes\\page.tsx"
2026-02-08T11:30:44.052583Z  INFO scan_sources: tailwindcss_oxide::scanner: Discovering "C:\\dev\\devtalk\\app\\memes\\_components"
2026-02-08T11:30:44.052716Z  INFO scan_sources: tailwindcss_oxide::scanner: Discovering "C:\\dev\\devtalk\\app\\memes\\_components\\MemeCard.tsx"
2026-02-08T11:30:44.052782Z  INFO scan_sources: tailwindcss_oxide::scanner: Discovering "C:\\dev\\devtalk\\app\\memes\\_components\\UploadMemeDialog.tsx"
2026-02-08T11:30:44.052874Z  INFO scan_sources: tailwindcss_oxide::scanner: Discovering "C:\\dev\\devtalk\\app\\page.tsx"
2026-02-08T11:30:44.052968Z  INFO scan_sources: tailwindcss_oxide::scanner: Discovering "C:\\dev\\devtalk\\app\\podcasts"
2026-02-08T11:30:44.053086Z  INFO scan_sources: tailwindcss_oxide::scanner: Discovering "C:\\dev\\devtalk\\app\\podcasts\\page.tsx"
2026-02-08T11:30:44.053177Z  INFO scan_sources: tailwindcss_oxide::scanner: Discovering "C:\\dev\\devtalk\\app\\podcasts\\_components"
2026-02-08T11:30:44.053294Z  INFO scan_sources: tailwindcss_oxide::scanner: Discovering "C:\\dev\\devtalk\\app\\podcasts\\_components\\PodcastCard.tsx"
2026-02-08T11:30:44.053351Z  INFO scan_sources: tailwindcss_oxide::scanner: Discovering "C:\\dev\\devtalk\\app\\podcasts\\_components\\UploadPodcastDialog.tsx"
2026-02-08T11:30:44.053481Z  INFO scan_sources: tailwindcss_oxide::scanner: Discovering "C:\\dev\\devtalk\\app\\profile"
2026-02-08T11:30:44.053604Z  INFO scan_sources: tailwindcss_oxide::scanner: Discovering "C:\\dev\\devtalk\\app\\profile\\page.tsx"
2026-02-08T11:30:44.053720Z  INFO scan_sources: tailwindcss_oxide::scanner: Discovering "C:\\dev\\devtalk\\app\\profile\\_components"
2026-02-08T11:30:44.053859Z  INFO scan_sources: tailwindcss_oxide::scanner: Discovering "C:\\dev\\devtalk\\app\\profile\\_components\\ProfileForm.tsx"
2026-02-08T11:30:44.053929Z  INFO scan_sources: tailwindcss_oxide::scanner: Discovering "C:\\dev\\devtalk\\app\\profile\\_components\\TechStackEditor.tsx"
2026-02-08T11:30:44.054104Z  INFO scan_sources: tailwindcss_oxide::scanner: Discovering "C:\\dev\\devtalk\\components"
2026-02-08T11:30:44.054243Z  INFO scan_sources: tailwindcss_oxide::scanner: Discovering "C:\\dev\\devtalk\\components\\Navbar.tsx"
2026-02-08T11:30:44.054360Z  INFO scan_sources: tailwindcss_oxide::scanner: Discovering "C:\\dev\\devtalk\\components\\ui"
2026-02-08T11:30:44.054506Z  INFO scan_sources: tailwindcss_oxide::scanner: Discovering "C:\\dev\\devtalk\\components\\ui\\avatar.tsx"
2026-02-08T11:30:44.054584Z  INFO scan_sources: tailwindcss_oxide::scanner: Discovering "C:\\dev\\devtalk\\components\\ui\\badge.tsx"
2026-02-08T11:30:44.054650Z  INFO scan_sources: tailwindcss_oxide::scanner: Discovering "C:\\dev\\devtalk\\components\\ui\\button.tsx"
2026-02-08T11:30:44.054709Z  INFO scan_sources: tailwindcss_oxide::scanner: Discovering "C:\\dev\\devtalk\\components\\ui\\card.tsx"
2026-02-08T11:30:44.054764Z  INFO scan_sources: tailwindcss_oxide::scanner: Discovering "C:\\dev\\devtalk\\components\\ui\\dialog.tsx"
2026-02-08T11:30:44.054821Z  INFO scan_sources: tailwindcss_oxide::scanner: Discovering "C:\\dev\\devtalk\\components\\ui\\dropdown-menu.tsx"
2026-02-08T11:30:44.054880Z  INFO scan_sources: tailwindcss_oxide::scanner: Discovering "C:\\dev\\devtalk\\components\\ui\\input.tsx"
2026-02-08T11:30:44.054938Z  INFO scan_sources: tailwindcss_oxide::scanner: Discovering "C:\\dev\\devtalk\\components\\ui\\label.tsx"
2026-02-08T11:30:44.054996Z  INFO scan_sources: tailwindcss_oxide::scanner: Discovering "C:\\dev\\devtalk\\components\\ui\\scroll-area.tsx"
2026-02-08T11:30:44.055118Z  INFO scan_sources: tailwindcss_oxide::scanner: Discovering "C:\\dev\\devtalk\\components\\ui\\sonner.tsx"
2026-02-08T11:30:44.055181Z  INFO scan_sources: tailwindcss_oxide::scanner: Discovering "C:\\dev\\devtalk\\components\\ui\\textarea.tsx"
2026-02-08T11:30:44.055285Z  INFO scan_sources: tailwindcss_oxide::scanner: Discovering "C:\\dev\\devtalk\\components.json"
2026-02-08T11:30:44.055347Z  INFO scan_sources: tailwindcss_oxide::scanner: Discovering "C:\\dev\\devtalk\\DESIGN-SYSTEM.md"
2026-02-08T11:30:44.055404Z  INFO scan_sources: tailwindcss_oxide::scanner: Discovering "C:\\dev\\devtalk\\docker-compose.yml"
2026-02-08T11:30:44.055463Z  INFO scan_sources: tailwindcss_oxide::scanner: Discovering "C:\\dev\\devtalk\\eslint.config.mjs"
2026-02-08T11:30:44.055560Z  INFO scan_sources: tailwindcss_oxide::scanner: Discovering "C:\\dev\\devtalk\\lib"
2026-02-08T11:30:44.055698Z  INFO scan_sources: tailwindcss_oxide::scanner: Discovering "C:\\dev\\devtalk\\lib\\db.ts"
2026-02-08T11:30:44.055761Z  INFO scan_sources: tailwindcss_oxide::scanner: Discovering "C:\\dev\\devtalk\\lib\\pusher.ts"
2026-02-08T11:30:44.055817Z  INFO scan_sources: tailwindcss_oxide::scanner: Discovering "C:\\dev\\devtalk\\lib\\utils.ts"
2026-02-08T11:30:44.055902Z  INFO scan_sources: tailwindcss_oxide::scanner: Discovering "C:\\dev\\devtalk\\next.config.ts"
2026-02-08T11:30:44.056154Z  INFO scan_sources: tailwindcss_oxide::scanner: Discovering "C:\\dev\\devtalk\\package.json"
2026-02-08T11:30:44.056215Z  INFO scan_sources: tailwindcss_oxide::scanner: Discovering "C:\\dev\\devtalk\\postcss.config.mjs"
2026-02-08T11:30:44.056311Z  INFO scan_sources: tailwindcss_oxide::scanner: Discovering "C:\\dev\\devtalk\\prisma"
2026-02-08T11:30:44.056466Z  INFO scan_sources: tailwindcss_oxide::scanner: Discovering "C:\\dev\\devtalk\\prisma\\client"
2026-02-08T11:30:44.056600Z  INFO scan_sources: tailwindcss_oxide::scanner: Discovering "C:\\dev\\devtalk\\prisma\\client\\client.d.ts"
2026-02-08T11:30:44.056659Z  INFO scan_sources: tailwindcss_oxide::scanner: Discovering "C:\\dev\\devtalk\\prisma\\client\\client.js"
2026-02-08T11:30:44.056716Z  INFO scan_sources: tailwindcss_oxide::scanner: Discovering "C:\\dev\\devtalk\\prisma\\client\\default.d.ts"
2026-02-08T11:30:44.056772Z  INFO scan_sources: tailwindcss_oxide::scanner: Discovering "C:\\dev\\devtalk\\prisma\\client\\default.js"
2026-02-08T11:30:44.056827Z  INFO scan_sources: tailwindcss_oxide::scanner: Discovering "C:\\dev\\devtalk\\prisma\\client\\edge.d.ts"
2026-02-08T11:30:44.056882Z  INFO scan_sources: tailwindcss_oxide::scanner: Discovering "C:\\dev\\devtalk\\prisma\\client\\edge.js"
2026-02-08T11:30:44.056938Z  INFO scan_sources: tailwindcss_oxide::scanner: Discovering "C:\\dev\\devtalk\\prisma\\client\\index-browser.js"
2026-02-08T11:30:44.056993Z  INFO scan_sources: tailwindcss_oxide::scanner: Discovering "C:\\dev\\devtalk\\prisma\\client\\index.d.ts"
2026-02-08T11:30:44.057061Z  INFO scan_sources: tailwindcss_oxide::scanner: Discovering "C:\\dev\\devtalk\\prisma\\client\\index.js"
2026-02-08T11:30:44.057118Z  INFO scan_sources: tailwindcss_oxide::scanner: Discovering "C:\\dev\\devtalk\\prisma\\client\\package.json"
2026-02-08T11:30:44.057178Z  INFO scan_sources: tailwindcss_oxide::scanner: Discovering "C:\\dev\\devtalk\\prisma\\client\\query_compiler_fast_bg.js"
2026-02-08T11:30:44.057245Z  INFO scan_sources: tailwindcss_oxide::scanner: Discovering "C:\\dev\\devtalk\\prisma\\client\\query_compiler_fast_bg.wasm-base64.js"
2026-02-08T11:30:44.057345Z  INFO scan_sources: tailwindcss_oxide::scanner: Discovering "C:\\dev\\devtalk\\prisma\\client\\runtime"
2026-02-08T11:30:44.057473Z  INFO scan_sources: tailwindcss_oxide::scanner: Discovering "C:\\dev\\devtalk\\prisma\\client\\runtime\\client.d.ts"
2026-02-08T11:30:44.057547Z  INFO scan_sources: tailwindcss_oxide::scanner: Discovering "C:\\dev\\devtalk\\prisma\\client\\runtime\\client.js"
2026-02-08T11:30:44.057620Z  INFO scan_sources: tailwindcss_oxide::scanner: Discovering "C:\\dev\\devtalk\\prisma\\client\\runtime\\index-browser.d.ts"
2026-02-08T11:30:44.057683Z  INFO scan_sources: tailwindcss_oxide::scanner: Discovering "C:\\dev\\devtalk\\prisma\\client\\runtime\\index-browser.js"
2026-02-08T11:30:44.057755Z  INFO scan_sources: tailwindcss_oxide::scanner: Discovering "C:\\dev\\devtalk\\prisma\\client\\runtime\\wasm-compiler-edge.js"
2026-02-08T11:30:44.057833Z  INFO scan_sources: tailwindcss_oxide::scanner: Discovering "C:\\dev\\devtalk\\prisma\\client\\schema.prisma"
2026-02-08T11:30:44.057899Z  INFO scan_sources: tailwindcss_oxide::scanner: Discovering "C:\\dev\\devtalk\\prisma\\client\\wasm-edge-light-loader.mjs"
2026-02-08T11:30:44.057954Z  INFO scan_sources: tailwindcss_oxide::scanner: Discovering "C:\\dev\\devtalk\\prisma\\client\\wasm-worker-loader.mjs"
2026-02-08T11:30:44.058029Z  INFO scan_sources: tailwindcss_oxide::scanner: Discovering "C:\\dev\\devtalk\\prisma\\schema.prisma"
2026-02-08T11:30:44.058108Z  INFO scan_sources: tailwindcss_oxide::scanner: Discovering "C:\\dev\\devtalk\\prisma.config.ts"
2026-02-08T11:30:44.058208Z  INFO scan_sources: tailwindcss_oxide::scanner: Discovering "C:\\dev\\devtalk\\public"
2026-02-08T11:30:44.058343Z  INFO scan_sources: tailwindcss_oxide::scanner: Discovering "C:\\dev\\devtalk\\public\\file.svg"
2026-02-08T11:30:44.058404Z  INFO scan_sources: tailwindcss_oxide::scanner: Discovering "C:\\dev\\devtalk\\public\\globe.svg"
2026-02-08T11:30:44.058465Z  INFO scan_sources: tailwindcss_oxide::scanner: Discovering "C:\\dev\\devtalk\\public\\next.svg"
2026-02-08T11:30:44.058525Z  INFO scan_sources: tailwindcss_oxide::scanner: Discovering "C:\\dev\\devtalk\\public\\vercel.svg"
2026-02-08T11:30:44.058581Z  INFO scan_sources: tailwindcss_oxide::scanner: Discovering "C:\\dev\\devtalk\\public\\window.svg"
2026-02-08T11:30:44.058655Z  INFO scan_sources: tailwindcss_oxide::scanner: Discovering "C:\\dev\\devtalk\\README.md"
2026-02-08T11:30:44.058747Z  INFO scan_sources: tailwindcss_oxide::scanner: Discovering "C:\\dev\\devtalk\\test-db.js"
2026-02-08T11:30:44.058806Z  INFO scan_sources: tailwindcss_oxide::scanner: Discovering "C:\\dev\\devtalk\\tsconfig.json"
2026-02-08T11:30:44.058913Z  INFO scan_sources: tailwindcss_oxide::scanner: exit
2026-02-08T11:30:44.058924Z  INFO extract_candidates: tailwindcss_oxide::scanner: enter
2026-02-08T11:30:44.058932Z  INFO extract_candidates:read_all_files: tailwindcss_oxide::scanner: enter
2026-02-08T11:30:44.058937Z  INFO extract_candidates:read_all_files: tailwindcss_oxide::scanner: Reading 77 file(s)
2026-02-08T11:30:44.059527Z  INFO tailwindcss_oxide::scanner: Reading "C:\\dev\\devtalk\\.github\\workflows\\ci.yml"
2026-02-08T11:30:44.059542Z  INFO tailwindcss_oxide::scanner: Reading "C:\\dev\\devtalk\\app\\podcasts\\page.tsx"
2026-02-08T11:30:44.059532Z  INFO tailwindcss_oxide::scanner: Reading "C:\\dev\\devtalk\\DESIGN-SYSTEM.md"
2026-02-08T11:30:44.059607Z  INFO tailwindcss_oxide::scanner: Reading "C:\\dev\\devtalk\\prisma\\client\\query_compiler_fast_bg.js"
2026-02-08T11:30:44.059668Z  INFO tailwindcss_oxide::scanner: Reading "C:\\dev\\devtalk\\app\\actions\\lobby.ts"
2026-02-08T11:30:44.059675Z  INFO tailwindcss_oxide::scanner: Reading "C:\\dev\\devtalk\\prisma\\schema.prisma"
2026-02-08T11:30:44.059690Z  INFO tailwindcss_oxide::scanner: Reading "C:\\dev\\devtalk\\docker-compose.yml"
2026-02-08T11:30:44.059694Z  INFO tailwindcss_oxide::scanner: Reading "C:\\dev\\devtalk\\app\\podcasts\\_components\\PodcastCard.tsx"
2026-02-08T11:30:44.059737Z  INFO tailwindcss_oxide::scanner: Reading "C:\\dev\\devtalk\\prisma\\client\\runtime\\index-browser.js"
2026-02-08T11:30:44.059797Z  INFO tailwindcss_oxide::scanner: Reading "C:\\dev\\devtalk\\app\\actions\\user.ts"
2026-02-08T11:30:44.059872Z  INFO tailwindcss_oxide::scanner: Reading "C:\\dev\\devtalk\\app\\layout.tsx"
2026-02-08T11:30:44.059904Z  INFO tailwindcss_oxide::scanner: Reading "C:\\dev\\devtalk\\eslint.config.mjs"
2026-02-08T11:30:44.059931Z  INFO tailwindcss_oxide::scanner: Reading "C:\\dev\\devtalk\\app\\api\\events\\route.ts"
2026-02-08T11:30:44.059939Z  INFO tailwindcss_oxide::scanner: Reading "C:\\dev\\devtalk\\prisma.config.ts"
2026-02-08T11:30:44.060043Z  INFO tailwindcss_oxide::scanner: Reading "C:\\dev\\devtalk\\prisma\\client\\client.d.ts"
2026-02-08T11:30:44.059985Z  INFO tailwindcss_oxide::scanner: Reading "C:\\dev\\devtalk\\app\\podcasts\\_components\\UploadPodcastDialog.tsx"
2026-02-08T11:30:44.060084Z  INFO tailwindcss_oxide::scanner: Reading "C:\\dev\\devtalk\\components\\ui\\button.tsx"
2026-02-08T11:30:44.060031Z  INFO tailwindcss_oxide::scanner: Reading "C:\\dev\\devtalk\\app\\lobbies\\page.tsx"
2026-02-08T11:30:44.060146Z  INFO tailwindcss_oxide::scanner: Reading "C:\\dev\\devtalk\\prisma\\client\\runtime\\wasm-compiler-edge.js"
2026-02-08T11:30:44.060084Z  INFO tailwindcss_oxide::scanner: Reading "C:\\dev\\devtalk\\app\\api\\memes\\route.ts"
2026-02-08T11:30:44.060177Z  INFO tailwindcss_oxide::scanner: Reading "C:\\dev\\devtalk\\public\\file.svg"
2026-02-08T11:30:44.060114Z  INFO tailwindcss_oxide::scanner: Reading "C:\\dev\\devtalk\\lib\\db.ts"
2026-02-08T11:30:44.060007Z  INFO tailwindcss_oxide::scanner: Reading "C:\\dev\\devtalk\\prisma\\client\\runtime\\client.d.ts"
2026-02-08T11:30:44.060237Z  INFO tailwindcss_oxide::scanner: Reading "C:\\dev\\devtalk\\lib\\pusher.ts"
2026-02-08T11:30:44.060234Z  INFO tailwindcss_oxide::scanner: Reading "C:\\dev\\devtalk\\app\\profile\\page.tsx"
2026-02-08T11:30:44.060284Z  INFO tailwindcss_oxide::scanner: Reading "C:\\dev\\devtalk\\app\\lobbies\\[id]\\page.tsx"
2026-02-08T11:30:44.060193Z  INFO tailwindcss_oxide::scanner: Reading "C:\\dev\\devtalk\\prisma\\client\\client.js"
2026-02-08T11:30:44.060340Z  INFO tailwindcss_oxide::scanner: Reading "C:\\dev\\devtalk\\components\\ui\\card.tsx"
2026-02-08T11:30:44.060351Z  INFO tailwindcss_oxide::scanner: Reading "C:\\dev\\devtalk\\prisma\\client\\edge.js"
2026-02-08T11:30:44.060349Z  INFO tailwindcss_oxide::scanner: Reading "C:\\dev\\devtalk\\public\\vercel.svg"
2026-02-08T11:30:44.060386Z  INFO tailwindcss_oxide::scanner: Reading "C:\\dev\\devtalk\\public\\globe.svg"
2026-02-08T11:30:44.060409Z  INFO tailwindcss_oxide::scanner: Reading "C:\\dev\\devtalk\\app\\api\\podcasts\\route.ts"
2026-02-08T11:30:44.060390Z  INFO tailwindcss_oxide::scanner: Reading "C:\\dev\\devtalk\\lib\\utils.ts"
2026-02-08T11:30:44.060423Z  INFO tailwindcss_oxide::scanner: Reading "C:\\dev\\devtalk\\app\\profile\\_components\\ProfileForm.tsx"
2026-02-08T11:30:44.060428Z  INFO tailwindcss_oxide::scanner: Reading "C:\\dev\\devtalk\\prisma\\client\\schema.prisma"
2026-02-08T11:30:44.060448Z  INFO tailwindcss_oxide::scanner: Reading "C:\\dev\\devtalk\\app\\lobbies\\[id]\\_components\\LobbyRoom.tsx"
2026-02-08T11:30:44.060501Z  INFO tailwindcss_oxide::scanner: Reading "C:\\dev\\devtalk\\public\\window.svg"
2026-02-08T11:30:44.060492Z  INFO tailwindcss_oxide::scanner: Reading "C:\\dev\\devtalk\\app\\events\\page.tsx"
2026-02-08T11:30:44.060546Z  INFO tailwindcss_oxide::scanner: Reading "C:\\dev\\devtalk\\next.config.ts"
2026-02-08T11:30:44.060553Z  INFO tailwindcss_oxide::scanner: Reading "C:\\dev\\devtalk\\prisma\\client\\index-browser.js"
2026-02-08T11:30:44.060466Z  INFO tailwindcss_oxide::scanner: Reading "C:\\dev\\devtalk\\prisma\\client\\default.d.ts"
2026-02-08T11:30:44.060557Z  INFO tailwindcss_oxide::scanner: Reading "C:\\dev\\devtalk\\README.md"
2026-02-08T11:30:44.060590Z  INFO tailwindcss_oxide::scanner: Reading "C:\\dev\\devtalk\\app\\profile\\_components\\TechStackEditor.tsx"
2026-02-08T11:30:44.060553Z  INFO tailwindcss_oxide::scanner: Reading "C:\\dev\\devtalk\\components\\ui\\dialog.tsx"
2026-02-08T11:30:44.060615Z  INFO tailwindcss_oxide::scanner: Reading "C:\\dev\\devtalk\\app\\lobbies\\_components\\CreateLobbyDialog.tsx"
2026-02-08T11:30:44.060579Z  INFO tailwindcss_oxide::scanner: Reading "C:\\dev\\devtalk\\public\\next.svg"
2026-02-08T11:30:44.060649Z  INFO tailwindcss_oxide::scanner: Reading "C:\\dev\\devtalk\\test-db.js"
2026-02-08T11:30:44.060636Z  INFO tailwindcss_oxide::scanner: Reading "C:\\dev\\devtalk\\prisma\\client\\runtime\\client.js"
2026-02-08T11:30:44.060722Z  INFO tailwindcss_oxide::scanner: Reading "C:\\dev\\devtalk\\app\\events\\_components\\CreateEventDialog.tsx"
2026-02-08T11:30:44.060743Z  INFO tailwindcss_oxide::scanner: Reading "C:\\dev\\devtalk\\prisma\\client\\wasm-edge-light-loader.mjs"
2026-02-08T11:30:44.060753Z  INFO tailwindcss_oxide::scanner: Reading "C:\\dev\\devtalk\\prisma\\client\\default.js"
2026-02-08T11:30:44.060766Z  INFO tailwindcss_oxide::scanner: Reading "C:\\dev\\devtalk\\postcss.config.mjs"
2026-02-08T11:30:44.060753Z  INFO tailwindcss_oxide::scanner: Reading "C:\\dev\\devtalk\\components\\Navbar.tsx"
2026-02-08T11:30:44.060734Z  INFO tailwindcss_oxide::scanner: Reading "C:\\dev\\devtalk\\prisma\\client\\index.d.ts"
2026-02-08T11:30:44.060842Z  INFO tailwindcss_oxide::scanner: Reading "C:\\dev\\devtalk\\tsconfig.json"
2026-02-08T11:30:44.060842Z  INFO tailwindcss_oxide::scanner: Reading "C:\\dev\\devtalk\\prisma\\client\\runtime\\index-browser.d.ts"
2026-02-08T11:30:44.060857Z  INFO tailwindcss_oxide::scanner: Reading "C:\\dev\\devtalk\\prisma\\client\\edge.d.ts"
2026-02-08T11:30:44.060750Z  INFO tailwindcss_oxide::scanner: Reading "C:\\dev\\devtalk\\package.json"
2026-02-08T11:30:44.060833Z  INFO tailwindcss_oxide::scanner: Reading "C:\\dev\\devtalk\\components\\ui\\input.tsx"
2026-02-08T11:30:44.060838Z  INFO tailwindcss_oxide::scanner: Reading "C:\\dev\\devtalk\\components\\ui\\label.tsx"
2026-02-08T11:30:44.060755Z  INFO tailwindcss_oxide::scanner: Reading "C:\\dev\\devtalk\\prisma\\client\\wasm-worker-loader.mjs"
2026-02-08T11:30:44.060983Z  INFO tailwindcss_oxide::scanner: Reading "C:\\dev\\devtalk\\components\\ui\\avatar.tsx"
2026-02-08T11:30:44.060759Z  INFO tailwindcss_oxide::scanner: Reading "C:\\dev\\devtalk\\components\\ui\\dropdown-menu.tsx"
2026-02-08T11:30:44.061028Z  INFO tailwindcss_oxide::scanner: Reading "C:\\dev\\devtalk\\components\\ui\\textarea.tsx"
2026-02-08T11:30:44.060857Z  INFO tailwindcss_oxide::scanner: Reading "C:\\dev\\devtalk\\app\\events\\_components\\EventCard.tsx"
2026-02-08T11:30:44.060749Z  INFO tailwindcss_oxide::scanner: Reading "C:\\dev\\devtalk\\app\\lobbies\\_components\\LobbyCard.tsx"
2026-02-08T11:30:44.061110Z  INFO tailwindcss_oxide::scanner: Reading "C:\\dev\\devtalk\\app\\memes\\_components\\UploadMemeDialog.tsx"
2026-02-08T11:30:44.060915Z  INFO tailwindcss_oxide::scanner: Reading "C:\\dev\\devtalk\\prisma\\client\\index.js"
2026-02-08T11:30:44.060961Z  INFO tailwindcss_oxide::scanner: Reading "C:\\dev\\devtalk\\prisma\\client\\package.json"
2026-02-08T11:30:44.060992Z  INFO tailwindcss_oxide::scanner: Reading "C:\\dev\\devtalk\\components\\ui\\sonner.tsx"
2026-02-08T11:30:44.061012Z  INFO tailwindcss_oxide::scanner: Reading "C:\\dev\\devtalk\\components\\ui\\scroll-area.tsx"
2026-02-08T11:30:44.061062Z  INFO tailwindcss_oxide::scanner: Reading "C:\\dev\\devtalk\\components.json"
2026-02-08T11:30:44.061110Z  INFO tailwindcss_oxide::scanner: Reading "C:\\dev\\devtalk\\app\\memes\\_components\\MemeCard.tsx"
2026-02-08T11:30:44.061132Z  INFO tailwindcss_oxide::scanner: Reading "C:\\dev\\devtalk\\app\\page.tsx"
2026-02-08T11:30:44.060968Z  INFO tailwindcss_oxide::scanner: Reading "C:\\dev\\devtalk\\components\\ui\\badge.tsx"
2026-02-08T11:30:44.061179Z  INFO tailwindcss_oxide::scanner: Reading "C:\\dev\\devtalk\\app\\memes\\page.tsx"
2026-02-08T11:30:44.062660Z  INFO tailwindcss_oxide::scanner: Reading "C:\\dev\\devtalk\\prisma\\client\\query_compiler_fast_bg.wasm-base64.js"
2026-02-08T11:30:44.064849Z  INFO extract_candidates:read_all_files: tailwindcss_oxide::scanner: exit
2026-02-08T11:30:44.064888Z  INFO extract_candidates:parse_all_blobs: tailwindcss_oxide::scanner: enter
2026-02-08T11:30:44.064894Z  INFO extract_candidates:parse_all_blobs:extract: tailwindcss_oxide::scanner: enter
2026-02-08T11:30:44.080255Z  INFO extract_candidates:parse_all_blobs:extract: tailwindcss_oxide::scanner: exit
2026-02-08T11:30:44.080635Z  INFO extract_candidates:parse_all_blobs: tailwindcss_oxide::scanner: exit
2026-02-08T11:30:44.080650Z  INFO extract_candidates:read_all_files: tailwindcss_oxide::scanner: enter
2026-02-08T11:30:44.080654Z  INFO extract_candidates:read_all_files: tailwindcss_oxide::scanner: Reading 1 file(s)
2026-02-08T11:30:44.080847Z  INFO extract_candidates:read_all_files: tailwindcss_oxide::scanner: Reading "C:\\dev\\devtalk\\app\\globals.css"
2026-02-08T11:30:44.080860Z  INFO extract_candidates:read_all_files: tailwindcss_oxide::scanner: exit
2026-02-08T11:30:44.080872Z  INFO extract_candidates:extract_css_variables: tailwindcss_oxide::scanner: enter
2026-02-08T11:30:44.080877Z  INFO extract_candidates:extract_css_variables:extract: tailwindcss_oxide::scanner: enter
2026-02-08T11:30:44.081006Z  INFO extract_candidates:extract_css_variables:extract: tailwindcss_oxide::scanner: exit
2026-02-08T11:30:44.081027Z  INFO extract_candidates:extract_css_variables: tailwindcss_oxide::scanner: exit
2026-02-08T11:30:44.082063Z  INFO extract_candidates: tailwindcss_oxide::scanner: exit
2026-02-08T11:30:44.083098Z  INFO get_files: tailwindcss_oxide::scanner: enter
2026-02-08T11:30:44.083115Z  INFO get_files:scan_sources: tailwindcss_oxide::scanner: enter
2026-02-08T11:30:44.084465Z  INFO get_files:scan_sources: tailwindcss_oxide::scanner: Discovering "C:\\dev\\devtalk\\.github"
2026-02-08T11:30:44.084677Z  INFO get_files:scan_sources: tailwindcss_oxide::scanner: Discovering "C:\\dev\\devtalk\\.github\\workflows"
2026-02-08T11:30:44.085077Z  INFO get_files:scan_sources: tailwindcss_oxide::scanner: Discovering "C:\\dev\\devtalk\\app"
2026-02-08T11:30:44.085244Z  INFO get_files:scan_sources: tailwindcss_oxide::scanner: Discovering "C:\\dev\\devtalk\\app\\actions"
2026-02-08T11:30:44.085492Z  INFO get_files:scan_sources: tailwindcss_oxide::scanner: Discovering "C:\\dev\\devtalk\\app\\api"
2026-02-08T11:30:44.085667Z  INFO get_files:scan_sources: tailwindcss_oxide::scanner: Discovering "C:\\dev\\devtalk\\app\\api\\events"
2026-02-08T11:30:44.085891Z  INFO get_files:scan_sources: tailwindcss_oxide::scanner: Discovering "C:\\dev\\devtalk\\app\\api\\memes"
2026-02-08T11:30:44.086125Z  INFO get_files:scan_sources: tailwindcss_oxide::scanner: Discovering "C:\\dev\\devtalk\\app\\api\\podcasts"
2026-02-08T11:30:44.086537Z  INFO get_files:scan_sources: tailwindcss_oxide::scanner: Discovering "C:\\dev\\devtalk\\app\\events"
2026-02-08T11:30:44.086802Z  INFO get_files:scan_sources: tailwindcss_oxide::scanner: Discovering "C:\\dev\\devtalk\\app\\events\\_components"
2026-02-08T11:30:44.087286Z  INFO get_files:scan_sources: tailwindcss_oxide::scanner: Discovering "C:\\dev\\devtalk\\app\\lobbies"
2026-02-08T11:30:44.087501Z  INFO get_files:scan_sources: tailwindcss_oxide::scanner: Discovering "C:\\dev\\devtalk\\app\\lobbies\\[id]"
2026-02-08T11:30:44.087771Z  INFO get_files:scan_sources: tailwindcss_oxide::scanner: Discovering "C:\\dev\\devtalk\\app\\lobbies\\[id]\\_components"
2026-02-08T11:30:44.088050Z  INFO get_files:scan_sources: tailwindcss_oxide::scanner: Discovering "C:\\dev\\devtalk\\app\\lobbies\\_components"
2026-02-08T11:30:44.088317Z  INFO get_files:scan_sources: tailwindcss_oxide::scanner: Discovering "C:\\dev\\devtalk\\app\\memes"
2026-02-08T11:30:44.088512Z  INFO get_files:scan_sources: tailwindcss_oxide::scanner: Discovering "C:\\dev\\devtalk\\app\\memes\\_components"
2026-02-08T11:30:44.088971Z  INFO get_files:scan_sources: tailwindcss_oxide::scanner: Discovering "C:\\dev\\devtalk\\app\\podcasts"
2026-02-08T11:30:44.089195Z  INFO get_files:scan_sources: tailwindcss_oxide::scanner: Discovering "C:\\dev\\devtalk\\app\\podcasts\\_components"
2026-02-08T11:30:44.089533Z  INFO get_files:scan_sources: tailwindcss_oxide::scanner: Discovering "C:\\dev\\devtalk\\app\\profile"
2026-02-08T11:30:44.089764Z  INFO get_files:scan_sources: tailwindcss_oxide::scanner: Discovering "C:\\dev\\devtalk\\app\\profile\\_components"
2026-02-08T11:30:44.090143Z  INFO get_files:scan_sources: tailwindcss_oxide::scanner: Discovering "C:\\dev\\devtalk\\components"
2026-02-08T11:30:44.090361Z  INFO get_files:scan_sources: tailwindcss_oxide::scanner: Discovering "C:\\dev\\devtalk\\components\\ui"
2026-02-08T11:30:44.091036Z  INFO get_files:scan_sources: tailwindcss_oxide::scanner: Discovering "C:\\dev\\devtalk\\lib"
2026-02-08T11:30:44.091586Z  INFO get_files:scan_sources: tailwindcss_oxide::scanner: Discovering "C:\\dev\\devtalk\\prisma"
2026-02-08T11:30:44.091843Z  INFO get_files:scan_sources: tailwindcss_oxide::scanner: Discovering "C:\\dev\\devtalk\\prisma\\client"
2026-02-08T11:30:44.092409Z  INFO get_files:scan_sources: tailwindcss_oxide::scanner: Discovering "C:\\dev\\devtalk\\prisma\\client\\runtime"
2026-02-08T11:30:44.093034Z  INFO get_files:scan_sources: tailwindcss_oxide::scanner: Discovering "C:\\dev\\devtalk\\public"
2026-02-08T11:30:44.093590Z  INFO get_files:scan_sources: tailwindcss_oxide::scanner: exit
2026-02-08T11:30:44.093770Z  INFO get_files: tailwindcss_oxide::scanner: exit
2026-02-08T11:30:44.094287Z  INFO get_globs: tailwindcss_oxide::scanner: enter
2026-02-08T11:30:44.094297Z  INFO get_globs:scan_sources: tailwindcss_oxide::scanner: enter
2026-02-08T11:30:44.095581Z  INFO get_globs:scan_sources: tailwindcss_oxide::scanner: Discovering "C:\\dev\\devtalk\\.github"
2026-02-08T11:30:44.095789Z  INFO get_globs:scan_sources: tailwindcss_oxide::scanner: Discovering "C:\\dev\\devtalk\\.github\\workflows"
2026-02-08T11:30:44.096179Z  INFO get_globs:scan_sources: tailwindcss_oxide::scanner: Discovering "C:\\dev\\devtalk\\app"
2026-02-08T11:30:44.096351Z  INFO get_globs:scan_sources: tailwindcss_oxide::scanner: Discovering "C:\\dev\\devtalk\\app\\actions"
2026-02-08T11:30:44.096597Z  INFO get_globs:scan_sources: tailwindcss_oxide::scanner: Discovering "C:\\dev\\devtalk\\app\\api"
2026-02-08T11:30:44.096764Z  INFO get_globs:scan_sources: tailwindcss_oxide::scanner: Discovering "C:\\dev\\devtalk\\app\\api\\events"
2026-02-08T11:30:44.096983Z  INFO get_globs:scan_sources: tailwindcss_oxide::scanner: Discovering "C:\\dev\\devtalk\\app\\api\\memes"
2026-02-08T11:30:44.097208Z  INFO get_globs:scan_sources: tailwindcss_oxide::scanner: Discovering "C:\\dev\\devtalk\\app\\api\\podcasts"
2026-02-08T11:30:44.097475Z  INFO get_globs:scan_sources: tailwindcss_oxide::scanner: Discovering "C:\\dev\\devtalk\\app\\events"
2026-02-08T11:30:44.097683Z  INFO get_globs:scan_sources: tailwindcss_oxide::scanner: Discovering "C:\\dev\\devtalk\\app\\events\\_components"
2026-02-08T11:30:44.098073Z  INFO get_globs:scan_sources: tailwindcss_oxide::scanner: Discovering "C:\\dev\\devtalk\\app\\lobbies"
2026-02-08T11:30:44.098285Z  INFO get_globs:scan_sources: tailwindcss_oxide::scanner: Discovering "C:\\dev\\devtalk\\app\\lobbies\\[id]"
2026-02-08T11:30:44.098507Z  INFO get_globs:scan_sources: tailwindcss_oxide::scanner: Discovering "C:\\dev\\devtalk\\app\\lobbies\\[id]\\_components"
2026-02-08T11:30:44.098747Z  INFO get_globs:scan_sources: tailwindcss_oxide::scanner: Discovering "C:\\dev\\devtalk\\app\\lobbies\\_components"
2026-02-08T11:30:44.099035Z  INFO get_globs:scan_sources: tailwindcss_oxide::scanner: Discovering "C:\\dev\\devtalk\\app\\memes"
2026-02-08T11:30:44.099346Z  INFO get_globs:scan_sources: tailwindcss_oxide::scanner: Discovering "C:\\dev\\devtalk\\app\\memes\\_components"
2026-02-08T11:30:44.099744Z  INFO get_globs:scan_sources: tailwindcss_oxide::scanner: Discovering "C:\\dev\\devtalk\\app\\podcasts"
2026-02-08T11:30:44.099945Z  INFO get_globs:scan_sources: tailwindcss_oxide::scanner: Discovering "C:\\dev\\devtalk\\app\\podcasts\\_components"
2026-02-08T11:30:44.100219Z  INFO get_globs:scan_sources: tailwindcss_oxide::scanner: Discovering "C:\\dev\\devtalk\\app\\profile"
2026-02-08T11:30:44.100417Z  INFO get_globs:scan_sources: tailwindcss_oxide::scanner: Discovering "C:\\dev\\devtalk\\app\\profile\\_components"
2026-02-08T11:30:44.100703Z  INFO get_globs:scan_sources: tailwindcss_oxide::scanner: Discovering "C:\\dev\\devtalk\\components"
2026-02-08T11:30:44.100909Z  INFO get_globs:scan_sources: tailwindcss_oxide::scanner: Discovering "C:\\dev\\devtalk\\components\\ui"
2026-02-08T11:30:44.101640Z  INFO get_globs:scan_sources: tailwindcss_oxide::scanner: Discovering "C:\\dev\\devtalk\\lib"
2026-02-08T11:30:44.102178Z  INFO get_globs:scan_sources: tailwindcss_oxide::scanner: Discovering "C:\\dev\\devtalk\\prisma"
2026-02-08T11:30:44.102412Z  INFO get_globs:scan_sources: tailwindcss_oxide::scanner: Discovering "C:\\dev\\devtalk\\prisma\\client"
2026-02-08T11:30:44.103067Z  INFO get_globs:scan_sources: tailwindcss_oxide::scanner: Discovering "C:\\dev\\devtalk\\prisma\\client\\runtime"
2026-02-08T11:30:44.103611Z  INFO get_globs:scan_sources: tailwindcss_oxide::scanner: Discovering "C:\\dev\\devtalk\\public"
2026-02-08T11:30:44.104067Z  INFO get_globs:scan_sources: tailwindcss_oxide::scanner: exit
2026-02-08T11:30:44.111585Z  INFO get_globs: tailwindcss_oxide::scanner: exit
